#
# There is insufficient memory for the Java Runtime Environment to continue.
# Native memory allocation (malloc) failed to allocate 1755536 bytes for Chunk::new
# Possible reasons:
#   The system is out of physical RAM or swap space
#   The process is running with CompressedOops enabled, and the Java Heap may be blocking the growth of the native heap
# Possible solutions:
#   Reduce memory load on the system
#   Increase physical memory or swap space
#   Check if swap backing store is full
#   Decrease Java heap size (-Xmx/-Xms)
#   Decrease number of Java threads
#   Decrease Java thread stack sizes (-Xss)
#   Set larger code cache with -XX:ReservedCodeCacheSize=
#   JVM is running with Unscaled Compressed Oops mode in which the Java heap is
#     placed in the first 4GB address space. The Java Heap base address is the
#     maximum limit for the native heap growth. Please use -XX:HeapBaseMinAddress
#     to set the Java Heap base and to place the Java Heap above 4GB virtual address.
# This output file may be truncated or incomplete.
#
#  Out of Memory Error (arena.cpp:189), pid=20880, tid=16988
#
# JRE version: OpenJDK Runtime Environment (17.0+35) (build 17+35-2724)
# Java VM: OpenJDK 64-Bit Server VM (17+35-2724, mixed mode, sharing, tiered, compressed oops, compressed class ptrs, g1 gc, windows-amd64)
# No core dump will be written. Minidumps are not enabled by default on client versions of Windows
#

---------------  S U M M A R Y ------------

Command Line: --add-opens=java.base/java.util=ALL-UNNAMED --add-opens=java.base/java.lang=ALL-UNNAMED --add-opens=java.base/java.lang.invoke=ALL-UNNAMED --add-opens=java.prefs/java.util.prefs=ALL-UNNAMED --add-opens=java.base/java.nio.charset=ALL-UNNAMED --add-opens=java.base/java.net=ALL-UNNAMED --add-opens=java.base/java.util.concurrent.atomic=ALL-UNNAMED -XX:MaxMetaspaceSize=384m -XX:+HeapDumpOnOutOfMemoryError -Xms256m -Xmx512m -Dfile.encoding=x-windows-949 -Duser.country=KR -Duser.language=ko -Duser.variant -javaagent:C:\Users\qorhk\.gradle\wrapper\dists\gradle-8.7-bin\bhs2wmbdwecv87pi65oeuq5iu\gradle-8.7\lib\agents\gradle-instrumentation-agent-8.7.jar org.gradle.launcher.daemon.bootstrap.GradleDaemon 8.7

Host: Intel(R) Core(TM) i5-8265U CPU @ 1.60GHz, 8 cores, 11G,  Windows 10 , 64 bit Build 22621 (10.0.22621.3527)
Time: Wed Jun 12 16:42:36 2024  Windows 10 , 64 bit Build 22621 (10.0.22621.3527) elapsed time: 11.783977 seconds (0d 0h 0m 11s)

---------------  T H R E A D  ---------------

Current thread (0x000001ec4afb84b0):  JavaThread "C2 CompilerThread0" daemon [_thread_in_native, id=16988, stack(0x000000e6a0c00000,0x000000e6a0d00000)]


Current CompileTask:
C2:  11784 2338       4       java.net.URLClassLoader$1::run (5 bytes)

Stack: [0x000000e6a0c00000,0x000000e6a0d00000]
Native frames: (J=compiled Java code, j=interpreted, Vv=VM code, C=native code)
V  [jvm.dll+0x66f8ea]
V  [jvm.dll+0x7ce224]
V  [jvm.dll+0x7cf9ce]
V  [jvm.dll+0x7d0033]
V  [jvm.dll+0x242bb5]
V  [jvm.dll+0xaa05b]
V  [jvm.dll+0xaa5ec]
V  [jvm.dll+0x35f9a2]
V  [jvm.dll+0x329f61]
V  [jvm.dll+0x32940a]
V  [jvm.dll+0x215ca1]
V  [jvm.dll+0x2150c1]
V  [jvm.dll+0x1a168d]
V  [jvm.dll+0x2248f8]
V  [jvm.dll+0x222a5c]
V  [jvm.dll+0x78422b]
V  [jvm.dll+0x77e7ea]
V  [jvm.dll+0x66e715]
C  [ucrtbase.dll+0x29333]
C  [KERNEL32.DLL+0x1257d]
C  [ntdll.dll+0x5aa48]


---------------  P R O C E S S  ---------------

Threads class SMR info:
_java_thread_list=0x000001ec4d85d920, length=25, elements={
0x000001ec30713f10, 0x000001ec4af847e0, 0x000001ec4af87660, 0x000001ec4afa5e70,
0x000001ec4afa6830, 0x000001ec4afa73e0, 0x000001ec4afb3ec0, 0x000001ec4afb84b0,
0x000001ec4afb8ea0, 0x000001ec4afbd490, 0x000001ec4b8f3000, 0x000001ec4b9eb1e0,
0x000001ec4b857080, 0x000001ec4c7082e0, 0x000001ec4cfb39d0, 0x000001ec4d2ac750,
0x000001ec4cff1070, 0x000001ec4d2d31e0, 0x000001ec4d276b80, 0x000001ec4d277050,
0x000001ec4d277520, 0x000001ec4d2766b0, 0x000001ec4d278860, 0x000001ec4d278d30,
0x000001ec4d275370
}

Java Threads: ( => current thread )
  0x000001ec30713f10 JavaThread "main" [_thread_blocked, id=13236, stack(0x000000e69ff00000,0x000000e6a0000000)]
  0x000001ec4af847e0 JavaThread "Reference Handler" daemon [_thread_blocked, id=3928, stack(0x000000e6a0600000,0x000000e6a0700000)]
  0x000001ec4af87660 JavaThread "Finalizer" daemon [_thread_blocked, id=14116, stack(0x000000e6a0700000,0x000000e6a0800000)]
  0x000001ec4afa5e70 JavaThread "Signal Dispatcher" daemon [_thread_blocked, id=20540, stack(0x000000e6a0800000,0x000000e6a0900000)]
  0x000001ec4afa6830 JavaThread "Attach Listener" daemon [_thread_blocked, id=18656, stack(0x000000e6a0900000,0x000000e6a0a00000)]
  0x000001ec4afa73e0 JavaThread "Service Thread" daemon [_thread_blocked, id=3516, stack(0x000000e6a0a00000,0x000000e6a0b00000)]
  0x000001ec4afb3ec0 JavaThread "Monitor Deflation Thread" daemon [_thread_blocked, id=14692, stack(0x000000e6a0b00000,0x000000e6a0c00000)]
=>0x000001ec4afb84b0 JavaThread "C2 CompilerThread0" daemon [_thread_in_native, id=16988, stack(0x000000e6a0c00000,0x000000e6a0d00000)]
  0x000001ec4afb8ea0 JavaThread "C1 CompilerThread0" daemon [_thread_blocked, id=7620, stack(0x000000e6a0d00000,0x000000e6a0e00000)]
  0x000001ec4afbd490 JavaThread "Sweeper thread" daemon [_thread_blocked, id=2568, stack(0x000000e6a0e00000,0x000000e6a0f00000)]
  0x000001ec4b8f3000 JavaThread "Common-Cleaner" daemon [_thread_blocked, id=18996, stack(0x000000e6a0f00000,0x000000e6a1000000)]
  0x000001ec4b9eb1e0 JavaThread "Notification Thread" daemon [_thread_blocked, id=14192, stack(0x000000e6a1000000,0x000000e6a1100000)]
  0x000001ec4b857080 JavaThread "Daemon health stats" [_thread_blocked, id=5244, stack(0x000000e6a1700000,0x000000e6a1800000)]
  0x000001ec4c7082e0 JavaThread "Incoming local TCP Connector on port 60503" [_thread_in_native, id=4256, stack(0x000000e6a1800000,0x000000e6a1900000)]
  0x000001ec4cfb39d0 JavaThread "Daemon periodic checks" [_thread_blocked, id=6112, stack(0x000000e6a1900000,0x000000e6a1a00000)]
  0x000001ec4d2ac750 JavaThread "Daemon" [_thread_blocked, id=468, stack(0x000000e6a1a00000,0x000000e6a1b00000)]
  0x000001ec4cff1070 JavaThread "Handler for socket connection from /127.0.0.1:60503 to /127.0.0.1:60507" [_thread_in_native, id=6584, stack(0x000000e6a1b00000,0x000000e6a1c00000)]
  0x000001ec4d2d31e0 JavaThread "Cancel handler" [_thread_blocked, id=8756, stack(0x000000e6a1c00000,0x000000e6a1d00000)]
  0x000001ec4d276b80 JavaThread "Daemon worker" [_thread_in_vm, id=15560, stack(0x000000e6a1d00000,0x000000e6a1e00000)]
  0x000001ec4d277050 JavaThread "Asynchronous log dispatcher for DefaultDaemonConnection: socket connection from /127.0.0.1:60503 to /127.0.0.1:60507" [_thread_blocked, id=19448, stack(0x000000e6a1e00000,0x000000e6a1f00000)]
  0x000001ec4d277520 JavaThread "Stdin handler" [_thread_blocked, id=20992, stack(0x000000e6a1f00000,0x000000e6a2000000)]
  0x000001ec4d2766b0 JavaThread "Daemon client event forwarder" [_thread_blocked, id=20592, stack(0x000000e6a2000000,0x000000e6a2100000)]
  0x000001ec4d278860 JavaThread "Cache worker for journal cache (C:\Users\qorhk\.gradle\caches\journal-1)" [_thread_blocked, id=5348, stack(0x000000e6a2100000,0x000000e6a2200000)]
  0x000001ec4d278d30 JavaThread "File lock request listener" [_thread_in_native, id=16576, stack(0x000000e6a2200000,0x000000e6a2300000)]
  0x000001ec4d275370 JavaThread "Cache worker for file hash cache (C:\Users\qorhk\.gradle\caches\8.7\fileHashes)" [_thread_blocked, id=2676, stack(0x000000e6a2300000,0x000000e6a2400000)]

Other Threads:
  0x000001ec4af7e020 VMThread "VM Thread" [stack: 0x000000e6a0500000,0x000000e6a0600000] [id=18252]
  0x000001ec30714d80 WatcherThread [stack: 0x000000e6a1100000,0x000000e6a1200000] [id=17952]
  0x000001ec3073e2b0 GCTaskThread "GC Thread#0" [stack: 0x000000e6a0000000,0x000000e6a0100000] [id=9084]
  0x000001ec4c187c80 GCTaskThread "GC Thread#1" [stack: 0x000000e6a1200000,0x000000e6a1300000] [id=21184]
  0x000001ec4c187f30 GCTaskThread "GC Thread#2" [stack: 0x000000e6a1300000,0x000000e6a1400000] [id=16560]
  0x000001ec4c3c11f0 GCTaskThread "GC Thread#3" [stack: 0x000000e6a1400000,0x000000e6a1500000] [id=5276]
  0x000001ec4c3c14a0 GCTaskThread "GC Thread#4" [stack: 0x000000e6a1500000,0x000000e6a1600000] [id=15516]
  0x000001ec4c3c1f60 GCTaskThread "GC Thread#5" [stack: 0x000000e6a1600000,0x000000e6a1700000] [id=10264]
  0x000001ec307431f0 ConcurrentGCThread "G1 Main Marker" [stack: 0x000000e6a0100000,0x000000e6a0200000] [id=13980]
  0x000001ec30743c00 ConcurrentGCThread "G1 Conc#0" [stack: 0x000000e6a0200000,0x000000e6a0300000] [id=5140]
  0x000001ec307de970 ConcurrentGCThread "G1 Refine#0" [stack: 0x000000e6a0300000,0x000000e6a0400000] [id=19132]
  0x000001ec4ae064e0 ConcurrentGCThread "G1 Service" [stack: 0x000000e6a0400000,0x000000e6a0500000] [id=16584]

Threads with active compile tasks:
C2 CompilerThread0    11829 2338       4       java.net.URLClassLoader$1::run (5 bytes)

VM state: not at safepoint (normal execution)

VM Mutex/Monitor currently owned by a thread: None

Heap address: 0x00000000e0000000, size: 512 MB, Compressed Oops mode: 32-bit

CDS archive(s) mapped at: [0x0000000800000000-0x0000000800bc0000-0x0000000800bc0000), size 12320768, SharedBaseAddress: 0x0000000800000000, ArchiveRelocationMode: 0.
Compressed class space mapped at: 0x0000000800c00000-0x0000000814000000, reserved size: 322961408
Narrow klass base: 0x0000000800000000, Narrow klass shift: 0, Narrow klass range: 0x100000000

GC Precious Log:
 CPUs: 8 total, 8 available
 Memory: 12101M
 Large Page Support: Disabled
 NUMA Support: Disabled
 Compressed Oops: Enabled (32-bit)
 Heap Region Size: 1M
 Heap Min Capacity: 256M
 Heap Initial Capacity: 256M
 Heap Max Capacity: 512M
 Pre-touch: Disabled
 Parallel Workers: 8
 Concurrent Workers: 2
 Concurrent Refinement Workers: 8
 Periodic GC: Disabled

Heap:
 garbage-first heap   total 262144K, used 106064K [0x00000000e0000000, 0x0000000100000000)
  region size 1024K, 94 young (96256K), 1 survivors (1024K)
 Metaspace       used 17063K, committed 17344K, reserved 331776K
  class space    used 2450K, committed 2560K, reserved 315392K

Heap Regions: E=young(eden), S=young(survivor), O=old, HS=humongous(starts), HC=humongous(continues), CS=collection set, F=free, OA=open archive, CA=closed archive, TAMS=top-at-mark-start (previous, next)
|   0|0x00000000e0000000, 0x00000000e0100000, 0x00000000e0100000|100%|HS|  |TAMS 0x00000000e0000000, 0x00000000e0000000| Complete 
|   1|0x00000000e0100000, 0x00000000e0200000, 0x00000000e0200000|100%|HC|  |TAMS 0x00000000e0100000, 0x00000000e0100000| Complete 
|   2|0x00000000e0200000, 0x00000000e0300000, 0x00000000e0300000|100%|HC|  |TAMS 0x00000000e0200000, 0x00000000e0200000| Complete 
|   3|0x00000000e0300000, 0x00000000e0400000, 0x00000000e0400000|100%|HC|  |TAMS 0x00000000e0300000, 0x00000000e0300000| Complete 
|   4|0x00000000e0400000, 0x00000000e0500000, 0x00000000e0500000|100%| O|  |TAMS 0x00000000e0400000, 0x00000000e0400000| Untracked 
|   5|0x00000000e0500000, 0x00000000e0600000, 0x00000000e0600000|100%| O|  |TAMS 0x00000000e0500000, 0x00000000e0500000| Untracked 
|   6|0x00000000e0600000, 0x00000000e0700000, 0x00000000e0700000|100%| O|  |TAMS 0x00000000e0600000, 0x00000000e0600000| Untracked 
|   7|0x00000000e0700000, 0x00000000e0800000, 0x00000000e0800000|100%| O|  |TAMS 0x00000000e0700000, 0x00000000e0700000| Untracked 
|   8|0x00000000e0800000, 0x00000000e0900000, 0x00000000e0900000|100%| O|  |TAMS 0x00000000e0800000, 0x00000000e0800000| Untracked 
|   9|0x00000000e0900000, 0x00000000e0a00000, 0x00000000e0a00000|100%| O|  |TAMS 0x00000000e0900000, 0x00000000e0900000| Untracked 
|  10|0x00000000e0a00000, 0x00000000e0acde00, 0x00000000e0b00000| 80%| O|  |TAMS 0x00000000e0a00000, 0x00000000e0a00000| Untracked 
|  11|0x00000000e0b00000, 0x00000000e0c00000, 0x00000000e0c00000|100%|HS|  |TAMS 0x00000000e0b00000, 0x00000000e0b00000| Complete 
|  12|0x00000000e0c00000, 0x00000000e0c00000, 0x00000000e0d00000|  0%| F|  |TAMS 0x00000000e0c00000, 0x00000000e0c00000| Untracked 
|  13|0x00000000e0d00000, 0x00000000e0d00000, 0x00000000e0e00000|  0%| F|  |TAMS 0x00000000e0d00000, 0x00000000e0d00000| Untracked 
|  14|0x00000000e0e00000, 0x00000000e0e00000, 0x00000000e0f00000|  0%| F|  |TAMS 0x00000000e0e00000, 0x00000000e0e00000| Untracked 
|  15|0x00000000e0f00000, 0x00000000e0f00000, 0x00000000e1000000|  0%| F|  |TAMS 0x00000000e0f00000, 0x00000000e0f00000| Untracked 
|  16|0x00000000e1000000, 0x00000000e1000000, 0x00000000e1100000|  0%| F|  |TAMS 0x00000000e1000000, 0x00000000e1000000| Untracked 
|  17|0x00000000e1100000, 0x00000000e1100000, 0x00000000e1200000|  0%| F|  |TAMS 0x00000000e1100000, 0x00000000e1100000| Untracked 
|  18|0x00000000e1200000, 0x00000000e1200000, 0x00000000e1300000|  0%| F|  |TAMS 0x00000000e1200000, 0x00000000e1200000| Untracked 
|  19|0x00000000e1300000, 0x00000000e1300000, 0x00000000e1400000|  0%| F|  |TAMS 0x00000000e1300000, 0x00000000e1300000| Untracked 
|  20|0x00000000e1400000, 0x00000000e1400000, 0x00000000e1500000|  0%| F|  |TAMS 0x00000000e1400000, 0x00000000e1400000| Untracked 
|  21|0x00000000e1500000, 0x00000000e1500000, 0x00000000e1600000|  0%| F|  |TAMS 0x00000000e1500000, 0x00000000e1500000| Untracked 
|  22|0x00000000e1600000, 0x00000000e1600000, 0x00000000e1700000|  0%| F|  |TAMS 0x00000000e1600000, 0x00000000e1600000| Untracked 
|  23|0x00000000e1700000, 0x00000000e1700000, 0x00000000e1800000|  0%| F|  |TAMS 0x00000000e1700000, 0x00000000e1700000| Untracked 
|  24|0x00000000e1800000, 0x00000000e1800000, 0x00000000e1900000|  0%| F|  |TAMS 0x00000000e1800000, 0x00000000e1800000| Untracked 
|  25|0x00000000e1900000, 0x00000000e1900000, 0x00000000e1a00000|  0%| F|  |TAMS 0x00000000e1900000, 0x00000000e1900000| Untracked 
|  26|0x00000000e1a00000, 0x00000000e1a00000, 0x00000000e1b00000|  0%| F|  |TAMS 0x00000000e1a00000, 0x00000000e1a00000| Untracked 
|  27|0x00000000e1b00000, 0x00000000e1b00000, 0x00000000e1c00000|  0%| F|  |TAMS 0x00000000e1b00000, 0x00000000e1b00000| Untracked 
|  28|0x00000000e1c00000, 0x00000000e1c00000, 0x00000000e1d00000|  0%| F|  |TAMS 0x00000000e1c00000, 0x00000000e1c00000| Untracked 
|  29|0x00000000e1d00000, 0x00000000e1d00000, 0x00000000e1e00000|  0%| F|  |TAMS 0x00000000e1d00000, 0x00000000e1d00000| Untracked 
|  30|0x00000000e1e00000, 0x00000000e1e00000, 0x00000000e1f00000|  0%| F|  |TAMS 0x00000000e1e00000, 0x00000000e1e00000| Untracked 
|  31|0x00000000e1f00000, 0x00000000e1f00000, 0x00000000e2000000|  0%| F|  |TAMS 0x00000000e1f00000, 0x00000000e1f00000| Untracked 
|  32|0x00000000e2000000, 0x00000000e2000000, 0x00000000e2100000|  0%| F|  |TAMS 0x00000000e2000000, 0x00000000e2000000| Untracked 
|  33|0x00000000e2100000, 0x00000000e2100000, 0x00000000e2200000|  0%| F|  |TAMS 0x00000000e2100000, 0x00000000e2100000| Untracked 
|  34|0x00000000e2200000, 0x00000000e2200000, 0x00000000e2300000|  0%| F|  |TAMS 0x00000000e2200000, 0x00000000e2200000| Untracked 
|  35|0x00000000e2300000, 0x00000000e2300000, 0x00000000e2400000|  0%| F|  |TAMS 0x00000000e2300000, 0x00000000e2300000| Untracked 
|  36|0x00000000e2400000, 0x00000000e2400000, 0x00000000e2500000|  0%| F|  |TAMS 0x00000000e2400000, 0x00000000e2400000| Untracked 
|  37|0x00000000e2500000, 0x00000000e2500000, 0x00000000e2600000|  0%| F|  |TAMS 0x00000000e2500000, 0x00000000e2500000| Untracked 
|  38|0x00000000e2600000, 0x00000000e2600000, 0x00000000e2700000|  0%| F|  |TAMS 0x00000000e2600000, 0x00000000e2600000| Untracked 
|  39|0x00000000e2700000, 0x00000000e2700000, 0x00000000e2800000|  0%| F|  |TAMS 0x00000000e2700000, 0x00000000e2700000| Untracked 
|  40|0x00000000e2800000, 0x00000000e2800000, 0x00000000e2900000|  0%| F|  |TAMS 0x00000000e2800000, 0x00000000e2800000| Untracked 
|  41|0x00000000e2900000, 0x00000000e2900000, 0x00000000e2a00000|  0%| F|  |TAMS 0x00000000e2900000, 0x00000000e2900000| Untracked 
|  42|0x00000000e2a00000, 0x00000000e2a00000, 0x00000000e2b00000|  0%| F|  |TAMS 0x00000000e2a00000, 0x00000000e2a00000| Untracked 
|  43|0x00000000e2b00000, 0x00000000e2b00000, 0x00000000e2c00000|  0%| F|  |TAMS 0x00000000e2b00000, 0x00000000e2b00000| Untracked 
|  44|0x00000000e2c00000, 0x00000000e2c00000, 0x00000000e2d00000|  0%| F|  |TAMS 0x00000000e2c00000, 0x00000000e2c00000| Untracked 
|  45|0x00000000e2d00000, 0x00000000e2d00000, 0x00000000e2e00000|  0%| F|  |TAMS 0x00000000e2d00000, 0x00000000e2d00000| Untracked 
|  46|0x00000000e2e00000, 0x00000000e2e00000, 0x00000000e2f00000|  0%| F|  |TAMS 0x00000000e2e00000, 0x00000000e2e00000| Untracked 
|  47|0x00000000e2f00000, 0x00000000e2f00000, 0x00000000e3000000|  0%| F|  |TAMS 0x00000000e2f00000, 0x00000000e2f00000| Untracked 
|  48|0x00000000e3000000, 0x00000000e3000000, 0x00000000e3100000|  0%| F|  |TAMS 0x00000000e3000000, 0x00000000e3000000| Untracked 
|  49|0x00000000e3100000, 0x00000000e3100000, 0x00000000e3200000|  0%| F|  |TAMS 0x00000000e3100000, 0x00000000e3100000| Untracked 
|  50|0x00000000e3200000, 0x00000000e3200000, 0x00000000e3300000|  0%| F|  |TAMS 0x00000000e3200000, 0x00000000e3200000| Untracked 
|  51|0x00000000e3300000, 0x00000000e3300000, 0x00000000e3400000|  0%| F|  |TAMS 0x00000000e3300000, 0x00000000e3300000| Untracked 
|  52|0x00000000e3400000, 0x00000000e3400000, 0x00000000e3500000|  0%| F|  |TAMS 0x00000000e3400000, 0x00000000e3400000| Untracked 
|  53|0x00000000e3500000, 0x00000000e3500000, 0x00000000e3600000|  0%| F|  |TAMS 0x00000000e3500000, 0x00000000e3500000| Untracked 
|  54|0x00000000e3600000, 0x00000000e3600000, 0x00000000e3700000|  0%| F|  |TAMS 0x00000000e3600000, 0x00000000e3600000| Untracked 
|  55|0x00000000e3700000, 0x00000000e3700000, 0x00000000e3800000|  0%| F|  |TAMS 0x00000000e3700000, 0x00000000e3700000| Untracked 
|  56|0x00000000e3800000, 0x00000000e3800000, 0x00000000e3900000|  0%| F|  |TAMS 0x00000000e3800000, 0x00000000e3800000| Untracked 
|  57|0x00000000e3900000, 0x00000000e3900000, 0x00000000e3a00000|  0%| F|  |TAMS 0x00000000e3900000, 0x00000000e3900000| Untracked 
|  58|0x00000000e3a00000, 0x00000000e3a00000, 0x00000000e3b00000|  0%| F|  |TAMS 0x00000000e3a00000, 0x00000000e3a00000| Untracked 
|  59|0x00000000e3b00000, 0x00000000e3b00000, 0x00000000e3c00000|  0%| F|  |TAMS 0x00000000e3b00000, 0x00000000e3b00000| Untracked 
|  60|0x00000000e3c00000, 0x00000000e3c00000, 0x00000000e3d00000|  0%| F|  |TAMS 0x00000000e3c00000, 0x00000000e3c00000| Untracked 
|  61|0x00000000e3d00000, 0x00000000e3d00000, 0x00000000e3e00000|  0%| F|  |TAMS 0x00000000e3d00000, 0x00000000e3d00000| Untracked 
|  62|0x00000000e3e00000, 0x00000000e3e00000, 0x00000000e3f00000|  0%| F|  |TAMS 0x00000000e3e00000, 0x00000000e3e00000| Untracked 
|  63|0x00000000e3f00000, 0x00000000e3f00000, 0x00000000e4000000|  0%| F|  |TAMS 0x00000000e3f00000, 0x00000000e3f00000| Untracked 
|  64|0x00000000e4000000, 0x00000000e4000000, 0x00000000e4100000|  0%| F|  |TAMS 0x00000000e4000000, 0x00000000e4000000| Untracked 
|  65|0x00000000e4100000, 0x00000000e4100000, 0x00000000e4200000|  0%| F|  |TAMS 0x00000000e4100000, 0x00000000e4100000| Untracked 
|  66|0x00000000e4200000, 0x00000000e4200000, 0x00000000e4300000|  0%| F|  |TAMS 0x00000000e4200000, 0x00000000e4200000| Untracked 
|  67|0x00000000e4300000, 0x00000000e4300000, 0x00000000e4400000|  0%| F|  |TAMS 0x00000000e4300000, 0x00000000e4300000| Untracked 
|  68|0x00000000e4400000, 0x00000000e4400000, 0x00000000e4500000|  0%| F|  |TAMS 0x00000000e4400000, 0x00000000e4400000| Untracked 
|  69|0x00000000e4500000, 0x00000000e4500000, 0x00000000e4600000|  0%| F|  |TAMS 0x00000000e4500000, 0x00000000e4500000| Untracked 
|  70|0x00000000e4600000, 0x00000000e4600000, 0x00000000e4700000|  0%| F|  |TAMS 0x00000000e4600000, 0x00000000e4600000| Untracked 
|  71|0x00000000e4700000, 0x00000000e4700000, 0x00000000e4800000|  0%| F|  |TAMS 0x00000000e4700000, 0x00000000e4700000| Untracked 
|  72|0x00000000e4800000, 0x00000000e4800000, 0x00000000e4900000|  0%| F|  |TAMS 0x00000000e4800000, 0x00000000e4800000| Untracked 
|  73|0x00000000e4900000, 0x00000000e4900000, 0x00000000e4a00000|  0%| F|  |TAMS 0x00000000e4900000, 0x00000000e4900000| Untracked 
|  74|0x00000000e4a00000, 0x00000000e4a00000, 0x00000000e4b00000|  0%| F|  |TAMS 0x00000000e4a00000, 0x00000000e4a00000| Untracked 
|  75|0x00000000e4b00000, 0x00000000e4b00000, 0x00000000e4c00000|  0%| F|  |TAMS 0x00000000e4b00000, 0x00000000e4b00000| Untracked 
|  76|0x00000000e4c00000, 0x00000000e4c00000, 0x00000000e4d00000|  0%| F|  |TAMS 0x00000000e4c00000, 0x00000000e4c00000| Untracked 
|  77|0x00000000e4d00000, 0x00000000e4d00000, 0x00000000e4e00000|  0%| F|  |TAMS 0x00000000e4d00000, 0x00000000e4d00000| Untracked 
|  78|0x00000000e4e00000, 0x00000000e4e00000, 0x00000000e4f00000|  0%| F|  |TAMS 0x00000000e4e00000, 0x00000000e4e00000| Untracked 
|  79|0x00000000e4f00000, 0x00000000e4f00000, 0x00000000e5000000|  0%| F|  |TAMS 0x00000000e4f00000, 0x00000000e4f00000| Untracked 
|  80|0x00000000e5000000, 0x00000000e5000000, 0x00000000e5100000|  0%| F|  |TAMS 0x00000000e5000000, 0x00000000e5000000| Untracked 
|  81|0x00000000e5100000, 0x00000000e5100000, 0x00000000e5200000|  0%| F|  |TAMS 0x00000000e5100000, 0x00000000e5100000| Untracked 
|  82|0x00000000e5200000, 0x00000000e5200000, 0x00000000e5300000|  0%| F|  |TAMS 0x00000000e5200000, 0x00000000e5200000| Untracked 
|  83|0x00000000e5300000, 0x00000000e5300000, 0x00000000e5400000|  0%| F|  |TAMS 0x00000000e5300000, 0x00000000e5300000| Untracked 
|  84|0x00000000e5400000, 0x00000000e5400000, 0x00000000e5500000|  0%| F|  |TAMS 0x00000000e5400000, 0x00000000e5400000| Untracked 
|  85|0x00000000e5500000, 0x00000000e5500000, 0x00000000e5600000|  0%| F|  |TAMS 0x00000000e5500000, 0x00000000e5500000| Untracked 
|  86|0x00000000e5600000, 0x00000000e5600000, 0x00000000e5700000|  0%| F|  |TAMS 0x00000000e5600000, 0x00000000e5600000| Untracked 
|  87|0x00000000e5700000, 0x00000000e5700000, 0x00000000e5800000|  0%| F|  |TAMS 0x00000000e5700000, 0x00000000e5700000| Untracked 
|  88|0x00000000e5800000, 0x00000000e5800000, 0x00000000e5900000|  0%| F|  |TAMS 0x00000000e5800000, 0x00000000e5800000| Untracked 
|  89|0x00000000e5900000, 0x00000000e5900000, 0x00000000e5a00000|  0%| F|  |TAMS 0x00000000e5900000, 0x00000000e5900000| Untracked 
|  90|0x00000000e5a00000, 0x00000000e5a00000, 0x00000000e5b00000|  0%| F|  |TAMS 0x00000000e5a00000, 0x00000000e5a00000| Untracked 
|  91|0x00000000e5b00000, 0x00000000e5b00000, 0x00000000e5c00000|  0%| F|  |TAMS 0x00000000e5b00000, 0x00000000e5b00000| Untracked 
|  92|0x00000000e5c00000, 0x00000000e5c00000, 0x00000000e5d00000|  0%| F|  |TAMS 0x00000000e5c00000, 0x00000000e5c00000| Untracked 
|  93|0x00000000e5d00000, 0x00000000e5d00000, 0x00000000e5e00000|  0%| F|  |TAMS 0x00000000e5d00000, 0x00000000e5d00000| Untracked 
|  94|0x00000000e5e00000, 0x00000000e5e00000, 0x00000000e5f00000|  0%| F|  |TAMS 0x00000000e5e00000, 0x00000000e5e00000| Untracked 
|  95|0x00000000e5f00000, 0x00000000e5f00000, 0x00000000e6000000|  0%| F|  |TAMS 0x00000000e5f00000, 0x00000000e5f00000| Untracked 
|  96|0x00000000e6000000, 0x00000000e6000000, 0x00000000e6100000|  0%| F|  |TAMS 0x00000000e6000000, 0x00000000e6000000| Untracked 
|  97|0x00000000e6100000, 0x00000000e6100000, 0x00000000e6200000|  0%| F|  |TAMS 0x00000000e6100000, 0x00000000e6100000| Untracked 
|  98|0x00000000e6200000, 0x00000000e6200000, 0x00000000e6300000|  0%| F|  |TAMS 0x00000000e6200000, 0x00000000e6200000| Untracked 
|  99|0x00000000e6300000, 0x00000000e6300000, 0x00000000e6400000|  0%| F|  |TAMS 0x00000000e6300000, 0x00000000e6300000| Untracked 
| 100|0x00000000e6400000, 0x00000000e6400000, 0x00000000e6500000|  0%| F|  |TAMS 0x00000000e6400000, 0x00000000e6400000| Untracked 
| 101|0x00000000e6500000, 0x00000000e6500000, 0x00000000e6600000|  0%| F|  |TAMS 0x00000000e6500000, 0x00000000e6500000| Untracked 
| 102|0x00000000e6600000, 0x00000000e6600000, 0x00000000e6700000|  0%| F|  |TAMS 0x00000000e6600000, 0x00000000e6600000| Untracked 
| 103|0x00000000e6700000, 0x00000000e6700000, 0x00000000e6800000|  0%| F|  |TAMS 0x00000000e6700000, 0x00000000e6700000| Untracked 
| 104|0x00000000e6800000, 0x00000000e6800000, 0x00000000e6900000|  0%| F|  |TAMS 0x00000000e6800000, 0x00000000e6800000| Untracked 
| 105|0x00000000e6900000, 0x00000000e6900000, 0x00000000e6a00000|  0%| F|  |TAMS 0x00000000e6900000, 0x00000000e6900000| Untracked 
| 106|0x00000000e6a00000, 0x00000000e6a00000, 0x00000000e6b00000|  0%| F|  |TAMS 0x00000000e6a00000, 0x00000000e6a00000| Untracked 
| 107|0x00000000e6b00000, 0x00000000e6b00000, 0x00000000e6c00000|  0%| F|  |TAMS 0x00000000e6b00000, 0x00000000e6b00000| Untracked 
| 108|0x00000000e6c00000, 0x00000000e6c00000, 0x00000000e6d00000|  0%| F|  |TAMS 0x00000000e6c00000, 0x00000000e6c00000| Untracked 
| 109|0x00000000e6d00000, 0x00000000e6d00000, 0x00000000e6e00000|  0%| F|  |TAMS 0x00000000e6d00000, 0x00000000e6d00000| Untracked 
| 110|0x00000000e6e00000, 0x00000000e6e00000, 0x00000000e6f00000|  0%| F|  |TAMS 0x00000000e6e00000, 0x00000000e6e00000| Untracked 
| 111|0x00000000e6f00000, 0x00000000e6f00000, 0x00000000e7000000|  0%| F|  |TAMS 0x00000000e6f00000, 0x00000000e6f00000| Untracked 
| 112|0x00000000e7000000, 0x00000000e7000000, 0x00000000e7100000|  0%| F|  |TAMS 0x00000000e7000000, 0x00000000e7000000| Untracked 
| 113|0x00000000e7100000, 0x00000000e7100000, 0x00000000e7200000|  0%| F|  |TAMS 0x00000000e7100000, 0x00000000e7100000| Untracked 
| 114|0x00000000e7200000, 0x00000000e7200000, 0x00000000e7300000|  0%| F|  |TAMS 0x00000000e7200000, 0x00000000e7200000| Untracked 
| 115|0x00000000e7300000, 0x00000000e7300000, 0x00000000e7400000|  0%| F|  |TAMS 0x00000000e7300000, 0x00000000e7300000| Untracked 
| 116|0x00000000e7400000, 0x00000000e7400000, 0x00000000e7500000|  0%| F|  |TAMS 0x00000000e7400000, 0x00000000e7400000| Untracked 
| 117|0x00000000e7500000, 0x00000000e7500000, 0x00000000e7600000|  0%| F|  |TAMS 0x00000000e7500000, 0x00000000e7500000| Untracked 
| 118|0x00000000e7600000, 0x00000000e7600000, 0x00000000e7700000|  0%| F|  |TAMS 0x00000000e7600000, 0x00000000e7600000| Untracked 
| 119|0x00000000e7700000, 0x00000000e7700000, 0x00000000e7800000|  0%| F|  |TAMS 0x00000000e7700000, 0x00000000e7700000| Untracked 
| 120|0x00000000e7800000, 0x00000000e7800000, 0x00000000e7900000|  0%| F|  |TAMS 0x00000000e7800000, 0x00000000e7800000| Untracked 
| 121|0x00000000e7900000, 0x00000000e7900000, 0x00000000e7a00000|  0%| F|  |TAMS 0x00000000e7900000, 0x00000000e7900000| Untracked 
| 122|0x00000000e7a00000, 0x00000000e7a00000, 0x00000000e7b00000|  0%| F|  |TAMS 0x00000000e7a00000, 0x00000000e7a00000| Untracked 
| 123|0x00000000e7b00000, 0x00000000e7b00000, 0x00000000e7c00000|  0%| F|  |TAMS 0x00000000e7b00000, 0x00000000e7b00000| Untracked 
| 124|0x00000000e7c00000, 0x00000000e7c00000, 0x00000000e7d00000|  0%| F|  |TAMS 0x00000000e7c00000, 0x00000000e7c00000| Untracked 
| 125|0x00000000e7d00000, 0x00000000e7d00000, 0x00000000e7e00000|  0%| F|  |TAMS 0x00000000e7d00000, 0x00000000e7d00000| Untracked 
| 126|0x00000000e7e00000, 0x00000000e7e00000, 0x00000000e7f00000|  0%| F|  |TAMS 0x00000000e7e00000, 0x00000000e7e00000| Untracked 
| 127|0x00000000e7f00000, 0x00000000e7f00000, 0x00000000e8000000|  0%| F|  |TAMS 0x00000000e7f00000, 0x00000000e7f00000| Untracked 
| 128|0x00000000e8000000, 0x00000000e8000000, 0x00000000e8100000|  0%| F|  |TAMS 0x00000000e8000000, 0x00000000e8000000| Untracked 
| 129|0x00000000e8100000, 0x00000000e8100000, 0x00000000e8200000|  0%| F|  |TAMS 0x00000000e8100000, 0x00000000e8100000| Untracked 
| 130|0x00000000e8200000, 0x00000000e8200000, 0x00000000e8300000|  0%| F|  |TAMS 0x00000000e8200000, 0x00000000e8200000| Untracked 
| 131|0x00000000e8300000, 0x00000000e8300000, 0x00000000e8400000|  0%| F|  |TAMS 0x00000000e8300000, 0x00000000e8300000| Untracked 
| 132|0x00000000e8400000, 0x00000000e8400000, 0x00000000e8500000|  0%| F|  |TAMS 0x00000000e8400000, 0x00000000e8400000| Untracked 
| 133|0x00000000e8500000, 0x00000000e8500000, 0x00000000e8600000|  0%| F|  |TAMS 0x00000000e8500000, 0x00000000e8500000| Untracked 
| 134|0x00000000e8600000, 0x00000000e8600000, 0x00000000e8700000|  0%| F|  |TAMS 0x00000000e8600000, 0x00000000e8600000| Untracked 
| 135|0x00000000e8700000, 0x00000000e8700000, 0x00000000e8800000|  0%| F|  |TAMS 0x00000000e8700000, 0x00000000e8700000| Untracked 
| 136|0x00000000e8800000, 0x00000000e8800000, 0x00000000e8900000|  0%| F|  |TAMS 0x00000000e8800000, 0x00000000e8800000| Untracked 
| 137|0x00000000e8900000, 0x00000000e8900000, 0x00000000e8a00000|  0%| F|  |TAMS 0x00000000e8900000, 0x00000000e8900000| Untracked 
| 138|0x00000000e8a00000, 0x00000000e8a00000, 0x00000000e8b00000|  0%| F|  |TAMS 0x00000000e8a00000, 0x00000000e8a00000| Untracked 
| 139|0x00000000e8b00000, 0x00000000e8b00000, 0x00000000e8c00000|  0%| F|  |TAMS 0x00000000e8b00000, 0x00000000e8b00000| Untracked 
| 140|0x00000000e8c00000, 0x00000000e8c00000, 0x00000000e8d00000|  0%| F|  |TAMS 0x00000000e8c00000, 0x00000000e8c00000| Untracked 
| 141|0x00000000e8d00000, 0x00000000e8d00000, 0x00000000e8e00000|  0%| F|  |TAMS 0x00000000e8d00000, 0x00000000e8d00000| Untracked 
| 142|0x00000000e8e00000, 0x00000000e8e00000, 0x00000000e8f00000|  0%| F|  |TAMS 0x00000000e8e00000, 0x00000000e8e00000| Untracked 
| 143|0x00000000e8f00000, 0x00000000e8f00000, 0x00000000e9000000|  0%| F|  |TAMS 0x00000000e8f00000, 0x00000000e8f00000| Untracked 
| 144|0x00000000e9000000, 0x00000000e9000000, 0x00000000e9100000|  0%| F|  |TAMS 0x00000000e9000000, 0x00000000e9000000| Untracked 
| 145|0x00000000e9100000, 0x00000000e9100000, 0x00000000e9200000|  0%| F|  |TAMS 0x00000000e9100000, 0x00000000e9100000| Untracked 
| 146|0x00000000e9200000, 0x00000000e9200000, 0x00000000e9300000|  0%| F|  |TAMS 0x00000000e9200000, 0x00000000e9200000| Untracked 
| 147|0x00000000e9300000, 0x00000000e9300000, 0x00000000e9400000|  0%| F|  |TAMS 0x00000000e9300000, 0x00000000e9300000| Untracked 
| 148|0x00000000e9400000, 0x00000000e9400000, 0x00000000e9500000|  0%| F|  |TAMS 0x00000000e9400000, 0x00000000e9400000| Untracked 
| 149|0x00000000e9500000, 0x00000000e9500000, 0x00000000e9600000|  0%| F|  |TAMS 0x00000000e9500000, 0x00000000e9500000| Untracked 
| 150|0x00000000e9600000, 0x00000000e9600000, 0x00000000e9700000|  0%| F|  |TAMS 0x00000000e9600000, 0x00000000e9600000| Untracked 
| 151|0x00000000e9700000, 0x00000000e9700000, 0x00000000e9800000|  0%| F|  |TAMS 0x00000000e9700000, 0x00000000e9700000| Untracked 
| 152|0x00000000e9800000, 0x00000000e9800000, 0x00000000e9900000|  0%| F|  |TAMS 0x00000000e9800000, 0x00000000e9800000| Untracked 
| 153|0x00000000e9900000, 0x00000000e9900000, 0x00000000e9a00000|  0%| F|  |TAMS 0x00000000e9900000, 0x00000000e9900000| Untracked 
| 154|0x00000000e9a00000, 0x00000000e9a00000, 0x00000000e9b00000|  0%| F|  |TAMS 0x00000000e9a00000, 0x00000000e9a00000| Untracked 
| 155|0x00000000e9b00000, 0x00000000e9b00000, 0x00000000e9c00000|  0%| F|  |TAMS 0x00000000e9b00000, 0x00000000e9b00000| Untracked 
| 156|0x00000000e9c00000, 0x00000000e9c00000, 0x00000000e9d00000|  0%| F|  |TAMS 0x00000000e9c00000, 0x00000000e9c00000| Untracked 
| 157|0x00000000e9d00000, 0x00000000e9d00000, 0x00000000e9e00000|  0%| F|  |TAMS 0x00000000e9d00000, 0x00000000e9d00000| Untracked 
| 158|0x00000000e9e00000, 0x00000000e9e00000, 0x00000000e9f00000|  0%| F|  |TAMS 0x00000000e9e00000, 0x00000000e9e00000| Untracked 
| 159|0x00000000e9f00000, 0x00000000e9f00000, 0x00000000ea000000|  0%| F|  |TAMS 0x00000000e9f00000, 0x00000000e9f00000| Untracked 
| 160|0x00000000ea000000, 0x00000000ea000000, 0x00000000ea100000|  0%| F|  |TAMS 0x00000000ea000000, 0x00000000ea000000| Untracked 
| 161|0x00000000ea100000, 0x00000000ea100000, 0x00000000ea200000|  0%| F|  |TAMS 0x00000000ea100000, 0x00000000ea100000| Untracked 
| 162|0x00000000ea200000, 0x00000000ea300000, 0x00000000ea300000|100%| E|  |TAMS 0x00000000ea200000, 0x00000000ea200000| Complete 
| 163|0x00000000ea300000, 0x00000000ea400000, 0x00000000ea400000|100%| E|CS|TAMS 0x00000000ea300000, 0x00000000ea300000| Complete 
| 164|0x00000000ea400000, 0x00000000ea500000, 0x00000000ea500000|100%| E|CS|TAMS 0x00000000ea400000, 0x00000000ea400000| Complete 
| 165|0x00000000ea500000, 0x00000000ea600000, 0x00000000ea600000|100%| E|CS|TAMS 0x00000000ea500000, 0x00000000ea500000| Complete 
| 166|0x00000000ea600000, 0x00000000ea700000, 0x00000000ea700000|100%| E|CS|TAMS 0x00000000ea600000, 0x00000000ea600000| Complete 
| 167|0x00000000ea700000, 0x00000000ea800000, 0x00000000ea800000|100%| E|CS|TAMS 0x00000000ea700000, 0x00000000ea700000| Complete 
| 168|0x00000000ea800000, 0x00000000ea900000, 0x00000000ea900000|100%| E|CS|TAMS 0x00000000ea800000, 0x00000000ea800000| Complete 
| 169|0x00000000ea900000, 0x00000000eaa00000, 0x00000000eaa00000|100%| E|CS|TAMS 0x00000000ea900000, 0x00000000ea900000| Complete 
| 170|0x00000000eaa00000, 0x00000000eab00000, 0x00000000eab00000|100%| E|CS|TAMS 0x00000000eaa00000, 0x00000000eaa00000| Complete 
| 171|0x00000000eab00000, 0x00000000eac00000, 0x00000000eac00000|100%| E|CS|TAMS 0x00000000eab00000, 0x00000000eab00000| Complete 
| 172|0x00000000eac00000, 0x00000000ead00000, 0x00000000ead00000|100%| E|CS|TAMS 0x00000000eac00000, 0x00000000eac00000| Complete 
| 173|0x00000000ead00000, 0x00000000eae00000, 0x00000000eae00000|100%| E|CS|TAMS 0x00000000ead00000, 0x00000000ead00000| Complete 
| 174|0x00000000eae00000, 0x00000000eaf00000, 0x00000000eaf00000|100%| E|CS|TAMS 0x00000000eae00000, 0x00000000eae00000| Complete 
| 175|0x00000000eaf00000, 0x00000000eb000000, 0x00000000eb000000|100%| E|CS|TAMS 0x00000000eaf00000, 0x00000000eaf00000| Complete 
| 176|0x00000000eb000000, 0x00000000eb100000, 0x00000000eb100000|100%| E|CS|TAMS 0x00000000eb000000, 0x00000000eb000000| Complete 
| 177|0x00000000eb100000, 0x00000000eb200000, 0x00000000eb200000|100%| E|CS|TAMS 0x00000000eb100000, 0x00000000eb100000| Complete 
| 178|0x00000000eb200000, 0x00000000eb300000, 0x00000000eb300000|100%| E|CS|TAMS 0x00000000eb200000, 0x00000000eb200000| Complete 
| 179|0x00000000eb300000, 0x00000000eb400000, 0x00000000eb400000|100%| E|CS|TAMS 0x00000000eb300000, 0x00000000eb300000| Complete 
| 180|0x00000000eb400000, 0x00000000eb500000, 0x00000000eb500000|100%| E|CS|TAMS 0x00000000eb400000, 0x00000000eb400000| Complete 
| 181|0x00000000eb500000, 0x00000000eb600000, 0x00000000eb600000|100%| E|CS|TAMS 0x00000000eb500000, 0x00000000eb500000| Complete 
| 182|0x00000000eb600000, 0x00000000eb700000, 0x00000000eb700000|100%| E|CS|TAMS 0x00000000eb600000, 0x00000000eb600000| Complete 
| 183|0x00000000eb700000, 0x00000000eb800000, 0x00000000eb800000|100%| E|CS|TAMS 0x00000000eb700000, 0x00000000eb700000| Complete 
| 184|0x00000000eb800000, 0x00000000eb900000, 0x00000000eb900000|100%| E|CS|TAMS 0x00000000eb800000, 0x00000000eb800000| Complete 
| 185|0x00000000eb900000, 0x00000000eba00000, 0x00000000eba00000|100%| E|CS|TAMS 0x00000000eb900000, 0x00000000eb900000| Complete 
| 186|0x00000000eba00000, 0x00000000ebb00000, 0x00000000ebb00000|100%| E|CS|TAMS 0x00000000eba00000, 0x00000000eba00000| Complete 
| 187|0x00000000ebb00000, 0x00000000ebc00000, 0x00000000ebc00000|100%| E|CS|TAMS 0x00000000ebb00000, 0x00000000ebb00000| Complete 
| 188|0x00000000ebc00000, 0x00000000ebd00000, 0x00000000ebd00000|100%| E|CS|TAMS 0x00000000ebc00000, 0x00000000ebc00000| Complete 
| 189|0x00000000ebd00000, 0x00000000ebe00000, 0x00000000ebe00000|100%| E|CS|TAMS 0x00000000ebd00000, 0x00000000ebd00000| Complete 
| 190|0x00000000ebe00000, 0x00000000ebf00000, 0x00000000ebf00000|100%| E|CS|TAMS 0x00000000ebe00000, 0x00000000ebe00000| Complete 
| 191|0x00000000ebf00000, 0x00000000ec000000, 0x00000000ec000000|100%| E|CS|TAMS 0x00000000ebf00000, 0x00000000ebf00000| Complete 
| 192|0x00000000ec000000, 0x00000000ec100000, 0x00000000ec100000|100%| E|CS|TAMS 0x00000000ec000000, 0x00000000ec000000| Complete 
| 193|0x00000000ec100000, 0x00000000ec200000, 0x00000000ec200000|100%| E|CS|TAMS 0x00000000ec100000, 0x00000000ec100000| Complete 
| 194|0x00000000ec200000, 0x00000000ec300000, 0x00000000ec300000|100%| E|CS|TAMS 0x00000000ec200000, 0x00000000ec200000| Complete 
| 195|0x00000000ec300000, 0x00000000ec400000, 0x00000000ec400000|100%| E|CS|TAMS 0x00000000ec300000, 0x00000000ec300000| Complete 
| 196|0x00000000ec400000, 0x00000000ec500000, 0x00000000ec500000|100%| E|CS|TAMS 0x00000000ec400000, 0x00000000ec400000| Complete 
| 197|0x00000000ec500000, 0x00000000ec600000, 0x00000000ec600000|100%| E|CS|TAMS 0x00000000ec500000, 0x00000000ec500000| Complete 
| 198|0x00000000ec600000, 0x00000000ec700000, 0x00000000ec700000|100%| E|CS|TAMS 0x00000000ec600000, 0x00000000ec600000| Complete 
| 199|0x00000000ec700000, 0x00000000ec800000, 0x00000000ec800000|100%| E|CS|TAMS 0x00000000ec700000, 0x00000000ec700000| Complete 
| 200|0x00000000ec800000, 0x00000000ec900000, 0x00000000ec900000|100%| E|CS|TAMS 0x00000000ec800000, 0x00000000ec800000| Complete 
| 201|0x00000000ec900000, 0x00000000eca00000, 0x00000000eca00000|100%| E|CS|TAMS 0x00000000ec900000, 0x00000000ec900000| Complete 
| 202|0x00000000eca00000, 0x00000000ecb00000, 0x00000000ecb00000|100%| E|CS|TAMS 0x00000000eca00000, 0x00000000eca00000| Complete 
| 203|0x00000000ecb00000, 0x00000000ecc00000, 0x00000000ecc00000|100%| E|CS|TAMS 0x00000000ecb00000, 0x00000000ecb00000| Complete 
| 204|0x00000000ecc00000, 0x00000000ecd00000, 0x00000000ecd00000|100%| E|CS|TAMS 0x00000000ecc00000, 0x00000000ecc00000| Complete 
| 205|0x00000000ecd00000, 0x00000000ece00000, 0x00000000ece00000|100%| E|CS|TAMS 0x00000000ecd00000, 0x00000000ecd00000| Complete 
| 206|0x00000000ece00000, 0x00000000ecf00000, 0x00000000ecf00000|100%| E|CS|TAMS 0x00000000ece00000, 0x00000000ece00000| Complete 
| 207|0x00000000ecf00000, 0x00000000ed000000, 0x00000000ed000000|100%| E|CS|TAMS 0x00000000ecf00000, 0x00000000ecf00000| Complete 
| 208|0x00000000ed000000, 0x00000000ed100000, 0x00000000ed100000|100%| E|CS|TAMS 0x00000000ed000000, 0x00000000ed000000| Complete 
| 209|0x00000000ed100000, 0x00000000ed200000, 0x00000000ed200000|100%| E|CS|TAMS 0x00000000ed100000, 0x00000000ed100000| Complete 
| 210|0x00000000ed200000, 0x00000000ed300000, 0x00000000ed300000|100%| E|CS|TAMS 0x00000000ed200000, 0x00000000ed200000| Complete 
| 211|0x00000000ed300000, 0x00000000ed400000, 0x00000000ed400000|100%| E|CS|TAMS 0x00000000ed300000, 0x00000000ed300000| Complete 
| 212|0x00000000ed400000, 0x00000000ed500000, 0x00000000ed500000|100%| E|CS|TAMS 0x00000000ed400000, 0x00000000ed400000| Complete 
| 213|0x00000000ed500000, 0x00000000ed600000, 0x00000000ed600000|100%| E|CS|TAMS 0x00000000ed500000, 0x00000000ed500000| Complete 
| 214|0x00000000ed600000, 0x00000000ed700000, 0x00000000ed700000|100%| E|CS|TAMS 0x00000000ed600000, 0x00000000ed600000| Complete 
| 215|0x00000000ed700000, 0x00000000ed800000, 0x00000000ed800000|100%| E|CS|TAMS 0x00000000ed700000, 0x00000000ed700000| Complete 
| 216|0x00000000ed800000, 0x00000000ed900000, 0x00000000ed900000|100%| E|CS|TAMS 0x00000000ed800000, 0x00000000ed800000| Complete 
| 217|0x00000000ed900000, 0x00000000eda00000, 0x00000000eda00000|100%| E|CS|TAMS 0x00000000ed900000, 0x00000000ed900000| Complete 
| 218|0x00000000eda00000, 0x00000000edb00000, 0x00000000edb00000|100%| E|CS|TAMS 0x00000000eda00000, 0x00000000eda00000| Complete 
| 219|0x00000000edb00000, 0x00000000edc00000, 0x00000000edc00000|100%| E|CS|TAMS 0x00000000edb00000, 0x00000000edb00000| Complete 
| 220|0x00000000edc00000, 0x00000000edd00000, 0x00000000edd00000|100%| E|CS|TAMS 0x00000000edc00000, 0x00000000edc00000| Complete 
| 221|0x00000000edd00000, 0x00000000ede00000, 0x00000000ede00000|100%| E|CS|TAMS 0x00000000edd00000, 0x00000000edd00000| Complete 
| 222|0x00000000ede00000, 0x00000000edf00000, 0x00000000edf00000|100%| E|CS|TAMS 0x00000000ede00000, 0x00000000ede00000| Complete 
| 223|0x00000000edf00000, 0x00000000ee000000, 0x00000000ee000000|100%| E|CS|TAMS 0x00000000edf00000, 0x00000000edf00000| Complete 
| 224|0x00000000ee000000, 0x00000000ee100000, 0x00000000ee100000|100%| E|CS|TAMS 0x00000000ee000000, 0x00000000ee000000| Complete 
| 225|0x00000000ee100000, 0x00000000ee1c6300, 0x00000000ee200000| 77%| S|CS|TAMS 0x00000000ee100000, 0x00000000ee100000| Complete 
| 226|0x00000000ee200000, 0x00000000ee300000, 0x00000000ee300000|100%| E|CS|TAMS 0x00000000ee200000, 0x00000000ee200000| Complete 
| 227|0x00000000ee300000, 0x00000000ee400000, 0x00000000ee400000|100%| E|CS|TAMS 0x00000000ee300000, 0x00000000ee300000| Complete 
| 228|0x00000000ee400000, 0x00000000ee500000, 0x00000000ee500000|100%| E|CS|TAMS 0x00000000ee400000, 0x00000000ee400000| Complete 
| 229|0x00000000ee500000, 0x00000000ee600000, 0x00000000ee600000|100%| E|CS|TAMS 0x00000000ee500000, 0x00000000ee500000| Complete 
| 230|0x00000000ee600000, 0x00000000ee700000, 0x00000000ee700000|100%| E|CS|TAMS 0x00000000ee600000, 0x00000000ee600000| Complete 
| 231|0x00000000ee700000, 0x00000000ee800000, 0x00000000ee800000|100%| E|CS|TAMS 0x00000000ee700000, 0x00000000ee700000| Complete 
| 232|0x00000000ee800000, 0x00000000ee900000, 0x00000000ee900000|100%| E|CS|TAMS 0x00000000ee800000, 0x00000000ee800000| Complete 
| 233|0x00000000ee900000, 0x00000000eea00000, 0x00000000eea00000|100%| E|CS|TAMS 0x00000000ee900000, 0x00000000ee900000| Complete 
| 234|0x00000000eea00000, 0x00000000eeb00000, 0x00000000eeb00000|100%| E|CS|TAMS 0x00000000eea00000, 0x00000000eea00000| Complete 
| 235|0x00000000eeb00000, 0x00000000eec00000, 0x00000000eec00000|100%| E|CS|TAMS 0x00000000eeb00000, 0x00000000eeb00000| Complete 
| 236|0x00000000eec00000, 0x00000000eed00000, 0x00000000eed00000|100%| E|CS|TAMS 0x00000000eec00000, 0x00000000eec00000| Complete 
| 237|0x00000000eed00000, 0x00000000eee00000, 0x00000000eee00000|100%| E|CS|TAMS 0x00000000eed00000, 0x00000000eed00000| Complete 
| 238|0x00000000eee00000, 0x00000000eef00000, 0x00000000eef00000|100%| E|CS|TAMS 0x00000000eee00000, 0x00000000eee00000| Complete 
| 239|0x00000000eef00000, 0x00000000ef000000, 0x00000000ef000000|100%| E|CS|TAMS 0x00000000eef00000, 0x00000000eef00000| Complete 
| 240|0x00000000ef000000, 0x00000000ef100000, 0x00000000ef100000|100%| E|CS|TAMS 0x00000000ef000000, 0x00000000ef000000| Complete 
| 241|0x00000000ef100000, 0x00000000ef200000, 0x00000000ef200000|100%| E|CS|TAMS 0x00000000ef100000, 0x00000000ef100000| Complete 
| 242|0x00000000ef200000, 0x00000000ef300000, 0x00000000ef300000|100%| E|CS|TAMS 0x00000000ef200000, 0x00000000ef200000| Complete 
| 243|0x00000000ef300000, 0x00000000ef400000, 0x00000000ef400000|100%| E|CS|TAMS 0x00000000ef300000, 0x00000000ef300000| Complete 
| 244|0x00000000ef400000, 0x00000000ef500000, 0x00000000ef500000|100%| E|CS|TAMS 0x00000000ef400000, 0x00000000ef400000| Complete 
| 245|0x00000000ef500000, 0x00000000ef600000, 0x00000000ef600000|100%| E|CS|TAMS 0x00000000ef500000, 0x00000000ef500000| Complete 
| 246|0x00000000ef600000, 0x00000000ef700000, 0x00000000ef700000|100%| E|CS|TAMS 0x00000000ef600000, 0x00000000ef600000| Complete 
| 247|0x00000000ef700000, 0x00000000ef800000, 0x00000000ef800000|100%| E|  |TAMS 0x00000000ef700000, 0x00000000ef700000| Complete 
| 248|0x00000000ef800000, 0x00000000ef900000, 0x00000000ef900000|100%| E|CS|TAMS 0x00000000ef800000, 0x00000000ef800000| Complete 
| 249|0x00000000ef900000, 0x00000000efa00000, 0x00000000efa00000|100%| E|CS|TAMS 0x00000000ef900000, 0x00000000ef900000| Complete 
| 250|0x00000000efa00000, 0x00000000efb00000, 0x00000000efb00000|100%| E|CS|TAMS 0x00000000efa00000, 0x00000000efa00000| Complete 
| 251|0x00000000efb00000, 0x00000000efc00000, 0x00000000efc00000|100%| E|CS|TAMS 0x00000000efb00000, 0x00000000efb00000| Complete 
| 252|0x00000000efc00000, 0x00000000efd00000, 0x00000000efd00000|100%| E|CS|TAMS 0x00000000efc00000, 0x00000000efc00000| Complete 
| 253|0x00000000efd00000, 0x00000000efe00000, 0x00000000efe00000|100%| E|CS|TAMS 0x00000000efd00000, 0x00000000efd00000| Complete 
| 254|0x00000000efe00000, 0x00000000eff00000, 0x00000000eff00000|100%| E|CS|TAMS 0x00000000efe00000, 0x00000000efe00000| Complete 
| 255|0x00000000eff00000, 0x00000000f0000000, 0x00000000f0000000|100%| E|CS|TAMS 0x00000000eff00000, 0x00000000eff00000| Complete 

Card table byte_map: [0x000001ec47330000,0x000001ec47430000] _byte_map_base: 0x000001ec46c30000

Marking Bits (Prev, Next): (CMBitMap*) 0x000001ec3073e8c0, (CMBitMap*) 0x000001ec3073e900
 Prev Bits: [0x000001ec47530000, 0x000001ec47d30000)
 Next Bits: [0x000001ec47d30000, 0x000001ec48530000)

Polling page: 0x000001ec2e6e0000

Metaspace:

Usage:
  Non-class:     14.29 MB used.
      Class:      2.40 MB used.
       Both:     16.69 MB used.

Virtual space:
  Non-class space:       16.00 MB reserved,      14.44 MB ( 90%) committed,  2 nodes.
      Class space:      308.00 MB reserved,       2.50 MB ( <1%) committed,  1 nodes.
             Both:      324.00 MB reserved,      16.94 MB (  5%) committed. 

Chunk freelists:
   Non-Class:  1.25 MB
       Class:  1.44 MB
        Both:  2.69 MB

MaxMetaspaceSize: 384.00 MB
CompressedClassSpaceSize: 308.00 MB
Initial GC threshold: 21.00 MB
Current GC threshold: 21.00 MB
CDS: on
MetaspaceReclaimPolicy: balanced
 - commit_granule_bytes: 65536.
 - commit_granule_words: 8192.
 - virtual_space_node_default_size: 1048576.
 - enlarge_chunks_in_place: 1.
 - new_chunks_are_fully_committed: 0.
 - uncommit_free_chunks: 1.
 - use_allocation_guard: 0.
 - handle_deallocations: 1.


Internal statistics:

num_allocs_failed_limit: 0.
num_arena_births: 208.
num_arena_deaths: 0.
num_vsnodes_births: 3.
num_vsnodes_deaths: 0.
num_space_committed: 271.
num_space_uncommitted: 0.
num_chunks_returned_to_freelist: 0.
num_chunks_taken_from_freelist: 785.
num_chunk_merges: 0.
num_chunk_splits: 515.
num_chunks_enlarged: 376.
num_purges: 0.
num_inconsistent_stats: 0.

CodeHeap 'non-profiled nmethods': size=120000Kb used=1168Kb max_used=1168Kb free=118832Kb
 bounds [0x000001ec3f9d0000, 0x000001ec3fc40000, 0x000001ec46f00000]
CodeHeap 'profiled nmethods': size=120000Kb used=4837Kb max_used=4837Kb free=115162Kb
 bounds [0x000001ec384a0000, 0x000001ec38960000, 0x000001ec3f9d0000]
CodeHeap 'non-nmethods': size=5760Kb used=1223Kb max_used=1303Kb free=4536Kb
 bounds [0x000001ec37f00000, 0x000001ec38170000, 0x000001ec384a0000]
 total_blobs=2904 nmethods=2369 adapters=447
 compilation: enabled
              stopped_count=0, restarted_count=0
 full_count=0

Compilation events (20 events):
Event: 11.712 Thread 0x000001ec4afb8ea0 2365       3       org.gradle.internal.service.DefaultServiceRegistry$ManagedObjectServiceProvider::requiredBy (20 bytes)
Event: 11.712 Thread 0x000001ec4afb8ea0 nmethod 2365 0x000001ec3894fc90 code [0x000001ec3894fe60, 0x000001ec38950368]
Event: 11.712 Thread 0x000001ec4afb8ea0 2366       3       org.gradle.internal.service.DefaultServiceRegistry$ManagedObjectServiceProvider::fromSameRegistry (27 bytes)
Event: 11.713 Thread 0x000001ec4afb8ea0 nmethod 2366 0x000001ec38950490 code [0x000001ec38950640, 0x000001ec389509f8]
Event: 11.713 Thread 0x000001ec4afb8ea0 2367       3       java.util.regex.Pattern$GroupTail::match (111 bytes)
Event: 11.713 Thread 0x000001ec4afb8ea0 nmethod 2367 0x000001ec38950b10 code [0x000001ec38950ce0, 0x000001ec389510a8]
Event: 11.719 Thread 0x000001ec4afb8ea0 2368   !   3       jdk.internal.reflect.ReflectionFactory::checkInitted (100 bytes)
Event: 11.720 Thread 0x000001ec4afb8ea0 nmethod 2368 0x000001ec38951290 code [0x000001ec389515a0, 0x000001ec389525e8]
Event: 11.720 Thread 0x000001ec4afb8ea0 2369       3       java.lang.reflect.ReflectAccess::getRoot (5 bytes)
Event: 11.720 Thread 0x000001ec4afb8ea0 nmethod 2369 0x000001ec38952a90 code [0x000001ec38952c40, 0x000001ec38952e08]
Event: 11.723 Thread 0x000001ec4afb8ea0 2370       3       sun.invoke.util.VerifyAccess::getClassModifiers (24 bytes)
Event: 11.724 Thread 0x000001ec4afb8ea0 nmethod 2370 0x000001ec38952f10 code [0x000001ec389530c0, 0x000001ec38953318]
Event: 11.743 Thread 0x000001ec4afb8ea0 2371       3       java.util.concurrent.locks.AbstractQueuedSynchronizer$Node::<init> (5 bytes)
Event: 11.743 Thread 0x000001ec4afb8ea0 nmethod 2371 0x000001ec38953410 code [0x000001ec389535a0, 0x000001ec389536f8]
Event: 11.756 Thread 0x000001ec4afb8ea0 2372       3       java.lang.reflect.ProxyGenerator$ProxyMethod::emitIconstInsn (75 bytes)
Event: 11.757 Thread 0x000001ec4afb8ea0 nmethod 2372 0x000001ec38953790 code [0x000001ec389539c0, 0x000001ec38954298]
Event: 11.760 Thread 0x000001ec4afb8ea0 2373       3       org.gradle.internal.service.DefaultServiceRegistry$SingletonService::getAll (23 bytes)
Event: 11.760 Thread 0x000001ec4afb8ea0 nmethod 2373 0x000001ec38954510 code [0x000001ec389546e0, 0x000001ec38954988]
Event: 11.769 Thread 0x000001ec4afb8ea0 2374       3       java.lang.reflect.Constructor::getRoot (5 bytes)
Event: 11.769 Thread 0x000001ec4afb8ea0 nmethod 2374 0x000001ec38954b10 code [0x000001ec38954ca0, 0x000001ec38954db8]

GC Heap History (4 events):
Event: 1.464 GC heap before
{Heap before GC invocations=0 (full 0):
 garbage-first heap   total 262144K, used 26624K [0x00000000e0000000, 0x0000000100000000)
  region size 1024K, 23 young (23552K), 0 survivors (0K)
 Metaspace       used 2922K, committed 3072K, reserved 323584K
  class space    used 362K, committed 448K, reserved 315392K
}
Event: 1.478 GC heap after
{Heap after GC invocations=1 (full 0):
 garbage-first heap   total 262144K, used 11083K [0x00000000e0000000, 0x0000000100000000)
  region size 1024K, 3 young (3072K), 3 survivors (3072K)
 Metaspace       used 2922K, committed 3072K, reserved 323584K
  class space    used 362K, committed 448K, reserved 315392K
}
Event: 3.556 GC heap before
{Heap before GC invocations=1 (full 0):
 garbage-first heap   total 262144K, used 38731K [0x00000000e0000000, 0x0000000100000000)
  region size 1024K, 30 young (30720K), 3 survivors (3072K)
 Metaspace       used 4007K, committed 4160K, reserved 323584K
  class space    used 494K, committed 576K, reserved 315392K
}
Event: 3.559 GC heap after
{Heap after GC invocations=2 (full 0):
 garbage-first heap   total 262144K, used 11856K [0x00000000e0000000, 0x0000000100000000)
  region size 1024K, 1 young (1024K), 1 survivors (1024K)
 Metaspace       used 4007K, committed 4160K, reserved 323584K
  class space    used 494K, committed 576K, reserved 315392K
}

Deoptimization events (20 events):
Event: 10.187 Thread 0x000001ec4d276b80 Uncommon trap: trap_request=0xffffff45 fr.pc=0x000001ec3faab354 relative=0x00000000000000b4
Event: 10.187 Thread 0x000001ec4d276b80 Uncommon trap: reason=unstable_if action=reinterpret pc=0x000001ec3faab354 method=jdk.internal.misc.Unsafe.convEndian(ZI)I @ 4 c2
Event: 10.187 Thread 0x000001ec4d276b80 DEOPT PACKING pc=0x000001ec3faab354 sp=0x000000e6a1dfb3b0
Event: 10.187 Thread 0x000001ec4d276b80 DEOPT UNPACKING pc=0x000001ec37f523a3 sp=0x000000e6a1dfb260 mode 2
Event: 10.187 Thread 0x000001ec4d276b80 Uncommon trap: trap_request=0xffffff45 fr.pc=0x000001ec3fa96ef4 relative=0x0000000000000074
Event: 10.187 Thread 0x000001ec4d276b80 Uncommon trap: reason=unstable_if action=reinterpret pc=0x000001ec3fa96ef4 method=jdk.internal.misc.Unsafe.convEndian(ZI)I @ 4 c2
Event: 10.187 Thread 0x000001ec4d276b80 DEOPT PACKING pc=0x000001ec3fa96ef4 sp=0x000000e6a1dfb330
Event: 10.187 Thread 0x000001ec4d276b80 DEOPT UNPACKING pc=0x000001ec37f523a3 sp=0x000000e6a1dfb260 mode 2
Event: 10.238 Thread 0x000001ec4d276b80 Uncommon trap: trap_request=0xffffff45 fr.pc=0x000001ec3f9f1a84 relative=0x0000000000000a24
Event: 10.238 Thread 0x000001ec4d276b80 Uncommon trap: reason=unstable_if action=reinterpret pc=0x000001ec3f9f1a84 method=java.io.WinNTFileSystem.resolve(Ljava/lang/String;Ljava/lang/String;)Ljava/lang/String; @ 19 c2
Event: 10.238 Thread 0x000001ec4d276b80 DEOPT PACKING pc=0x000001ec3f9f1a84 sp=0x000000e6a1dfb8a0
Event: 10.238 Thread 0x000001ec4d276b80 DEOPT UNPACKING pc=0x000001ec37f523a3 sp=0x000000e6a1dfb858 mode 2
Event: 10.242 Thread 0x000001ec4d276b80 Uncommon trap: trap_request=0xffffff45 fr.pc=0x000001ec3fa46ee8 relative=0x0000000000000648
Event: 10.242 Thread 0x000001ec4d276b80 Uncommon trap: reason=unstable_if action=reinterpret pc=0x000001ec3fa46ee8 method=java.io.File.getName()Ljava/lang/String; @ 16 c2
Event: 10.242 Thread 0x000001ec4d276b80 DEOPT PACKING pc=0x000001ec3fa46ee8 sp=0x000000e6a1dfb850
Event: 10.242 Thread 0x000001ec4d276b80 DEOPT UNPACKING pc=0x000001ec37f523a3 sp=0x000000e6a1dfb820 mode 2
Event: 10.769 Thread 0x000001ec4d276b80 Uncommon trap: trap_request=0xffffff45 fr.pc=0x000001ec3faacff8 relative=0x00000000000006d8
Event: 10.769 Thread 0x000001ec4d276b80 Uncommon trap: reason=unstable_if action=reinterpret pc=0x000001ec3faacff8 method=java.util.ArrayList.grow(I)[Ljava/lang/Object; @ 17 c2
Event: 10.769 Thread 0x000001ec4d276b80 DEOPT PACKING pc=0x000001ec3faacff8 sp=0x000000e6a1dfd1f0
Event: 10.769 Thread 0x000001ec4d276b80 DEOPT UNPACKING pc=0x000001ec37f523a3 sp=0x000000e6a1dfd088 mode 2

Classes unloaded (0 events):
No events

Classes redefined (0 events):
No events

Internal exceptions (20 events):
Event: 9.272 Thread 0x000001ec4d276b80 Exception <a 'java/lang/NoSuchMethodError'{0x00000000ec41fda8}: 'void java.lang.invoke.DirectMethodHandle$Holder.invokeSpecial(java.lang.Object, java.lang.Object, java.lang.Object)'> (0x00000000ec41fda8) 
thrown [t:\workspace\open\src\hotspot\share\interpreter\linkResolver.cpp, line 766]
Event: 9.384 Thread 0x000001ec4d276b80 Exception <a 'java/lang/NoSuchMethodError'{0x00000000ec4ccca0}: 'java.lang.Object java.lang.invoke.DirectMethodHandle$Holder.newInvokeSpecial(java.lang.Object, java.lang.Object, java.lang.Object, java.lang.Object, java.lang.Object, java.lang.Object)'> (0x00000000ec4ccca0) 
thrown [t:\workspace\open\src\hotspot\share\interpreter\linkResolver.cpp, line 766]
Event: 9.393 Thread 0x000001ec4d276b80 Exception <a 'java/lang/NoSuchMethodError'{0x00000000ec4e48b0}: 'void java.lang.invoke.DirectMethodHandle$Holder.invokeSpecial(java.lang.Object, java.lang.Object, java.lang.Object, java.lang.Object, java.lang.Object)'> (0x00000000ec4e48b0) 
thrown [t:\workspace\open\src\hotspot\share\interpreter\linkResolver.cpp, line 766]
Event: 9.408 Thread 0x000001ec4d276b80 Exception <a 'java/lang/NoSuchMethodError'{0x00000000ec4f87b0}: 'void java.lang.invoke.DirectMethodHandle$Holder.invokeStaticInit(java.lang.Object, java.lang.Object)'> (0x00000000ec4f87b0) 
thrown [t:\workspace\open\src\hotspot\share\interpreter\linkResolver.cpp, line 766]
Event: 9.579 Thread 0x000001ec4d276b80 Exception <a 'java/lang/NoSuchMethodError'{0x00000000ec1b9628}: 'void java.lang.invoke.DelegatingMethodHandle$Holder.reinvoke_L(java.lang.Object, java.lang.Object, java.lang.Object, java.lang.Object, java.lang.Object, java.lang.Object, java.lang.Object, java.lang.Object, java.lang.Object, java.lang.Object)'> (0x00000000ec1b9628) 
thrown [t:\workspace\open\src\hotspot\share\interpreter\linkResolver.cpp, line 766]
Event: 9.581 Thread 0x000001ec4d276b80 Exception <a 'java/lang/NoSuchMethodError'{0x00000000ec1c1a98}: 'java.lang.Object java.lang.invoke.DirectMethodHandle$Holder.invokeSpecial(java.lang.Object, java.lang.Object, java.lang.Object, java.lang.Object, java.lang.Object, java.lang.Object, java.lang.Object, java.lang.Object, java.lang.Object, java.lang.Object)'> (0x00000000ec1c1a98) 
thrown [t:\workspace\open\src\hotspot\share\interpreter\linkResolver.cpp, line 766]
Event: 9.581 Thread 0x000001ec4d276b80 Exception <a 'java/lang/NoSuchMethodError'{0x00000000ec1c6368}: 'java.lang.Object java.lang.invoke.Invokers$Holder.invoker(java.lang.Object, java.lang.Object, java.lang.Object, java.lang.Object, java.lang.Object, java.lang.Object, java.lang.Object, java.lang.Object, java.lang.Object, java.lang.Object)'> (0x00000000ec1c6368) 
thrown [t:\workspace\open\src\hotspot\share\interpreter\linkResolver.cpp, line 766]
Event: 9.582 Thread 0x000001ec4d276b80 Exception <a 'java/lang/NoSuchMethodError'{0x00000000ec1cbef0}: 'java.lang.Object java.lang.invoke.DirectMethodHandle$Holder.invokeSpecial(java.lang.Object, java.lang.Object, java.lang.Object, java.lang.Object, java.lang.Object, java.lang.Object, java.lang.Object, java.lang.Object, java.lang.Object, java.lang.Object, java.lang.Object)'> (0x00000000ec1cbef0) 
thrown [t:\workspace\open\src\hotspot\share\interpreter\linkResolver.cpp, line 766]
Event: 9.847 Thread 0x000001ec4d276b80 Exception <a 'java/lang/NoSuchMethodError'{0x00000000ebb978b0}: 'void java.lang.invoke.DirectMethodHandle$Holder.invokeStaticInit(java.lang.Object)'> (0x00000000ebb978b0) 
thrown [t:\workspace\open\src\hotspot\share\interpreter\linkResolver.cpp, line 766]
Event: 9.873 Thread 0x000001ec4d276b80 Exception <a 'java/lang/NoSuchMethodError'{0x00000000eba4ad38}: 'java.lang.Object java.lang.invoke.DirectMethodHandle$Holder.newInvokeSpecial(java.lang.Object, java.lang.Object, java.lang.Object, int)'> (0x00000000eba4ad38) 
thrown [t:\workspace\open\src\hotspot\share\interpreter\linkResolver.cpp, line 766]
Event: 9.874 Thread 0x000001ec4d276b80 Exception <a 'java/lang/NoSuchMethodError'{0x00000000eba4f668}: 'java.lang.Object java.lang.invoke.DirectMethodHandle$Holder.invokeSpecial(java.lang.Object, java.lang.Object, java.lang.Object, java.lang.Object, int)'> (0x00000000eba4f668) 
thrown [t:\workspace\open\src\hotspot\share\interpreter\linkResolver.cpp, line 766]
Event: 9.874 Thread 0x000001ec4d276b80 Exception <a 'java/lang/NoSuchMethodError'{0x00000000eba53780}: 'java.lang.Object java.lang.invoke.Invokers$Holder.linkToTargetMethod(java.lang.Object, java.lang.Object, int, java.lang.Object)'> (0x00000000eba53780) 
thrown [t:\workspace\open\src\hotspot\share\interpreter\linkResolver.cpp, line 766]
Event: 10.187 Thread 0x000001ec4d276b80 Implicit null exception at 0x000001ec3faaad71 to 0x000001ec3faaaf0c
Event: 10.414 Thread 0x000001ec4d276b80 Exception <a 'java/lang/NoSuchMethodError'{0x00000000eb5e8688}: 'int java.lang.invoke.DirectMethodHandle$Holder.invokeVirtual(java.lang.Object, java.lang.Object, java.lang.Object)'> (0x00000000eb5e8688) 
thrown [t:\workspace\open\src\hotspot\share\interpreter\linkResolver.cpp, line 766]
Event: 10.533 Thread 0x000001ec4d276b80 Exception <a 'java/lang/NoSuchMethodError'{0x00000000eb4effd8}: 'int java.lang.invoke.DirectMethodHandle$Holder.invokeSpecialIFC(java.lang.Object, java.lang.Object, java.lang.Object, java.lang.Object)'> (0x00000000eb4effd8) 
thrown [t:\workspace\open\src\hotspot\share\interpreter\linkResolver.cpp, line 766]
Event: 10.540 Thread 0x000001ec4d276b80 Exception <a 'java/lang/NoSuchMethodError'{0x00000000eb4fee48}: 'java.lang.Object java.lang.invoke.DirectMethodHandle$Holder.invokeInterface(java.lang.Object, java.lang.Object, java.lang.Object)'> (0x00000000eb4fee48) 
thrown [t:\workspace\open\src\hotspot\share\interpreter\linkResolver.cpp, line 766]
Event: 10.540 Thread 0x000001ec4d276b80 Exception <a 'java/lang/IncompatibleClassChangeError'{0x00000000eb3030f8}: Found class java.lang.Object, but interface was expected> (0x00000000eb3030f8) 
thrown [t:\workspace\open\src\hotspot\share\interpreter\linkResolver.cpp, line 833]
Event: 10.683 Thread 0x000001ec4d276b80 Exception <a 'java/lang/NoSuchMethodError'{0x00000000eb2deb00}: 'int java.lang.invoke.DirectMethodHandle$Holder.invokeStatic(java.lang.Object, java.lang.Object, java.lang.Object, java.lang.Object)'> (0x00000000eb2deb00) 
thrown [t:\workspace\open\src\hotspot\share\interpreter\linkResolver.cpp, line 766]
Event: 10.684 Thread 0x000001ec4d276b80 Exception <a 'java/lang/NoSuchMethodError'{0x00000000eb2e2728}: 'java.lang.Object java.lang.invoke.Invokers$Holder.invokeExact_MT(java.lang.Object, java.lang.Object, java.lang.Object, java.lang.Object, java.lang.Object, java.lang.Object)'> (0x00000000eb2e2728) 
thrown [t:\workspace\open\src\hotspot\share\interpreter\linkResolver.cpp, line 766]
Event: 11.036 Thread 0x000001ec4d276b80 Exception <a 'java/lang/IncompatibleClassChangeError'{0x00000000eafcdaa8}: Found class java.lang.Object, but interface was expected> (0x00000000eafcdaa8) 
thrown [t:\workspace\open\src\hotspot\share\interpreter\linkResolver.cpp, line 833]

VM Operations (20 events):
Event: 7.472 Executing VM operation: HandshakeAllThreads
Event: 7.472 Executing VM operation: HandshakeAllThreads done
Event: 7.472 Executing VM operation: Cleanup
Event: 7.472 Executing VM operation: Cleanup done
Event: 7.700 Executing VM operation: HandshakeAllThreads
Event: 7.700 Executing VM operation: HandshakeAllThreads done
Event: 8.715 Executing VM operation: Cleanup
Event: 8.716 Executing VM operation: Cleanup done
Event: 9.519 Executing VM operation: HandshakeAllThreads
Event: 9.519 Executing VM operation: HandshakeAllThreads done
Event: 10.266 Executing VM operation: HandshakeAllThreads
Event: 10.266 Executing VM operation: HandshakeAllThreads done
Event: 10.266 Executing VM operation: Cleanup
Event: 10.266 Executing VM operation: Cleanup done
Event: 10.267 Executing VM operation: HandshakeAllThreads
Event: 10.267 Executing VM operation: HandshakeAllThreads done
Event: 10.853 Executing VM operation: HandshakeAllThreads
Event: 10.853 Executing VM operation: HandshakeAllThreads done
Event: 10.854 Executing VM operation: HandshakeAllThreads
Event: 10.854 Executing VM operation: HandshakeAllThreads done

Events (20 events):
Event: 10.543 loading class java/util/stream/ReduceOps$1ReducingSink
Event: 10.543 loading class java/util/stream/ReduceOps$1ReducingSink done
Event: 11.076 loading class java/util/Collections$2
Event: 11.077 loading class java/util/Collections$2 done
Event: 11.467 loading class java/util/function/LongFunction
Event: 11.467 loading class java/util/function/LongFunction done
Event: 11.557 loading class java/security/InvalidKeyException
Event: 11.558 loading class java/security/KeyException
Event: 11.558 loading class java/security/KeyException done
Event: 11.558 loading class java/security/InvalidKeyException done
Event: 11.740 loading class java/io/ObjectOutputStream
Event: 11.741 loading class java/io/ObjectOutput
Event: 11.742 loading class java/io/ObjectOutput done
Event: 11.742 loading class java/io/ObjectStreamConstants
Event: 11.742 loading class java/io/ObjectStreamConstants done
Event: 11.742 loading class java/io/ObjectOutputStream done
Event: 11.744 loading class java/io/ObjectInputStream
Event: 11.745 loading class java/io/ObjectInput
Event: 11.745 loading class java/io/ObjectInput done
Event: 11.745 loading class java/io/ObjectInputStream done


Dynamic libraries:
0x00007ff6c18f0000 - 0x00007ff6c18fe000 	C:\Program Files (x86)\openjdk-17+35_windows-x64_bin\jdk-17\bin\java.exe
0x00007ffa8f090000 - 0x00007ffa8f2a7000 	C:\WINDOWS\SYSTEM32\ntdll.dll
0x00007ffa8d2a0000 - 0x00007ffa8d364000 	C:\WINDOWS\System32\KERNEL32.DLL
0x00007ffa8c6b0000 - 0x00007ffa8ca57000 	C:\WINDOWS\System32\KERNELBASE.dll
0x00007ffa8cc70000 - 0x00007ffa8cd81000 	C:\WINDOWS\System32\ucrtbase.dll
0x00007ffa851f0000 - 0x00007ffa8520a000 	C:\Program Files (x86)\openjdk-17+35_windows-x64_bin\jdk-17\bin\VCRUNTIME140.dll
0x00007ffa6dfa0000 - 0x00007ffa6dfb8000 	C:\Program Files (x86)\openjdk-17+35_windows-x64_bin\jdk-17\bin\jli.dll
0x00007ffa8d5b0000 - 0x00007ffa8d75e000 	C:\WINDOWS\System32\USER32.dll
0x00007ffa68ce0000 - 0x00007ffa68f73000 	C:\WINDOWS\WinSxS\amd64_microsoft.windows.common-controls_6595b64144ccf1df_6.0.22621.3527_none_270e469b73872a76\COMCTL32.dll
0x00007ffa8c520000 - 0x00007ffa8c546000 	C:\WINDOWS\System32\win32u.dll
0x00007ffa8cfb0000 - 0x00007ffa8d057000 	C:\WINDOWS\System32\msvcrt.dll
0x00007ffa8d060000 - 0x00007ffa8d089000 	C:\WINDOWS\System32\GDI32.dll
0x00007ffa8ca60000 - 0x00007ffa8cb79000 	C:\WINDOWS\System32\gdi32full.dll
0x00007ffa8c610000 - 0x00007ffa8c6aa000 	C:\WINDOWS\System32\msvcp_win.dll
0x00007ffa8d490000 - 0x00007ffa8d4c1000 	C:\WINDOWS\System32\IMM32.DLL
0x00007ffa85920000 - 0x00007ffa8592c000 	C:\Program Files (x86)\openjdk-17+35_windows-x64_bin\jdk-17\bin\vcruntime140_1.dll
0x00007ffa2ca20000 - 0x00007ffa2caad000 	C:\Program Files (x86)\openjdk-17+35_windows-x64_bin\jdk-17\bin\msvcp140.dll
0x00007ffa0c770000 - 0x00007ffa0d32e000 	C:\Program Files (x86)\openjdk-17+35_windows-x64_bin\jdk-17\bin\server\jvm.dll
0x00007ffa8d370000 - 0x00007ffa8d422000 	C:\WINDOWS\System32\ADVAPI32.dll
0x00007ffa8d090000 - 0x00007ffa8d138000 	C:\WINDOWS\System32\sechost.dll
0x00007ffa8cd90000 - 0x00007ffa8cdb8000 	C:\WINDOWS\System32\bcrypt.dll
0x00007ffa8dc60000 - 0x00007ffa8dd75000 	C:\WINDOWS\System32\RPCRT4.dll
0x00007ffa8f030000 - 0x00007ffa8f038000 	C:\WINDOWS\System32\PSAPI.DLL
0x00007ffa82df0000 - 0x00007ffa82df9000 	C:\WINDOWS\SYSTEM32\WSOCK32.dll
0x00007ffa8d760000 - 0x00007ffa8d7d1000 	C:\WINDOWS\System32\WS2_32.dll
0x00007ffa81ba0000 - 0x00007ffa81bd4000 	C:\WINDOWS\SYSTEM32\WINMM.dll
0x00007ffa81170000 - 0x00007ffa8117a000 	C:\WINDOWS\SYSTEM32\VERSION.dll
0x00007ffa8b480000 - 0x00007ffa8b498000 	C:\WINDOWS\SYSTEM32\kernel.appcore.dll
0x00007ffa82930000 - 0x00007ffa8293a000 	C:\Program Files (x86)\openjdk-17+35_windows-x64_bin\jdk-17\bin\jimage.dll
0x00007ffa86720000 - 0x00007ffa86952000 	C:\WINDOWS\SYSTEM32\DBGHELP.DLL
0x00007ffa8eac0000 - 0x00007ffa8ee48000 	C:\WINDOWS\System32\combase.dll
0x00007ffa8e9e0000 - 0x00007ffa8eab7000 	C:\WINDOWS\System32\OLEAUT32.dll
0x00007ffa64c50000 - 0x00007ffa64c82000 	C:\WINDOWS\SYSTEM32\dbgcore.DLL
0x00007ffa8cbf0000 - 0x00007ffa8cc69000 	C:\WINDOWS\System32\bcryptPrimitives.dll
0x00007ffa82a80000 - 0x00007ffa82a8e000 	C:\Program Files (x86)\openjdk-17+35_windows-x64_bin\jdk-17\bin\instrument.dll
0x00007ffa67a80000 - 0x00007ffa67aa5000 	C:\Program Files (x86)\openjdk-17+35_windows-x64_bin\jdk-17\bin\java.dll
0x00007ffa0d370000 - 0x00007ffa0d446000 	C:\Program Files (x86)\openjdk-17+35_windows-x64_bin\jdk-17\bin\svml.dll
0x00007ffa8dd80000 - 0x00007ffa8e5dc000 	C:\WINDOWS\System32\SHELL32.dll
0x00007ffa8a2b0000 - 0x00007ffa8aba6000 	C:\WINDOWS\SYSTEM32\windows.storage.dll
0x00007ffa8a170000 - 0x00007ffa8a2ae000 	C:\WINDOWS\SYSTEM32\wintypes.dll
0x00007ffa8ef00000 - 0x00007ffa8eff5000 	C:\WINDOWS\System32\SHCORE.dll
0x00007ffa8e7b0000 - 0x00007ffa8e80e000 	C:\WINDOWS\System32\shlwapi.dll
0x00007ffa8c2e0000 - 0x00007ffa8c301000 	C:\WINDOWS\SYSTEM32\profapi.dll
0x00007ffa67a60000 - 0x00007ffa67a78000 	C:\Program Files (x86)\openjdk-17+35_windows-x64_bin\jdk-17\bin\zip.dll
0x00007ffa65100000 - 0x00007ffa65119000 	C:\Program Files (x86)\openjdk-17+35_windows-x64_bin\jdk-17\bin\net.dll
0x00007ffa823d0000 - 0x00007ffa82506000 	C:\WINDOWS\SYSTEM32\WINHTTP.dll
0x00007ffa8b8e0000 - 0x00007ffa8b949000 	C:\WINDOWS\system32\mswsock.dll
0x00007ffa650e0000 - 0x00007ffa650f5000 	C:\Program Files (x86)\openjdk-17+35_windows-x64_bin\jdk-17\bin\nio.dll
0x00007ffa6f210000 - 0x00007ffa6f220000 	C:\Program Files (x86)\openjdk-17+35_windows-x64_bin\jdk-17\bin\verify.dll
0x00007ffa81dd0000 - 0x00007ffa81df7000 	C:\Users\qorhk\.gradle\native\c067742578af261105cb4f569cf0c3c89f3d7b1fecec35dd04571415982c5e48\windows-amd64\native-platform.dll
0x00007ffa49cb0000 - 0x00007ffa49df4000 	C:\Users\qorhk\.gradle\native\38dada09dfb8b06ba9b0570ebf7e218e3eb74d4ef43ca46872605cf95ebc2f47\windows-amd64\native-platform-file-events.dll
0x00007ffa82920000 - 0x00007ffa82929000 	C:\Program Files (x86)\openjdk-17+35_windows-x64_bin\jdk-17\bin\management.dll
0x00007ffa82210000 - 0x00007ffa8221b000 	C:\Program Files (x86)\openjdk-17+35_windows-x64_bin\jdk-17\bin\management_ext.dll
0x00007ffa8bb80000 - 0x00007ffa8bb9b000 	C:\WINDOWS\SYSTEM32\CRYPTSP.dll
0x00007ffa8b3e0000 - 0x00007ffa8b415000 	C:\WINDOWS\system32\rsaenh.dll
0x00007ffa8b980000 - 0x00007ffa8b9a8000 	C:\WINDOWS\SYSTEM32\USERENV.dll
0x00007ffa8bae0000 - 0x00007ffa8baec000 	C:\WINDOWS\SYSTEM32\CRYPTBASE.dll
0x00007ffa8ae80000 - 0x00007ffa8aead000 	C:\WINDOWS\SYSTEM32\IPHLPAPI.DLL
0x00007ffa8e810000 - 0x00007ffa8e819000 	C:\WINDOWS\System32\NSI.dll
0x00007ffa82690000 - 0x00007ffa826a9000 	C:\WINDOWS\SYSTEM32\dhcpcsvc6.DLL
0x00007ffa82160000 - 0x00007ffa8217f000 	C:\WINDOWS\SYSTEM32\dhcpcsvc.DLL
0x00007ffa8aef0000 - 0x00007ffa8afe8000 	C:\WINDOWS\SYSTEM32\DNSAPI.dll
0x00007ffa81610000 - 0x00007ffa8161e000 	C:\Program Files (x86)\openjdk-17+35_windows-x64_bin\jdk-17\bin\sunmscapi.dll
0x00007ffa8c3b0000 - 0x00007ffa8c518000 	C:\WINDOWS\System32\CRYPT32.dll
0x00007ffa8bd50000 - 0x00007ffa8bd7e000 	C:\WINDOWS\SYSTEM32\ncrypt.dll
0x00007ffa8bd10000 - 0x00007ffa8bd47000 	C:\WINDOWS\SYSTEM32\NTASN1.dll
0x00007ffa692d0000 - 0x00007ffa692d8000 	C:\WINDOWS\system32\wshunix.dll

dbghelp: loaded successfully - version: 4.0.5 - missing functions: none
symbol engine: initialized successfully - sym options: 0x614 - pdb path: .;C:\Program Files (x86)\openjdk-17+35_windows-x64_bin\jdk-17\bin;C:\WINDOWS\SYSTEM32;C:\WINDOWS\WinSxS\amd64_microsoft.windows.common-controls_6595b64144ccf1df_6.0.22621.3527_none_270e469b73872a76;C:\Program Files (x86)\openjdk-17+35_windows-x64_bin\jdk-17\bin\server;C:\Users\qorhk\.gradle\native\c067742578af261105cb4f569cf0c3c89f3d7b1fecec35dd04571415982c5e48\windows-amd64;C:\Users\qorhk\.gradle\native\38dada09dfb8b06ba9b0570ebf7e218e3eb74d4ef43ca46872605cf95ebc2f47\windows-amd64

VM Arguments:
jvm_args: --add-opens=java.base/java.util=ALL-UNNAMED --add-opens=java.base/java.lang=ALL-UNNAMED --add-opens=java.base/java.lang.invoke=ALL-UNNAMED --add-opens=java.prefs/java.util.prefs=ALL-UNNAMED --add-opens=java.base/java.nio.charset=ALL-UNNAMED --add-opens=java.base/java.net=ALL-UNNAMED --add-opens=java.base/java.util.concurrent.atomic=ALL-UNNAMED -XX:MaxMetaspaceSize=384m -XX:+HeapDumpOnOutOfMemoryError -Xms256m -Xmx512m -Dfile.encoding=x-windows-949 -Duser.country=KR -Duser.language=ko -Duser.variant -javaagent:C:\Users\qorhk\.gradle\wrapper\dists\gradle-8.7-bin\bhs2wmbdwecv87pi65oeuq5iu\gradle-8.7\lib\agents\gradle-instrumentation-agent-8.7.jar 
java_command: org.gradle.launcher.daemon.bootstrap.GradleDaemon 8.7
java_class_path (initial): C:\Users\qorhk\.gradle\wrapper\dists\gradle-8.7-bin\bhs2wmbdwecv87pi65oeuq5iu\gradle-8.7\lib\gradle-launcher-8.7.jar
Launcher Type: SUN_STANDARD

[Global flags]
     intx CICompilerCount                          = 4                                         {product} {ergonomic}
   size_t CompressedClassSpaceSize                 = 322961408                                 {product} {ergonomic}
     uint ConcGCThreads                            = 2                                         {product} {ergonomic}
     uint G1ConcRefinementThreads                  = 8                                         {product} {ergonomic}
   size_t G1HeapRegionSize                         = 1048576                                   {product} {ergonomic}
    uintx GCDrainStackTargetSize                   = 64                                        {product} {ergonomic}
     bool HeapDumpOnOutOfMemoryError               = true                                   {manageable} {command line}
   size_t InitialHeapSize                          = 268435456                                 {product} {command line}
   size_t MarkStackSize                            = 4194304                                   {product} {ergonomic}
   size_t MaxHeapSize                              = 536870912                                 {product} {command line}
   size_t MaxMetaspaceSize                         = 402653184                                 {product} {command line}
   size_t MaxNewSize                               = 321912832                                 {product} {ergonomic}
   size_t MinHeapDeltaBytes                        = 1048576                                   {product} {ergonomic}
   size_t MinHeapSize                              = 268435456                                 {product} {command line}
    uintx NonNMethodCodeHeapSize                   = 5839372                                {pd product} {ergonomic}
    uintx NonProfiledCodeHeapSize                  = 122909434                              {pd product} {ergonomic}
    uintx ProfiledCodeHeapSize                     = 122909434                              {pd product} {ergonomic}
    uintx ReservedCodeCacheSize                    = 251658240                              {pd product} {ergonomic}
     bool SegmentedCodeCache                       = true                                      {product} {ergonomic}
   size_t SoftMaxHeapSize                          = 536870912                              {manageable} {ergonomic}
     bool UseCompressedClassPointers               = true                           {product lp64_product} {ergonomic}
     bool UseCompressedOops                        = true                           {product lp64_product} {ergonomic}
     bool UseG1GC                                  = true                                      {product} {ergonomic}
     bool UseLargePagesIndividualAllocation        = false                                  {pd product} {ergonomic}

Logging:
Log output configuration:
 #0: stdout all=warning uptime,level,tags
 #1: stderr all=off uptime,level,tags

Environment Variables:
JAVA_HOME=C:\Program Files (x86)\openjdk-17+35_windows-x64_bin\jdk-17
PATH=C:\WINDOWS\system32;C:\WINDOWS;C:\WINDOWS\System32\Wbem;C:\WINDOWS\System32\WindowsPowerShell\v1.0\;C:\WINDOWS\System32\OpenSSH\;C:\Program Files\Bandizip\;C:\Program Files\Git\cmd;C:\Program Files (x86)\openjdk-17+35_windows-x64_bin\jdk-17\bin;C:\Program Files\MySQL\MySQL Server 8.0\bin;C:\Program Files\Docker\Docker\resources\bin;C:\ProgramData\chocolatey\bin;C:\Program Files\nodejs\;C:\Users\qorhk\anaconda3;C:\Users\qorhk\anaconda3\Scripts;C:\Users\qorhk\anaconda3\Library\bin;C:\Users\qorhk\anaconda3\Library\mingw-w64\bin;C:\Users\qorhk\AppData\Local\Microsoft\WindowsApps;;C:\Program Files\JetBrains\IntelliJ IDEA 2023.3.4\bin;;C:\Users\qorhk\AppData\Roaming\npm;C:\Users\qorhk\AppData\Local\Programs\Microsoft VS Code\bin
USERNAME=qorhk
OS=Windows_NT
PROCESSOR_IDENTIFIER=Intel64 Family 6 Model 142 Stepping 12, GenuineIntel



---------------  S Y S T E M  ---------------

OS:
 Windows 10 , 64 bit Build 22621 (10.0.22621.3527)
OS uptime: 1 days 0:09 hours
Hyper-V role detected

CPU: total 8 (initial active 8) (4 cores per cpu, 2 threads per core) family 6 model 142 stepping 12 microcode 0xde, cx8, cmov, fxsr, ht, mmx, 3dnowpref, sse, sse2, sse3, ssse3, sse4.1, sse4.2, popcnt, lzcnt, tsc, tscinvbit, avx, avx2, aes, erms, clmul, bmi1, bmi2, adx, fma, vzeroupper, clflush, clflushopt, hv

Memory: 4k page, system-wide physical 12101M (285M free)
TotalPageFile size 27199M (AvailPageFile size 53M)
current process WorkingSet (physical memory assigned to process): 204M, peak: 204M
current process commit charge ("private bytes"): 411M, peak: 413M

vm_info: OpenJDK 64-Bit Server VM (17+35-2724) for windows-amd64 JRE (17+35-2724), built on Aug  5 2021 23:26:02 by "mach5one" with MS VC++ 16.8 (VS2019)

END.
