#
# There is insufficient memory for the Java Runtime Environment to continue.
# Native memory allocation (malloc) failed to allocate 1073856 bytes for Chunk::new
# Possible reasons:
#   The system is out of physical RAM or swap space
#   The process is running with CompressedOops enabled, and the Java Heap may be blocking the growth of the native heap
# Possible solutions:
#   Reduce memory load on the system
#   Increase physical memory or swap space
#   Check if swap backing store is full
#   Decrease Java heap size (-Xmx/-Xms)
#   Decrease number of Java threads
#   Decrease Java thread stack sizes (-Xss)
#   Set larger code cache with -XX:ReservedCodeCacheSize=
#   JVM is running with Unscaled Compressed Oops mode in which the Java heap is
#     placed in the first 4GB address space. The Java Heap base address is the
#     maximum limit for the native heap growth. Please use -XX:HeapBaseMinAddress
#     to set the Java Heap base and to place the Java Heap above 4GB virtual address.
# This output file may be truncated or incomplete.
#
#  Out of Memory Error (arena.cpp:189), pid=13612, tid=1208
#
# JRE version: OpenJDK Runtime Environment (17.0+35) (build 17+35-2724)
# Java VM: OpenJDK 64-Bit Server VM (17+35-2724, mixed mode, sharing, tiered, compressed oops, compressed class ptrs, g1 gc, windows-amd64)
# No core dump will be written. Minidumps are not enabled by default on client versions of Windows
#

---------------  S U M M A R Y ------------

Command Line: --add-opens=java.base/java.util=ALL-UNNAMED --add-opens=java.base/java.lang=ALL-UNNAMED --add-opens=java.base/java.lang.invoke=ALL-UNNAMED --add-opens=java.prefs/java.util.prefs=ALL-UNNAMED --add-opens=java.base/java.nio.charset=ALL-UNNAMED --add-opens=java.base/java.net=ALL-UNNAMED --add-opens=java.base/java.util.concurrent.atomic=ALL-UNNAMED -XX:MaxMetaspaceSize=384m -XX:+HeapDumpOnOutOfMemoryError -Xms256m -Xmx512m -Dfile.encoding=x-windows-949 -Duser.country=KR -Duser.language=ko -Duser.variant -javaagent:C:\Users\qorhk\.gradle\wrapper\dists\gradle-8.7-bin\bhs2wmbdwecv87pi65oeuq5iu\gradle-8.7\lib\agents\gradle-instrumentation-agent-8.7.jar org.gradle.launcher.daemon.bootstrap.GradleDaemon 8.7

Host: Intel(R) Core(TM) i5-8265U CPU @ 1.60GHz, 8 cores, 11G,  Windows 10 , 64 bit Build 22621 (10.0.22621.3527)
Time: Wed Jun 12 17:02:47 2024  Windows 10 , 64 bit Build 22621 (10.0.22621.3527) elapsed time: 26.783629 seconds (0d 0h 0m 26s)

---------------  T H R E A D  ---------------

Current thread (0x000001ee33ad8080):  JavaThread "C2 CompilerThread0" daemon [_thread_in_native, id=1208, stack(0x00000062f0300000,0x00000062f0400000)]


Current CompileTask:
C2:  26783 7274       4       org.gradle.api.internal.artifacts.ivyservice.modulecache.ModuleMetadataSerializer$Reader::readMavenDependency (148 bytes)

Stack: [0x00000062f0300000,0x00000062f0400000]
Native frames: (J=compiled Java code, j=interpreted, Vv=VM code, C=native code)
V  [jvm.dll+0x66f8ea]
V  [jvm.dll+0x7ce224]
V  [jvm.dll+0x7cf9ce]
V  [jvm.dll+0x7d0033]
V  [jvm.dll+0x242bb5]
V  [jvm.dll+0xaa05b]
V  [jvm.dll+0xaa5ec]
V  [jvm.dll+0x2a954f]
V  [jvm.dll+0x5784b9]
V  [jvm.dll+0x21de2d]
V  [jvm.dll+0x21e20f]
V  [jvm.dll+0x217ada]
V  [jvm.dll+0x214fb5]
V  [jvm.dll+0x1a168d]
V  [jvm.dll+0x2248f8]
V  [jvm.dll+0x222a5c]
V  [jvm.dll+0x78422b]
V  [jvm.dll+0x77e7ea]
V  [jvm.dll+0x66e715]
C  [ucrtbase.dll+0x29333]
C  [KERNEL32.DLL+0x1257d]
C  [ntdll.dll+0x5aa48]


---------------  P R O C E S S  ---------------

Threads class SMR info:
_java_thread_list=0x000001ee36182f10, length=119, elements={
0x000001ee19297770, 0x000001ee33ab15b0, 0x000001ee33ab2420, 0x000001ee33ad3370,
0x000001ee33ad3d30, 0x000001ee33ad48e0, 0x000001ee33ad73a0, 0x000001ee33ad8080,
0x000001ee33ad8a70, 0x000001ee33adb470, 0x000001ee344a6830, 0x000001ee345bdb80,
0x000001ee360e9620, 0x000001ee36619dd0, 0x000001ee366b5aa0, 0x000001ee357d2030,
0x000001ee357d2500, 0x000001ee363b8110, 0x000001ee363ef580, 0x000001ee35426330,
0x000001ee34b06a30, 0x000001ee34b06f00, 0x000001ee34b05220, 0x000001ee34b073d0,
0x000001ee34b06090, 0x000001ee34b03ee0, 0x000001ee34b056f0, 0x000001ee34b05bc0,
0x000001ee34b03a10, 0x000001ee34b043b0, 0x000001ee34b04880, 0x000001ee34b06560,
0x000001ee3675ccb0, 0x000001ee3675a160, 0x000001ee36758e20, 0x000001ee36757fb0,
0x000001ee3675e4c0, 0x000001ee3675a630, 0x000001ee3675e990, 0x000001ee36758950,
0x000001ee3675f330, 0x000001ee3675f800, 0x000001ee3675d180, 0x000001ee36758480,
0x000001ee3675c310, 0x000001ee3675be40, 0x000001ee3675d650, 0x000001ee367592f0,
0x000001ee37f35b40, 0x000001ee37f36e80, 0x000001ee37f37820, 0x000001ee37f36010,
0x000001ee37f34800, 0x000001ee37f364e0, 0x000001ee37f37350, 0x000001ee37f34cd0,
0x000001ee37f33e60, 0x000001ee37f34330, 0x000001ee37f35670, 0x000001ee37f351a0,
0x000001ee36799300, 0x000001ee36798960, 0x000001ee3679c7f0, 0x000001ee367997d0,
0x000001ee3679e000, 0x000001ee36797fc0, 0x000001ee3679b4b0, 0x000001ee3679e9a0,
0x000001ee3679ee70, 0x000001ee3679d190, 0x000001ee3679be50, 0x000001ee3679ccc0,
0x000001ee3679f340, 0x000001ee36799ca0, 0x000001ee3679f810, 0x000001ee3679d660,
0x000001ee36798490, 0x000001ee3679a640, 0x000001ee3679ab10, 0x000001ee36798e30,
0x000001ee3679afe0, 0x000001ee3679e4d0, 0x000001ee3679b980, 0x000001ee3679c320,
0x000001ee3679db30, 0x000001ee37f60fa0, 0x000001ee37f61470, 0x000001ee37f61e10,
0x000001ee37f63620, 0x000001ee37f622e0, 0x000001ee37f627b0, 0x000001ee37f63fc0,
0x000001ee37f63af0, 0x000001ee37f63150, 0x000001ee37f62c80, 0x000001ee37f64490,
0x000001ee37f64960, 0x000001ee395b4e90, 0x000001ee395b2ce0, 0x000001ee395afcc0,
0x000001ee395b31b0, 0x000001ee395b2810, 0x000001ee395ad640, 0x000001ee395b2340,
0x000001ee395b44f0, 0x000001ee395b0b30, 0x000001ee395b4020, 0x000001ee395b3680,
0x000001ee395b0190, 0x000001ee395b3b50, 0x000001ee395b49c0, 0x000001ee395b19a0,
0x000001ee395adb10, 0x000001ee395adfe0, 0x000001ee395ae980, 0x000001ee395af7f0,
0x000001ee395aee50, 0x000001ee395af320, 0x000001ee395b0660
}

Java Threads: ( => current thread )
  0x000001ee19297770 JavaThread "main" [_thread_blocked, id=21640, stack(0x00000062ef600000,0x00000062ef700000)]
  0x000001ee33ab15b0 JavaThread "Reference Handler" daemon [_thread_blocked, id=11284, stack(0x00000062efd00000,0x00000062efe00000)]
  0x000001ee33ab2420 JavaThread "Finalizer" daemon [_thread_blocked, id=21336, stack(0x00000062efe00000,0x00000062eff00000)]
  0x000001ee33ad3370 JavaThread "Signal Dispatcher" daemon [_thread_blocked, id=20544, stack(0x00000062eff00000,0x00000062f0000000)]
  0x000001ee33ad3d30 JavaThread "Attach Listener" daemon [_thread_blocked, id=13644, stack(0x00000062f0000000,0x00000062f0100000)]
  0x000001ee33ad48e0 JavaThread "Service Thread" daemon [_thread_blocked, id=11668, stack(0x00000062f0100000,0x00000062f0200000)]
  0x000001ee33ad73a0 JavaThread "Monitor Deflation Thread" daemon [_thread_blocked, id=13464, stack(0x00000062f0200000,0x00000062f0300000)]
=>0x000001ee33ad8080 JavaThread "C2 CompilerThread0" daemon [_thread_in_native, id=1208, stack(0x00000062f0300000,0x00000062f0400000)]
  0x000001ee33ad8a70 JavaThread "C1 CompilerThread0" daemon [_thread_blocked, id=12308, stack(0x00000062f0400000,0x00000062f0500000)]
  0x000001ee33adb470 JavaThread "Sweeper thread" daemon [_thread_blocked, id=17484, stack(0x00000062f0500000,0x00000062f0600000)]
  0x000001ee344a6830 JavaThread "Common-Cleaner" daemon [_thread_blocked, id=1472, stack(0x00000062f0600000,0x00000062f0700000)]
  0x000001ee345bdb80 JavaThread "Notification Thread" daemon [_thread_blocked, id=1408, stack(0x00000062f0700000,0x00000062f0800000)]
  0x000001ee360e9620 JavaThread "Daemon health stats" [_thread_blocked, id=1140, stack(0x00000062f0e00000,0x00000062f0f00000)]
  0x000001ee36619dd0 JavaThread "Incoming local TCP Connector on port 61915" [_thread_in_native, id=21988, stack(0x00000062f0f00000,0x00000062f1000000)]
  0x000001ee366b5aa0 JavaThread "Daemon periodic checks" [_thread_blocked, id=17568, stack(0x00000062f1000000,0x00000062f1100000)]
  0x000001ee357d2030 JavaThread "Daemon" [_thread_blocked, id=20708, stack(0x00000062f1200000,0x00000062f1300000)]
  0x000001ee357d2500 JavaThread "Handler for socket connection from /127.0.0.1:61915 to /127.0.0.1:61916" [_thread_in_native, id=7616, stack(0x00000062f1300000,0x00000062f1400000)]
  0x000001ee363b8110 JavaThread "Cancel handler" [_thread_blocked, id=12808, stack(0x00000062f1400000,0x00000062f1500000)]
  0x000001ee363ef580 JavaThread "Daemon worker" [_thread_blocked, id=16768, stack(0x00000062f1500000,0x00000062f1600000)]
  0x000001ee35426330 JavaThread "Asynchronous log dispatcher for DefaultDaemonConnection: socket connection from /127.0.0.1:61915 to /127.0.0.1:61916" [_thread_blocked, id=16540, stack(0x00000062f1600000,0x00000062f1700000)]
  0x000001ee34b06a30 JavaThread "Stdin handler" [_thread_blocked, id=20064, stack(0x00000062f1700000,0x00000062f1800000)]
  0x000001ee34b06f00 JavaThread "Daemon client event forwarder" [_thread_blocked, id=20348, stack(0x00000062f1800000,0x00000062f1900000)]
  0x000001ee34b05220 JavaThread "Cache worker for journal cache (C:\Users\qorhk\.gradle\caches\journal-1)" [_thread_blocked, id=11456, stack(0x00000062f1100000,0x00000062f1200000)]
  0x000001ee34b073d0 JavaThread "File lock request listener" [_thread_in_native, id=996, stack(0x00000062f1900000,0x00000062f1a00000)]
  0x000001ee34b06090 JavaThread "Cache worker for file hash cache (C:\Users\qorhk\.gradle\caches\8.7\fileHashes)" [_thread_blocked, id=17840, stack(0x00000062f1a00000,0x00000062f1b00000)]
  0x000001ee34b03ee0 JavaThread "Cache worker for file hash cache (C:\Users\qorhk\JSggun\backend\api\.gradle\8.7\fileHashes)" [_thread_blocked, id=6732, stack(0x00000062f1e00000,0x00000062f1f00000)]
  0x000001ee34b056f0 JavaThread "File watcher server" daemon [_thread_in_native, id=10436, stack(0x00000062f1f00000,0x00000062f2000000)]
  0x000001ee34b05bc0 JavaThread "File watcher consumer" daemon [_thread_blocked, id=16032, stack(0x00000062f2000000,0x00000062f2100000)]
  0x000001ee34b03a10 JavaThread "Cache worker for checksums cache (C:\Users\qorhk\JSggun\backend\api\.gradle\8.7\checksums)" [_thread_blocked, id=17248, stack(0x00000062f2200000,0x00000062f2300000)]
  0x000001ee34b043b0 JavaThread "Cache worker for cache directory md-supplier (C:\Users\qorhk\.gradle\caches\8.7\md-supplier)" [_thread_blocked, id=22300, stack(0x00000062f2300000,0x00000062f2400000)]
  0x000001ee34b04880 JavaThread "Cache worker for cache directory md-rule (C:\Users\qorhk\.gradle\caches\8.7\md-rule)" [_thread_blocked, id=21804, stack(0x00000062f2400000,0x00000062f2500000)]
  0x000001ee34b06560 JavaThread "Cache worker for file content cache (C:\Users\qorhk\.gradle\caches\8.7\fileContent)" [_thread_blocked, id=2008, stack(0x00000062f2500000,0x00000062f2600000)]
  0x000001ee3675ccb0 JavaThread "jar transforms" [_thread_blocked, id=2756, stack(0x00000062f1b00000,0x00000062f1c00000)]
  0x000001ee3675a160 JavaThread "File lock release action executor" [_thread_in_vm, id=15184, stack(0x00000062f2600000,0x00000062f2700000)]
  0x000001ee36758e20 JavaThread "jar transforms Thread 2" [_thread_blocked, id=11308, stack(0x00000062f2700000,0x00000062f2800000)]
  0x000001ee36757fb0 JavaThread "jar transforms Thread 3" [_thread_blocked, id=3172, stack(0x00000062f2800000,0x00000062f2900000)]
  0x000001ee3675e4c0 JavaThread "jar transforms Thread 4" [_thread_blocked, id=11704, stack(0x00000062f2900000,0x00000062f2a00000)]
  0x000001ee3675a630 JavaThread "jar transforms Thread 5" [_thread_blocked, id=18524, stack(0x00000062f2a00000,0x00000062f2b00000)]
  0x000001ee3675e990 JavaThread "jar transforms Thread 6" [_thread_blocked, id=8704, stack(0x00000062f2b00000,0x00000062f2c00000)]
  0x000001ee36758950 JavaThread "Cache worker for Build Output Cleanup Cache (C:\Users\qorhk\JSggun\backend\api\.gradle\buildOutputCleanup)" [_thread_blocked, id=20476, stack(0x00000062f2c00000,0x00000062f2d00000)]
  0x000001ee3675f330 JavaThread "jar transforms Thread 7" [_thread_blocked, id=8900, stack(0x00000062f2d00000,0x00000062f2e00000)]
  0x000001ee3675f800 JavaThread "Unconstrained build operations" [_thread_blocked, id=14724, stack(0x00000062f2e00000,0x00000062f2f00000)]
  0x000001ee3675d180 JavaThread "Unconstrained build operations Thread 2" [_thread_blocked, id=20264, stack(0x00000062f2f00000,0x00000062f3000000)]
  0x000001ee36758480 JavaThread "Unconstrained build operations Thread 3" [_thread_blocked, id=16964, stack(0x00000062f3000000,0x00000062f3100000)]
  0x000001ee3675c310 JavaThread "Unconstrained build operations Thread 4" [_thread_blocked, id=22180, stack(0x00000062f3100000,0x00000062f3200000)]
  0x000001ee3675be40 JavaThread "Unconstrained build operations Thread 5" [_thread_blocked, id=11040, stack(0x00000062f3200000,0x00000062f3300000)]
  0x000001ee3675d650 JavaThread "Unconstrained build operations Thread 6" [_thread_blocked, id=18844, stack(0x00000062f3300000,0x00000062f3400000)]
  0x000001ee367592f0 JavaThread "Unconstrained build operations Thread 7" [_thread_blocked, id=4744, stack(0x00000062f3400000,0x00000062f3500000)]
  0x000001ee37f35b40 JavaThread "Unconstrained build operations Thread 8" [_thread_blocked, id=6644, stack(0x00000062f3500000,0x00000062f3600000)]
  0x000001ee37f36e80 JavaThread "Unconstrained build operations Thread 9" [_thread_blocked, id=14840, stack(0x00000062f3600000,0x00000062f3700000)]
  0x000001ee37f37820 JavaThread "Unconstrained build operations Thread 10" [_thread_blocked, id=15452, stack(0x00000062f3700000,0x00000062f3800000)]
  0x000001ee37f36010 JavaThread "Unconstrained build operations Thread 11" [_thread_blocked, id=3952, stack(0x00000062f3800000,0x00000062f3900000)]
  0x000001ee37f34800 JavaThread "Unconstrained build operations Thread 12" [_thread_blocked, id=7656, stack(0x00000062f3900000,0x00000062f3a00000)]
  0x000001ee37f364e0 JavaThread "Unconstrained build operations Thread 13" [_thread_blocked, id=14080, stack(0x00000062f3a00000,0x00000062f3b00000)]
  0x000001ee37f37350 JavaThread "Unconstrained build operations Thread 14" [_thread_blocked, id=12740, stack(0x00000062f3b00000,0x00000062f3c00000)]
  0x000001ee37f34cd0 JavaThread "Memory manager" [_thread_blocked, id=3948, stack(0x00000062f3c00000,0x00000062f3d00000)]
  0x000001ee37f33e60 JavaThread "jar transforms Thread 8" [_thread_blocked, id=5468, stack(0x00000062f3d00000,0x00000062f3e00000)]
  0x000001ee37f34330 JavaThread "included builds" [_thread_in_native, id=8068, stack(0x00000062f3e00000,0x00000062f3f00000)]
  0x000001ee37f35670 JavaThread "Execution worker" [_thread_blocked, id=8012, stack(0x00000062f3f00000,0x00000062f4000000)]
  0x000001ee37f351a0 JavaThread "Execution worker Thread 2" [_thread_blocked, id=11432, stack(0x00000062f4000000,0x00000062f4100000)]
  0x000001ee36799300 JavaThread "Execution worker Thread 3" [_thread_blocked, id=20532, stack(0x00000062f4100000,0x00000062f4200000)]
  0x000001ee36798960 JavaThread "Execution worker Thread 4" [_thread_blocked, id=8768, stack(0x00000062f4200000,0x00000062f4300000)]
  0x000001ee3679c7f0 JavaThread "Execution worker Thread 5" [_thread_blocked, id=22408, stack(0x00000062f4300000,0x00000062f4400000)]
  0x000001ee367997d0 JavaThread "Execution worker Thread 6" [_thread_blocked, id=8660, stack(0x00000062f4400000,0x00000062f4500000)]
  0x000001ee3679e000 JavaThread "Execution worker Thread 7" [_thread_blocked, id=9548, stack(0x00000062f4500000,0x00000062f4600000)]
  0x000001ee36797fc0 JavaThread "Cache worker for execution history cache (C:\Users\qorhk\JSggun\backend\api\.gradle\8.7\executionHistory)" [_thread_blocked, id=16080, stack(0x00000062f4600000,0x00000062f4700000)]
  0x000001ee3679b4b0 JavaThread "Daemon Thread 2" [_thread_blocked, id=9968, stack(0x00000062f4700000,0x00000062f4800000)]
  0x000001ee3679e9a0 JavaThread "Unconstrained build operations Thread 15" [_thread_blocked, id=21716, stack(0x00000062f4800000,0x00000062f4900000)]
  0x000001ee3679ee70 JavaThread "Unconstrained build operations Thread 16" [_thread_blocked, id=7172, stack(0x00000062f4900000,0x00000062f4a00000)]
  0x000001ee3679d190 JavaThread "Unconstrained build operations Thread 17" [_thread_blocked, id=16344, stack(0x00000062f4a00000,0x00000062f4b00000)]
  0x000001ee3679be50 JavaThread "Unconstrained build operations Thread 18" [_thread_blocked, id=20088, stack(0x00000062f4b00000,0x00000062f4c00000)]
  0x000001ee3679ccc0 JavaThread "Unconstrained build operations Thread 19" [_thread_blocked, id=20732, stack(0x00000062f4c00000,0x00000062f4d00000)]
  0x000001ee3679f340 JavaThread "Unconstrained build operations Thread 20" [_thread_blocked, id=21364, stack(0x00000062f4d00000,0x00000062f4e00000)]
  0x000001ee36799ca0 JavaThread "Unconstrained build operations Thread 21" [_thread_blocked, id=18044, stack(0x00000062f4e00000,0x00000062f4f00000)]
  0x000001ee3679f810 JavaThread "Unconstrained build operations Thread 22" [_thread_blocked, id=1228, stack(0x00000062f4f00000,0x00000062f5000000)]
  0x000001ee3679d660 JavaThread "Unconstrained build operations Thread 23" [_thread_blocked, id=1684, stack(0x00000062f5000000,0x00000062f5100000)]
  0x000001ee36798490 JavaThread "Unconstrained build operations Thread 24" [_thread_blocked, id=16204, stack(0x00000062f5100000,0x00000062f5200000)]
  0x000001ee3679a640 JavaThread "Unconstrained build operations Thread 25" [_thread_blocked, id=2664, stack(0x00000062f5200000,0x00000062f5300000)]
  0x000001ee3679ab10 JavaThread "Unconstrained build operations Thread 26" [_thread_blocked, id=13720, stack(0x00000062f5300000,0x00000062f5400000)]
  0x000001ee36798e30 JavaThread "Unconstrained build operations Thread 27" [_thread_blocked, id=20624, stack(0x00000062f5400000,0x00000062f5500000)]
  0x000001ee3679afe0 JavaThread "Unconstrained build operations Thread 28" [_thread_blocked, id=15372, stack(0x00000062f5500000,0x00000062f5600000)]
  0x000001ee3679e4d0 JavaThread "Unconstrained build operations Thread 29" [_thread_blocked, id=3236, stack(0x00000062f5600000,0x00000062f5700000)]
  0x000001ee3679b980 JavaThread "Unconstrained build operations Thread 30" [_thread_blocked, id=14220, stack(0x00000062f5700000,0x00000062f5800000)]
  0x000001ee3679c320 JavaThread "Unconstrained build operations Thread 31" [_thread_blocked, id=4480, stack(0x00000062f5800000,0x00000062f5900000)]
  0x000001ee3679db30 JavaThread "Unconstrained build operations Thread 32" [_thread_blocked, id=20560, stack(0x00000062f5900000,0x00000062f5a00000)]
  0x000001ee37f60fa0 JavaThread "Unconstrained build operations Thread 33" [_thread_blocked, id=18744, stack(0x00000062f5a00000,0x00000062f5b00000)]
  0x000001ee37f61470 JavaThread "Unconstrained build operations Thread 34" [_thread_blocked, id=5364, stack(0x00000062f5b00000,0x00000062f5c00000)]
  0x000001ee37f61e10 JavaThread "Unconstrained build operations Thread 35" [_thread_blocked, id=12600, stack(0x00000062f5c00000,0x00000062f5d00000)]
  0x000001ee37f63620 JavaThread "Unconstrained build operations Thread 36" [_thread_blocked, id=12952, stack(0x00000062f5d00000,0x00000062f5e00000)]
  0x000001ee37f622e0 JavaThread "Unconstrained build operations Thread 37" [_thread_blocked, id=9668, stack(0x00000062f5e00000,0x00000062f5f00000)]
  0x000001ee37f627b0 JavaThread "Unconstrained build operations Thread 38" [_thread_blocked, id=9748, stack(0x00000062f5f00000,0x00000062f6000000)]
  0x000001ee37f63fc0 JavaThread "Unconstrained build operations Thread 39" [_thread_blocked, id=11508, stack(0x00000062f6000000,0x00000062f6100000)]
  0x000001ee37f63af0 JavaThread "Unconstrained build operations Thread 40" [_thread_blocked, id=22248, stack(0x00000062f6100000,0x00000062f6200000)]
  0x000001ee37f63150 JavaThread "Unconstrained build operations Thread 41" [_thread_blocked, id=21572, stack(0x00000062f6200000,0x00000062f6300000)]
  0x000001ee37f62c80 JavaThread "Unconstrained build operations Thread 42" [_thread_blocked, id=4312, stack(0x00000062f6300000,0x00000062f6400000)]
  0x000001ee37f64490 JavaThread "Unconstrained build operations Thread 43" [_thread_blocked, id=19464, stack(0x00000062f6400000,0x00000062f6500000)]
  0x000001ee37f64960 JavaThread "Unconstrained build operations Thread 44" [_thread_blocked, id=3468, stack(0x00000062f6500000,0x00000062f6600000)]
  0x000001ee395b4e90 JavaThread "Unconstrained build operations Thread 45" [_thread_blocked, id=19352, stack(0x00000062f6600000,0x00000062f6700000)]
  0x000001ee395b2ce0 JavaThread "Unconstrained build operations Thread 46" [_thread_blocked, id=19792, stack(0x00000062f6700000,0x00000062f6800000)]
  0x000001ee395afcc0 JavaThread "Unconstrained build operations Thread 47" [_thread_blocked, id=16304, stack(0x00000062f6800000,0x00000062f6900000)]
  0x000001ee395b31b0 JavaThread "Unconstrained build operations Thread 48" [_thread_blocked, id=19536, stack(0x00000062f6900000,0x00000062f6a00000)]
  0x000001ee395b2810 JavaThread "Unconstrained build operations Thread 49" [_thread_blocked, id=19940, stack(0x00000062f6a00000,0x00000062f6b00000)]
  0x000001ee395ad640 JavaThread "Unconstrained build operations Thread 50" [_thread_blocked, id=4492, stack(0x00000062f6b00000,0x00000062f6c00000)]
  0x000001ee395b2340 JavaThread "Unconstrained build operations Thread 51" [_thread_blocked, id=19592, stack(0x00000062f6c00000,0x00000062f6d00000)]
  0x000001ee395b44f0 JavaThread "Unconstrained build operations Thread 52" [_thread_blocked, id=7364, stack(0x00000062f6d00000,0x00000062f6e00000)]
  0x000001ee395b0b30 JavaThread "Unconstrained build operations Thread 53" [_thread_blocked, id=4360, stack(0x00000062f6e00000,0x00000062f6f00000)]
  0x000001ee395b4020 JavaThread "Unconstrained build operations Thread 54" [_thread_blocked, id=4676, stack(0x00000062f6f00000,0x00000062f7000000)]
  0x000001ee395b3680 JavaThread "Unconstrained build operations Thread 55" [_thread_blocked, id=7820, stack(0x00000062f7000000,0x00000062f7100000)]
  0x000001ee395b0190 JavaThread "Unconstrained build operations Thread 56" [_thread_blocked, id=18980, stack(0x00000062f7100000,0x00000062f7200000)]
  0x000001ee395b3b50 JavaThread "Unconstrained build operations Thread 57" [_thread_blocked, id=12084, stack(0x00000062f7200000,0x00000062f7300000)]
  0x000001ee395b49c0 JavaThread "Unconstrained build operations Thread 58" [_thread_blocked, id=7504, stack(0x00000062f7300000,0x00000062f7400000)]
  0x000001ee395b19a0 JavaThread "Unconstrained build operations Thread 59" [_thread_blocked, id=13456, stack(0x00000062f7400000,0x00000062f7500000)]
  0x000001ee395adb10 JavaThread "Unconstrained build operations Thread 60" [_thread_blocked, id=9712, stack(0x00000062f7500000,0x00000062f7600000)]
  0x000001ee395adfe0 JavaThread "Unconstrained build operations Thread 61" [_thread_blocked, id=15208, stack(0x00000062f7600000,0x00000062f7700000)]
  0x000001ee395ae980 JavaThread "Unconstrained build operations Thread 62" [_thread_blocked, id=19664, stack(0x00000062f7700000,0x00000062f7800000)]
  0x000001ee395af7f0 JavaThread "Unconstrained build operations Thread 63" [_thread_blocked, id=14596, stack(0x00000062f7800000,0x00000062f7900000)]
  0x000001ee395aee50 JavaThread "Unconstrained build operations Thread 64" [_thread_blocked, id=4012, stack(0x00000062f7900000,0x00000062f7a00000)]
  0x000001ee395af320 JavaThread "Unconstrained build operations Thread 65" [_thread_blocked, id=12044, stack(0x00000062f7a00000,0x00000062f7b00000)]
  0x000001ee395b0660 JavaThread "Unconstrained build operations Thread 66" [_thread_blocked, id=12128, stack(0x00000062f7b00000,0x00000062f7c00000)]

Other Threads:
  0x000001ee33aaa650 VMThread "VM Thread" [stack: 0x00000062efc00000,0x00000062efd00000] [id=21612]
  0x000001ee345be050 WatcherThread [stack: 0x00000062f0800000,0x00000062f0900000] [id=4128]
  0x000001ee192c2270 GCTaskThread "GC Thread#0" [stack: 0x00000062ef700000,0x00000062ef800000] [id=13832]
  0x000001ee3512c900 GCTaskThread "GC Thread#1" [stack: 0x00000062f0900000,0x00000062f0a00000] [id=21596]
  0x000001ee3512cbb0 GCTaskThread "GC Thread#2" [stack: 0x00000062f0a00000,0x00000062f0b00000] [id=22156]
  0x000001ee350dd030 GCTaskThread "GC Thread#3" [stack: 0x00000062f0b00000,0x00000062f0c00000] [id=5148]
  0x000001ee350dd2e0 GCTaskThread "GC Thread#4" [stack: 0x00000062f0c00000,0x00000062f0d00000] [id=19572]
  0x000001ee350dd590 GCTaskThread "GC Thread#5" [stack: 0x00000062f0d00000,0x00000062f0e00000] [id=18080]
  0x000001ee38638010 GCTaskThread "GC Thread#6" [stack: 0x00000062f1c00000,0x00000062f1d00000] [id=8524]
  0x000001ee387292c0 GCTaskThread "GC Thread#7" [stack: 0x00000062f1d00000,0x00000062f1e00000] [id=4524]
  0x000001ee192c71b0 ConcurrentGCThread "G1 Main Marker" [stack: 0x00000062ef800000,0x00000062ef900000] [id=18712]
  0x000001ee192c7bc0 ConcurrentGCThread "G1 Conc#0" [stack: 0x00000062ef900000,0x00000062efa00000] [id=20248]
  0x000001ee38c0e590 ConcurrentGCThread "G1 Conc#1" [stack: 0x00000062f2100000,0x00000062f2200000] [id=15044]
  0x000001ee1935de10 ConcurrentGCThread "G1 Refine#0" [stack: 0x00000062efa00000,0x00000062efb00000] [id=18916]
  0x000001ee1935e830 ConcurrentGCThread "G1 Service" [stack: 0x00000062efb00000,0x00000062efc00000] [id=7564]

Threads with active compile tasks:
C2 CompilerThread0    26838 7274       4       org.gradle.api.internal.artifacts.ivyservice.modulecache.ModuleMetadataSerializer$Reader::readMavenDependency (148 bytes)

VM state: not at safepoint (normal execution)

VM Mutex/Monitor currently owned by a thread: None

Heap address: 0x00000000e0000000, size: 512 MB, Compressed Oops mode: 32-bit

CDS archive(s) mapped at: [0x0000000800000000-0x0000000800bc0000-0x0000000800bc0000), size 12320768, SharedBaseAddress: 0x0000000800000000, ArchiveRelocationMode: 0.
Compressed class space mapped at: 0x0000000800c00000-0x0000000814000000, reserved size: 322961408
Narrow klass base: 0x0000000800000000, Narrow klass shift: 0, Narrow klass range: 0x100000000

GC Precious Log:
 CPUs: 8 total, 8 available
 Memory: 12101M
 Large Page Support: Disabled
 NUMA Support: Disabled
 Compressed Oops: Enabled (32-bit)
 Heap Region Size: 1M
 Heap Min Capacity: 256M
 Heap Initial Capacity: 256M
 Heap Max Capacity: 512M
 Pre-touch: Disabled
 Parallel Workers: 8
 Concurrent Workers: 2
 Concurrent Refinement Workers: 8
 Periodic GC: Disabled

Heap:
 garbage-first heap   total 262144K, used 124513K [0x00000000e0000000, 0x0000000100000000)
  region size 1024K, 85 young (87040K), 3 survivors (3072K)
 Metaspace       used 52846K, committed 53376K, reserved 364544K
  class space    used 7493K, committed 7744K, reserved 315392K

Heap Regions: E=young(eden), S=young(survivor), O=old, HS=humongous(starts), HC=humongous(continues), CS=collection set, F=free, OA=open archive, CA=closed archive, TAMS=top-at-mark-start (previous, next)
|   0|0x00000000e0000000, 0x00000000e0100000, 0x00000000e0100000|100%|HS|  |TAMS 0x00000000e0100000, 0x00000000e0000000| Complete 
|   1|0x00000000e0100000, 0x00000000e0200000, 0x00000000e0200000|100%|HC|  |TAMS 0x00000000e0200000, 0x00000000e0100000| Complete 
|   2|0x00000000e0200000, 0x00000000e0300000, 0x00000000e0300000|100%|HC|  |TAMS 0x00000000e0300000, 0x00000000e0200000| Complete 
|   3|0x00000000e0300000, 0x00000000e0400000, 0x00000000e0400000|100%|HC|  |TAMS 0x00000000e0400000, 0x00000000e0300000| Complete 
|   4|0x00000000e0400000, 0x00000000e0500000, 0x00000000e0500000|100%| O|  |TAMS 0x00000000e0500000, 0x00000000e0400000| Untracked 
|   5|0x00000000e0500000, 0x00000000e0500000, 0x00000000e0600000|  0%| F|  |TAMS 0x00000000e0500000, 0x00000000e0500000| Untracked 
|   6|0x00000000e0600000, 0x00000000e0700000, 0x00000000e0700000|100%| O|  |TAMS 0x00000000e0700000, 0x00000000e0600000| Untracked 
|   7|0x00000000e0700000, 0x00000000e0800000, 0x00000000e0800000|100%| O|  |TAMS 0x00000000e0800000, 0x00000000e0700000| Untracked 
|   8|0x00000000e0800000, 0x00000000e0900000, 0x00000000e0900000|100%| O|  |TAMS 0x00000000e0900000, 0x00000000e0800000| Untracked 
|   9|0x00000000e0900000, 0x00000000e0a00000, 0x00000000e0a00000|100%| O|  |TAMS 0x00000000e0a00000, 0x00000000e0900000| Untracked 
|  10|0x00000000e0a00000, 0x00000000e0b00000, 0x00000000e0b00000|100%| O|  |TAMS 0x00000000e0a6c400, 0x00000000e0a00000| Untracked 
|  11|0x00000000e0b00000, 0x00000000e0c00000, 0x00000000e0c00000|100%| O|  |TAMS 0x00000000e0b00000, 0x00000000e0b00000| Untracked 
|  12|0x00000000e0c00000, 0x00000000e0d00000, 0x00000000e0d00000|100%| O|  |TAMS 0x00000000e0c00000, 0x00000000e0c00000| Untracked 
|  13|0x00000000e0d00000, 0x00000000e0e00000, 0x00000000e0e00000|100%| O|  |TAMS 0x00000000e0d00000, 0x00000000e0d00000| Untracked 
|  14|0x00000000e0e00000, 0x00000000e0f00000, 0x00000000e0f00000|100%| O|  |TAMS 0x00000000e0e00000, 0x00000000e0e00000| Untracked 
|  15|0x00000000e0f00000, 0x00000000e1000000, 0x00000000e1000000|100%| O|  |TAMS 0x00000000e0f00000, 0x00000000e0f00000| Untracked 
|  16|0x00000000e1000000, 0x00000000e1100000, 0x00000000e1100000|100%| O|  |TAMS 0x00000000e1000000, 0x00000000e1000000| Untracked 
|  17|0x00000000e1100000, 0x00000000e1200000, 0x00000000e1200000|100%| O|  |TAMS 0x00000000e1100000, 0x00000000e1100000| Untracked 
|  18|0x00000000e1200000, 0x00000000e1300000, 0x00000000e1300000|100%| O|  |TAMS 0x00000000e1200000, 0x00000000e1200000| Untracked 
|  19|0x00000000e1300000, 0x00000000e1400000, 0x00000000e1400000|100%| O|  |TAMS 0x00000000e1300000, 0x00000000e1300000| Untracked 
|  20|0x00000000e1400000, 0x00000000e1500000, 0x00000000e1500000|100%| O|  |TAMS 0x00000000e1400000, 0x00000000e1400000| Untracked 
|  21|0x00000000e1500000, 0x00000000e1600000, 0x00000000e1600000|100%| O|  |TAMS 0x00000000e1500000, 0x00000000e1500000| Untracked 
|  22|0x00000000e1600000, 0x00000000e1700000, 0x00000000e1700000|100%| O|  |TAMS 0x00000000e1600000, 0x00000000e1600000| Untracked 
|  23|0x00000000e1700000, 0x00000000e1800000, 0x00000000e1800000|100%| O|  |TAMS 0x00000000e1700000, 0x00000000e1700000| Untracked 
|  24|0x00000000e1800000, 0x00000000e1900000, 0x00000000e1900000|100%| O|  |TAMS 0x00000000e1800000, 0x00000000e1800000| Untracked 
|  25|0x00000000e1900000, 0x00000000e1a00000, 0x00000000e1a00000|100%| O|  |TAMS 0x00000000e1900000, 0x00000000e1900000| Untracked 
|  26|0x00000000e1a00000, 0x00000000e1b00000, 0x00000000e1b00000|100%| O|  |TAMS 0x00000000e1a00000, 0x00000000e1a00000| Untracked 
|  27|0x00000000e1b00000, 0x00000000e1c00000, 0x00000000e1c00000|100%| O|  |TAMS 0x00000000e1b00000, 0x00000000e1b00000| Untracked 
|  28|0x00000000e1c00000, 0x00000000e1d00000, 0x00000000e1d00000|100%| O|  |TAMS 0x00000000e1c00000, 0x00000000e1c00000| Untracked 
|  29|0x00000000e1d00000, 0x00000000e1e00000, 0x00000000e1e00000|100%| O|  |TAMS 0x00000000e1d00000, 0x00000000e1d00000| Untracked 
|  30|0x00000000e1e00000, 0x00000000e1f00000, 0x00000000e1f00000|100%| O|  |TAMS 0x00000000e1e00000, 0x00000000e1e00000| Untracked 
|  31|0x00000000e1f00000, 0x00000000e2000000, 0x00000000e2000000|100%| O|  |TAMS 0x00000000e1f00000, 0x00000000e1f00000| Untracked 
|  32|0x00000000e2000000, 0x00000000e2100000, 0x00000000e2100000|100%| O|  |TAMS 0x00000000e2000000, 0x00000000e2000000| Untracked 
|  33|0x00000000e2100000, 0x00000000e2200000, 0x00000000e2200000|100%| O|  |TAMS 0x00000000e2100000, 0x00000000e2100000| Untracked 
|  34|0x00000000e2200000, 0x00000000e2300000, 0x00000000e2300000|100%| O|  |TAMS 0x00000000e2200000, 0x00000000e2200000| Untracked 
|  35|0x00000000e2300000, 0x00000000e2400000, 0x00000000e2400000|100%| O|  |TAMS 0x00000000e2300000, 0x00000000e2300000| Untracked 
|  36|0x00000000e2400000, 0x00000000e2500000, 0x00000000e2500000|100%| O|  |TAMS 0x00000000e2400000, 0x00000000e2400000| Untracked 
|  37|0x00000000e2500000, 0x00000000e2600000, 0x00000000e2600000|100%| O|  |TAMS 0x00000000e2500000, 0x00000000e2500000| Untracked 
|  38|0x00000000e2600000, 0x00000000e2700000, 0x00000000e2700000|100%| O|  |TAMS 0x00000000e2600000, 0x00000000e2600000| Untracked 
|  39|0x00000000e2700000, 0x00000000e2800000, 0x00000000e2800000|100%| O|  |TAMS 0x00000000e2700000, 0x00000000e2700000| Untracked 
|  40|0x00000000e2800000, 0x00000000e2839200, 0x00000000e2900000| 22%| O|  |TAMS 0x00000000e2800000, 0x00000000e2800000| Untracked 
|  41|0x00000000e2900000, 0x00000000e2900000, 0x00000000e2a00000|  0%| F|  |TAMS 0x00000000e2900000, 0x00000000e2900000| Untracked 
|  42|0x00000000e2a00000, 0x00000000e2a00000, 0x00000000e2b00000|  0%| F|  |TAMS 0x00000000e2a00000, 0x00000000e2a00000| Untracked 
|  43|0x00000000e2b00000, 0x00000000e2b00000, 0x00000000e2c00000|  0%| F|  |TAMS 0x00000000e2b00000, 0x00000000e2b00000| Untracked 
|  44|0x00000000e2c00000, 0x00000000e2c00000, 0x00000000e2d00000|  0%| F|  |TAMS 0x00000000e2c00000, 0x00000000e2c00000| Untracked 
|  45|0x00000000e2d00000, 0x00000000e2d00000, 0x00000000e2e00000|  0%| F|  |TAMS 0x00000000e2d00000, 0x00000000e2d00000| Untracked 
|  46|0x00000000e2e00000, 0x00000000e2e00000, 0x00000000e2f00000|  0%| F|  |TAMS 0x00000000e2e00000, 0x00000000e2e00000| Untracked 
|  47|0x00000000e2f00000, 0x00000000e2f00000, 0x00000000e3000000|  0%| F|  |TAMS 0x00000000e2f00000, 0x00000000e2f00000| Untracked 
|  48|0x00000000e3000000, 0x00000000e3000000, 0x00000000e3100000|  0%| F|  |TAMS 0x00000000e3000000, 0x00000000e3000000| Untracked 
|  49|0x00000000e3100000, 0x00000000e3100000, 0x00000000e3200000|  0%| F|  |TAMS 0x00000000e3100000, 0x00000000e3100000| Untracked 
|  50|0x00000000e3200000, 0x00000000e3200000, 0x00000000e3300000|  0%| F|  |TAMS 0x00000000e3200000, 0x00000000e3200000| Untracked 
|  51|0x00000000e3300000, 0x00000000e3300000, 0x00000000e3400000|  0%| F|  |TAMS 0x00000000e3300000, 0x00000000e3300000| Untracked 
|  52|0x00000000e3400000, 0x00000000e3400000, 0x00000000e3500000|  0%| F|  |TAMS 0x00000000e3400000, 0x00000000e3400000| Untracked 
|  53|0x00000000e3500000, 0x00000000e3500000, 0x00000000e3600000|  0%| F|  |TAMS 0x00000000e3500000, 0x00000000e3500000| Untracked 
|  54|0x00000000e3600000, 0x00000000e3600000, 0x00000000e3700000|  0%| F|  |TAMS 0x00000000e3600000, 0x00000000e3600000| Untracked 
|  55|0x00000000e3700000, 0x00000000e3700000, 0x00000000e3800000|  0%| F|  |TAMS 0x00000000e3700000, 0x00000000e3700000| Untracked 
|  56|0x00000000e3800000, 0x00000000e3800000, 0x00000000e3900000|  0%| F|  |TAMS 0x00000000e3800000, 0x00000000e3800000| Untracked 
|  57|0x00000000e3900000, 0x00000000e3900000, 0x00000000e3a00000|  0%| F|  |TAMS 0x00000000e3900000, 0x00000000e3900000| Untracked 
|  58|0x00000000e3a00000, 0x00000000e3a00000, 0x00000000e3b00000|  0%| F|  |TAMS 0x00000000e3a00000, 0x00000000e3a00000| Untracked 
|  59|0x00000000e3b00000, 0x00000000e3b00000, 0x00000000e3c00000|  0%| F|  |TAMS 0x00000000e3b00000, 0x00000000e3b00000| Untracked 
|  60|0x00000000e3c00000, 0x00000000e3c00000, 0x00000000e3d00000|  0%| F|  |TAMS 0x00000000e3c00000, 0x00000000e3c00000| Untracked 
|  61|0x00000000e3d00000, 0x00000000e3d00000, 0x00000000e3e00000|  0%| F|  |TAMS 0x00000000e3d00000, 0x00000000e3d00000| Untracked 
|  62|0x00000000e3e00000, 0x00000000e3e00000, 0x00000000e3f00000|  0%| F|  |TAMS 0x00000000e3e00000, 0x00000000e3e00000| Untracked 
|  63|0x00000000e3f00000, 0x00000000e3f00000, 0x00000000e4000000|  0%| F|  |TAMS 0x00000000e3f00000, 0x00000000e3f00000| Untracked 
|  64|0x00000000e4000000, 0x00000000e4000000, 0x00000000e4100000|  0%| F|  |TAMS 0x00000000e4000000, 0x00000000e4000000| Untracked 
|  65|0x00000000e4100000, 0x00000000e4100000, 0x00000000e4200000|  0%| F|  |TAMS 0x00000000e4100000, 0x00000000e4100000| Untracked 
|  66|0x00000000e4200000, 0x00000000e4200000, 0x00000000e4300000|  0%| F|  |TAMS 0x00000000e4200000, 0x00000000e4200000| Untracked 
|  67|0x00000000e4300000, 0x00000000e4300000, 0x00000000e4400000|  0%| F|  |TAMS 0x00000000e4300000, 0x00000000e4300000| Untracked 
|  68|0x00000000e4400000, 0x00000000e4400000, 0x00000000e4500000|  0%| F|  |TAMS 0x00000000e4400000, 0x00000000e4400000| Untracked 
|  69|0x00000000e4500000, 0x00000000e4500000, 0x00000000e4600000|  0%| F|  |TAMS 0x00000000e4500000, 0x00000000e4500000| Untracked 
|  70|0x00000000e4600000, 0x00000000e4600000, 0x00000000e4700000|  0%| F|  |TAMS 0x00000000e4600000, 0x00000000e4600000| Untracked 
|  71|0x00000000e4700000, 0x00000000e4700000, 0x00000000e4800000|  0%| F|  |TAMS 0x00000000e4700000, 0x00000000e4700000| Untracked 
|  72|0x00000000e4800000, 0x00000000e4800000, 0x00000000e4900000|  0%| F|  |TAMS 0x00000000e4800000, 0x00000000e4800000| Untracked 
|  73|0x00000000e4900000, 0x00000000e4900000, 0x00000000e4a00000|  0%| F|  |TAMS 0x00000000e4900000, 0x00000000e4900000| Untracked 
|  74|0x00000000e4a00000, 0x00000000e4a00000, 0x00000000e4b00000|  0%| F|  |TAMS 0x00000000e4a00000, 0x00000000e4a00000| Untracked 
|  75|0x00000000e4b00000, 0x00000000e4b00000, 0x00000000e4c00000|  0%| F|  |TAMS 0x00000000e4b00000, 0x00000000e4b00000| Untracked 
|  76|0x00000000e4c00000, 0x00000000e4c00000, 0x00000000e4d00000|  0%| F|  |TAMS 0x00000000e4c00000, 0x00000000e4c00000| Untracked 
|  77|0x00000000e4d00000, 0x00000000e4d00000, 0x00000000e4e00000|  0%| F|  |TAMS 0x00000000e4d00000, 0x00000000e4d00000| Untracked 
|  78|0x00000000e4e00000, 0x00000000e4e00000, 0x00000000e4f00000|  0%| F|  |TAMS 0x00000000e4e00000, 0x00000000e4e00000| Untracked 
|  79|0x00000000e4f00000, 0x00000000e4f00000, 0x00000000e5000000|  0%| F|  |TAMS 0x00000000e4f00000, 0x00000000e4f00000| Untracked 
|  80|0x00000000e5000000, 0x00000000e5000000, 0x00000000e5100000|  0%| F|  |TAMS 0x00000000e5000000, 0x00000000e5000000| Untracked 
|  81|0x00000000e5100000, 0x00000000e5100000, 0x00000000e5200000|  0%| F|  |TAMS 0x00000000e5100000, 0x00000000e5100000| Untracked 
|  82|0x00000000e5200000, 0x00000000e5200000, 0x00000000e5300000|  0%| F|  |TAMS 0x00000000e5200000, 0x00000000e5200000| Untracked 
|  83|0x00000000e5300000, 0x00000000e5300000, 0x00000000e5400000|  0%| F|  |TAMS 0x00000000e5300000, 0x00000000e5300000| Untracked 
|  84|0x00000000e5400000, 0x00000000e5400000, 0x00000000e5500000|  0%| F|  |TAMS 0x00000000e5400000, 0x00000000e5400000| Untracked 
|  85|0x00000000e5500000, 0x00000000e5500000, 0x00000000e5600000|  0%| F|  |TAMS 0x00000000e5500000, 0x00000000e5500000| Untracked 
|  86|0x00000000e5600000, 0x00000000e5600000, 0x00000000e5700000|  0%| F|  |TAMS 0x00000000e5600000, 0x00000000e5600000| Untracked 
|  87|0x00000000e5700000, 0x00000000e5700000, 0x00000000e5800000|  0%| F|  |TAMS 0x00000000e5700000, 0x00000000e5700000| Untracked 
|  88|0x00000000e5800000, 0x00000000e5800000, 0x00000000e5900000|  0%| F|  |TAMS 0x00000000e5800000, 0x00000000e5800000| Untracked 
|  89|0x00000000e5900000, 0x00000000e5900000, 0x00000000e5a00000|  0%| F|  |TAMS 0x00000000e5900000, 0x00000000e5900000| Untracked 
|  90|0x00000000e5a00000, 0x00000000e5a00000, 0x00000000e5b00000|  0%| F|  |TAMS 0x00000000e5a00000, 0x00000000e5a00000| Untracked 
|  91|0x00000000e5b00000, 0x00000000e5b00000, 0x00000000e5c00000|  0%| F|  |TAMS 0x00000000e5b00000, 0x00000000e5b00000| Untracked 
|  92|0x00000000e5c00000, 0x00000000e5c00000, 0x00000000e5d00000|  0%| F|  |TAMS 0x00000000e5c00000, 0x00000000e5c00000| Untracked 
|  93|0x00000000e5d00000, 0x00000000e5d00000, 0x00000000e5e00000|  0%| F|  |TAMS 0x00000000e5d00000, 0x00000000e5d00000| Untracked 
|  94|0x00000000e5e00000, 0x00000000e5e00000, 0x00000000e5f00000|  0%| F|  |TAMS 0x00000000e5e00000, 0x00000000e5e00000| Untracked 
|  95|0x00000000e5f00000, 0x00000000e5f00000, 0x00000000e6000000|  0%| F|  |TAMS 0x00000000e5f00000, 0x00000000e5f00000| Untracked 
|  96|0x00000000e6000000, 0x00000000e6000000, 0x00000000e6100000|  0%| F|  |TAMS 0x00000000e6000000, 0x00000000e6000000| Untracked 
|  97|0x00000000e6100000, 0x00000000e6100000, 0x00000000e6200000|  0%| F|  |TAMS 0x00000000e6100000, 0x00000000e6100000| Untracked 
|  98|0x00000000e6200000, 0x00000000e6200000, 0x00000000e6300000|  0%| F|  |TAMS 0x00000000e6200000, 0x00000000e6200000| Untracked 
|  99|0x00000000e6300000, 0x00000000e6300000, 0x00000000e6400000|  0%| F|  |TAMS 0x00000000e6300000, 0x00000000e6300000| Untracked 
| 100|0x00000000e6400000, 0x00000000e6400000, 0x00000000e6500000|  0%| F|  |TAMS 0x00000000e6400000, 0x00000000e6400000| Untracked 
| 101|0x00000000e6500000, 0x00000000e6500000, 0x00000000e6600000|  0%| F|  |TAMS 0x00000000e6500000, 0x00000000e6500000| Untracked 
| 102|0x00000000e6600000, 0x00000000e6600000, 0x00000000e6700000|  0%| F|  |TAMS 0x00000000e6600000, 0x00000000e6600000| Untracked 
| 103|0x00000000e6700000, 0x00000000e6700000, 0x00000000e6800000|  0%| F|  |TAMS 0x00000000e6700000, 0x00000000e6700000| Untracked 
| 104|0x00000000e6800000, 0x00000000e6800000, 0x00000000e6900000|  0%| F|  |TAMS 0x00000000e6800000, 0x00000000e6800000| Untracked 
| 105|0x00000000e6900000, 0x00000000e6900000, 0x00000000e6a00000|  0%| F|  |TAMS 0x00000000e6900000, 0x00000000e6900000| Untracked 
| 106|0x00000000e6a00000, 0x00000000e6a00000, 0x00000000e6b00000|  0%| F|  |TAMS 0x00000000e6a00000, 0x00000000e6a00000| Untracked 
| 107|0x00000000e6b00000, 0x00000000e6b00000, 0x00000000e6c00000|  0%| F|  |TAMS 0x00000000e6b00000, 0x00000000e6b00000| Untracked 
| 108|0x00000000e6c00000, 0x00000000e6c00000, 0x00000000e6d00000|  0%| F|  |TAMS 0x00000000e6c00000, 0x00000000e6c00000| Untracked 
| 109|0x00000000e6d00000, 0x00000000e6d00000, 0x00000000e6e00000|  0%| F|  |TAMS 0x00000000e6d00000, 0x00000000e6d00000| Untracked 
| 110|0x00000000e6e00000, 0x00000000e6e00000, 0x00000000e6f00000|  0%| F|  |TAMS 0x00000000e6e00000, 0x00000000e6e00000| Untracked 
| 111|0x00000000e6f00000, 0x00000000e6f00000, 0x00000000e7000000|  0%| F|  |TAMS 0x00000000e6f00000, 0x00000000e6f00000| Untracked 
| 112|0x00000000e7000000, 0x00000000e7000000, 0x00000000e7100000|  0%| F|  |TAMS 0x00000000e7000000, 0x00000000e7000000| Untracked 
| 113|0x00000000e7100000, 0x00000000e7100000, 0x00000000e7200000|  0%| F|  |TAMS 0x00000000e7100000, 0x00000000e7100000| Untracked 
| 114|0x00000000e7200000, 0x00000000e7200000, 0x00000000e7300000|  0%| F|  |TAMS 0x00000000e7200000, 0x00000000e7200000| Untracked 
| 115|0x00000000e7300000, 0x00000000e7300000, 0x00000000e7400000|  0%| F|  |TAMS 0x00000000e7300000, 0x00000000e7300000| Untracked 
| 116|0x00000000e7400000, 0x00000000e7400000, 0x00000000e7500000|  0%| F|  |TAMS 0x00000000e7400000, 0x00000000e7400000| Untracked 
| 117|0x00000000e7500000, 0x00000000e7500000, 0x00000000e7600000|  0%| F|  |TAMS 0x00000000e7500000, 0x00000000e7500000| Untracked 
| 118|0x00000000e7600000, 0x00000000e7600000, 0x00000000e7700000|  0%| F|  |TAMS 0x00000000e7600000, 0x00000000e7600000| Untracked 
| 119|0x00000000e7700000, 0x00000000e7700000, 0x00000000e7800000|  0%| F|  |TAMS 0x00000000e7700000, 0x00000000e7700000| Untracked 
| 120|0x00000000e7800000, 0x00000000e7800000, 0x00000000e7900000|  0%| F|  |TAMS 0x00000000e7800000, 0x00000000e7800000| Untracked 
| 121|0x00000000e7900000, 0x00000000e7900000, 0x00000000e7a00000|  0%| F|  |TAMS 0x00000000e7900000, 0x00000000e7900000| Untracked 
| 122|0x00000000e7a00000, 0x00000000e7a00000, 0x00000000e7b00000|  0%| F|  |TAMS 0x00000000e7a00000, 0x00000000e7a00000| Untracked 
| 123|0x00000000e7b00000, 0x00000000e7b00000, 0x00000000e7c00000|  0%| F|  |TAMS 0x00000000e7b00000, 0x00000000e7b00000| Untracked 
| 124|0x00000000e7c00000, 0x00000000e7c00000, 0x00000000e7d00000|  0%| F|  |TAMS 0x00000000e7c00000, 0x00000000e7c00000| Untracked 
| 125|0x00000000e7d00000, 0x00000000e7d00000, 0x00000000e7e00000|  0%| F|  |TAMS 0x00000000e7d00000, 0x00000000e7d00000| Untracked 
| 126|0x00000000e7e00000, 0x00000000e7e00000, 0x00000000e7f00000|  0%| F|  |TAMS 0x00000000e7e00000, 0x00000000e7e00000| Untracked 
| 127|0x00000000e7f00000, 0x00000000e7f00000, 0x00000000e8000000|  0%| F|  |TAMS 0x00000000e7f00000, 0x00000000e7f00000| Untracked 
| 128|0x00000000e8000000, 0x00000000e8000000, 0x00000000e8100000|  0%| F|  |TAMS 0x00000000e8000000, 0x00000000e8000000| Untracked 
| 129|0x00000000e8100000, 0x00000000e8100000, 0x00000000e8200000|  0%| F|  |TAMS 0x00000000e8100000, 0x00000000e8100000| Untracked 
| 130|0x00000000e8200000, 0x00000000e8200000, 0x00000000e8300000|  0%| F|  |TAMS 0x00000000e8200000, 0x00000000e8200000| Untracked 
| 131|0x00000000e8300000, 0x00000000e8300000, 0x00000000e8400000|  0%| F|  |TAMS 0x00000000e8300000, 0x00000000e8300000| Untracked 
| 132|0x00000000e8400000, 0x00000000e8400000, 0x00000000e8500000|  0%| F|  |TAMS 0x00000000e8400000, 0x00000000e8400000| Untracked 
| 133|0x00000000e8500000, 0x00000000e8500000, 0x00000000e8600000|  0%| F|  |TAMS 0x00000000e8500000, 0x00000000e8500000| Untracked 
| 134|0x00000000e8600000, 0x00000000e8600000, 0x00000000e8700000|  0%| F|  |TAMS 0x00000000e8600000, 0x00000000e8600000| Untracked 
| 135|0x00000000e8700000, 0x00000000e8700000, 0x00000000e8800000|  0%| F|  |TAMS 0x00000000e8700000, 0x00000000e8700000| Untracked 
| 136|0x00000000e8800000, 0x00000000e8800000, 0x00000000e8900000|  0%| F|  |TAMS 0x00000000e8800000, 0x00000000e8800000| Untracked 
| 137|0x00000000e8900000, 0x00000000e8900000, 0x00000000e8a00000|  0%| F|  |TAMS 0x00000000e8900000, 0x00000000e8900000| Untracked 
| 138|0x00000000e8a00000, 0x00000000e8a00000, 0x00000000e8b00000|  0%| F|  |TAMS 0x00000000e8a00000, 0x00000000e8a00000| Untracked 
| 139|0x00000000e8b00000, 0x00000000e8b00000, 0x00000000e8c00000|  0%| F|  |TAMS 0x00000000e8b00000, 0x00000000e8b00000| Untracked 
| 140|0x00000000e8c00000, 0x00000000e8c00000, 0x00000000e8d00000|  0%| F|  |TAMS 0x00000000e8c00000, 0x00000000e8c00000| Untracked 
| 141|0x00000000e8d00000, 0x00000000e8d00000, 0x00000000e8e00000|  0%| F|  |TAMS 0x00000000e8d00000, 0x00000000e8d00000| Untracked 
| 142|0x00000000e8e00000, 0x00000000e8e00000, 0x00000000e8f00000|  0%| F|  |TAMS 0x00000000e8e00000, 0x00000000e8e00000| Untracked 
| 143|0x00000000e8f00000, 0x00000000e8f00000, 0x00000000e9000000|  0%| F|  |TAMS 0x00000000e8f00000, 0x00000000e8f00000| Untracked 
| 144|0x00000000e9000000, 0x00000000e9000000, 0x00000000e9100000|  0%| F|  |TAMS 0x00000000e9000000, 0x00000000e9000000| Untracked 
| 145|0x00000000e9100000, 0x00000000e9100000, 0x00000000e9200000|  0%| F|  |TAMS 0x00000000e9100000, 0x00000000e9100000| Untracked 
| 146|0x00000000e9200000, 0x00000000e9200000, 0x00000000e9300000|  0%| F|  |TAMS 0x00000000e9200000, 0x00000000e9200000| Untracked 
| 147|0x00000000e9300000, 0x00000000e9300000, 0x00000000e9400000|  0%| F|  |TAMS 0x00000000e9300000, 0x00000000e9300000| Untracked 
| 148|0x00000000e9400000, 0x00000000e9400000, 0x00000000e9500000|  0%| F|  |TAMS 0x00000000e9400000, 0x00000000e9400000| Untracked 
| 149|0x00000000e9500000, 0x00000000e9500000, 0x00000000e9600000|  0%| F|  |TAMS 0x00000000e9500000, 0x00000000e9500000| Untracked 
| 150|0x00000000e9600000, 0x00000000e9600000, 0x00000000e9700000|  0%| F|  |TAMS 0x00000000e9600000, 0x00000000e9600000| Untracked 
| 151|0x00000000e9700000, 0x00000000e9700000, 0x00000000e9800000|  0%| F|  |TAMS 0x00000000e9700000, 0x00000000e9700000| Untracked 
| 152|0x00000000e9800000, 0x00000000e9800000, 0x00000000e9900000|  0%| F|  |TAMS 0x00000000e9800000, 0x00000000e9800000| Untracked 
| 153|0x00000000e9900000, 0x00000000e9900000, 0x00000000e9a00000|  0%| F|  |TAMS 0x00000000e9900000, 0x00000000e9900000| Untracked 
| 154|0x00000000e9a00000, 0x00000000e9a00000, 0x00000000e9b00000|  0%| F|  |TAMS 0x00000000e9a00000, 0x00000000e9a00000| Untracked 
| 155|0x00000000e9b00000, 0x00000000e9b00000, 0x00000000e9c00000|  0%| F|  |TAMS 0x00000000e9b00000, 0x00000000e9b00000| Untracked 
| 156|0x00000000e9c00000, 0x00000000e9c00000, 0x00000000e9d00000|  0%| F|  |TAMS 0x00000000e9c00000, 0x00000000e9c00000| Untracked 
| 157|0x00000000e9d00000, 0x00000000e9d00000, 0x00000000e9e00000|  0%| F|  |TAMS 0x00000000e9d00000, 0x00000000e9d00000| Untracked 
| 158|0x00000000e9e00000, 0x00000000e9e00000, 0x00000000e9f00000|  0%| F|  |TAMS 0x00000000e9e00000, 0x00000000e9e00000| Untracked 
| 159|0x00000000e9f00000, 0x00000000e9f00000, 0x00000000ea000000|  0%| F|  |TAMS 0x00000000e9f00000, 0x00000000e9f00000| Untracked 
| 160|0x00000000ea000000, 0x00000000ea000000, 0x00000000ea100000|  0%| F|  |TAMS 0x00000000ea000000, 0x00000000ea000000| Untracked 
| 161|0x00000000ea100000, 0x00000000ea100000, 0x00000000ea200000|  0%| F|  |TAMS 0x00000000ea100000, 0x00000000ea100000| Untracked 
| 162|0x00000000ea200000, 0x00000000ea200000, 0x00000000ea300000|  0%| F|  |TAMS 0x00000000ea200000, 0x00000000ea200000| Untracked 
| 163|0x00000000ea300000, 0x00000000ea300000, 0x00000000ea400000|  0%| F|  |TAMS 0x00000000ea300000, 0x00000000ea300000| Untracked 
| 164|0x00000000ea400000, 0x00000000ea400000, 0x00000000ea500000|  0%| F|  |TAMS 0x00000000ea400000, 0x00000000ea400000| Untracked 
| 165|0x00000000ea500000, 0x00000000ea500000, 0x00000000ea600000|  0%| F|  |TAMS 0x00000000ea500000, 0x00000000ea500000| Untracked 
| 166|0x00000000ea600000, 0x00000000ea600000, 0x00000000ea700000|  0%| F|  |TAMS 0x00000000ea600000, 0x00000000ea600000| Untracked 
| 167|0x00000000ea700000, 0x00000000ea700000, 0x00000000ea800000|  0%| F|  |TAMS 0x00000000ea700000, 0x00000000ea700000| Untracked 
| 168|0x00000000ea800000, 0x00000000ea800000, 0x00000000ea900000|  0%| F|  |TAMS 0x00000000ea800000, 0x00000000ea800000| Untracked 
| 169|0x00000000ea900000, 0x00000000ea900000, 0x00000000eaa00000|  0%| F|  |TAMS 0x00000000ea900000, 0x00000000ea900000| Untracked 
| 170|0x00000000eaa00000, 0x00000000eaa00000, 0x00000000eab00000|  0%| F|  |TAMS 0x00000000eaa00000, 0x00000000eaa00000| Untracked 
| 171|0x00000000eab00000, 0x00000000eab46530, 0x00000000eac00000| 27%| E|  |TAMS 0x00000000eab00000, 0x00000000eab00000| Complete 
| 172|0x00000000eac00000, 0x00000000ead00000, 0x00000000ead00000|100%| E|CS|TAMS 0x00000000eac00000, 0x00000000eac00000| Complete 
| 173|0x00000000ead00000, 0x00000000eae00000, 0x00000000eae00000|100%| E|CS|TAMS 0x00000000ead00000, 0x00000000ead00000| Complete 
| 174|0x00000000eae00000, 0x00000000eaf00000, 0x00000000eaf00000|100%| E|CS|TAMS 0x00000000eae00000, 0x00000000eae00000| Complete 
| 175|0x00000000eaf00000, 0x00000000eb000000, 0x00000000eb000000|100%| E|CS|TAMS 0x00000000eaf00000, 0x00000000eaf00000| Complete 
| 176|0x00000000eb000000, 0x00000000eb100000, 0x00000000eb100000|100%| E|CS|TAMS 0x00000000eb000000, 0x00000000eb000000| Complete 
| 177|0x00000000eb100000, 0x00000000eb200000, 0x00000000eb200000|100%| E|CS|TAMS 0x00000000eb100000, 0x00000000eb100000| Complete 
| 178|0x00000000eb200000, 0x00000000eb300000, 0x00000000eb300000|100%| E|CS|TAMS 0x00000000eb200000, 0x00000000eb200000| Complete 
| 179|0x00000000eb300000, 0x00000000eb400000, 0x00000000eb400000|100%| E|CS|TAMS 0x00000000eb300000, 0x00000000eb300000| Complete 
| 180|0x00000000eb400000, 0x00000000eb500000, 0x00000000eb500000|100%| E|CS|TAMS 0x00000000eb400000, 0x00000000eb400000| Complete 
| 181|0x00000000eb500000, 0x00000000eb600000, 0x00000000eb600000|100%| E|CS|TAMS 0x00000000eb500000, 0x00000000eb500000| Complete 
| 182|0x00000000eb600000, 0x00000000eb700000, 0x00000000eb700000|100%| E|CS|TAMS 0x00000000eb600000, 0x00000000eb600000| Complete 
| 183|0x00000000eb700000, 0x00000000eb800000, 0x00000000eb800000|100%| E|CS|TAMS 0x00000000eb700000, 0x00000000eb700000| Complete 
| 184|0x00000000eb800000, 0x00000000eb900000, 0x00000000eb900000|100%| E|CS|TAMS 0x00000000eb800000, 0x00000000eb800000| Complete 
| 185|0x00000000eb900000, 0x00000000eba00000, 0x00000000eba00000|100%| E|CS|TAMS 0x00000000eb900000, 0x00000000eb900000| Complete 
| 186|0x00000000eba00000, 0x00000000ebb00000, 0x00000000ebb00000|100%| E|CS|TAMS 0x00000000eba00000, 0x00000000eba00000| Complete 
| 187|0x00000000ebb00000, 0x00000000ebc00000, 0x00000000ebc00000|100%| E|CS|TAMS 0x00000000ebb00000, 0x00000000ebb00000| Complete 
| 188|0x00000000ebc00000, 0x00000000ebd00000, 0x00000000ebd00000|100%| E|CS|TAMS 0x00000000ebc00000, 0x00000000ebc00000| Complete 
| 189|0x00000000ebd00000, 0x00000000ebe00000, 0x00000000ebe00000|100%| E|CS|TAMS 0x00000000ebd00000, 0x00000000ebd00000| Complete 
| 190|0x00000000ebe00000, 0x00000000ebf00000, 0x00000000ebf00000|100%| E|CS|TAMS 0x00000000ebe00000, 0x00000000ebe00000| Complete 
| 191|0x00000000ebf00000, 0x00000000ec000000, 0x00000000ec000000|100%| E|CS|TAMS 0x00000000ebf00000, 0x00000000ebf00000| Complete 
| 192|0x00000000ec000000, 0x00000000ec100000, 0x00000000ec100000|100%| E|CS|TAMS 0x00000000ec000000, 0x00000000ec000000| Complete 
| 193|0x00000000ec100000, 0x00000000ec200000, 0x00000000ec200000|100%| E|CS|TAMS 0x00000000ec100000, 0x00000000ec100000| Complete 
| 194|0x00000000ec200000, 0x00000000ec300000, 0x00000000ec300000|100%| E|CS|TAMS 0x00000000ec200000, 0x00000000ec200000| Complete 
| 195|0x00000000ec300000, 0x00000000ec400000, 0x00000000ec400000|100%| E|CS|TAMS 0x00000000ec300000, 0x00000000ec300000| Complete 
| 196|0x00000000ec400000, 0x00000000ec500000, 0x00000000ec500000|100%| E|CS|TAMS 0x00000000ec400000, 0x00000000ec400000| Complete 
| 197|0x00000000ec500000, 0x00000000ec600000, 0x00000000ec600000|100%| E|CS|TAMS 0x00000000ec500000, 0x00000000ec500000| Complete 
| 198|0x00000000ec600000, 0x00000000ec700000, 0x00000000ec700000|100%| E|CS|TAMS 0x00000000ec600000, 0x00000000ec600000| Complete 
| 199|0x00000000ec700000, 0x00000000ec800000, 0x00000000ec800000|100%| E|CS|TAMS 0x00000000ec700000, 0x00000000ec700000| Complete 
| 200|0x00000000ec800000, 0x00000000ec900000, 0x00000000ec900000|100%| E|CS|TAMS 0x00000000ec800000, 0x00000000ec800000| Complete 
| 201|0x00000000ec900000, 0x00000000eca00000, 0x00000000eca00000|100%| E|CS|TAMS 0x00000000ec900000, 0x00000000ec900000| Complete 
| 202|0x00000000eca00000, 0x00000000ecb00000, 0x00000000ecb00000|100%| E|CS|TAMS 0x00000000eca00000, 0x00000000eca00000| Complete 
| 203|0x00000000ecb00000, 0x00000000ecc00000, 0x00000000ecc00000|100%| E|CS|TAMS 0x00000000ecb00000, 0x00000000ecb00000| Complete 
| 204|0x00000000ecc00000, 0x00000000ecd00000, 0x00000000ecd00000|100%| E|CS|TAMS 0x00000000ecc00000, 0x00000000ecc00000| Complete 
| 205|0x00000000ecd00000, 0x00000000ece00000, 0x00000000ece00000|100%| E|CS|TAMS 0x00000000ecd00000, 0x00000000ecd00000| Complete 
| 206|0x00000000ece00000, 0x00000000ecf00000, 0x00000000ecf00000|100%| E|CS|TAMS 0x00000000ece00000, 0x00000000ece00000| Complete 
| 207|0x00000000ecf00000, 0x00000000ed000000, 0x00000000ed000000|100%| E|CS|TAMS 0x00000000ecf00000, 0x00000000ecf00000| Complete 
| 208|0x00000000ed000000, 0x00000000ed100000, 0x00000000ed100000|100%| E|CS|TAMS 0x00000000ed000000, 0x00000000ed000000| Complete 
| 209|0x00000000ed100000, 0x00000000ed200000, 0x00000000ed200000|100%| E|CS|TAMS 0x00000000ed100000, 0x00000000ed100000| Complete 
| 210|0x00000000ed200000, 0x00000000ed300000, 0x00000000ed300000|100%| E|CS|TAMS 0x00000000ed200000, 0x00000000ed200000| Complete 
| 211|0x00000000ed300000, 0x00000000ed400000, 0x00000000ed400000|100%| E|CS|TAMS 0x00000000ed300000, 0x00000000ed300000| Complete 
| 212|0x00000000ed400000, 0x00000000ed500000, 0x00000000ed500000|100%| E|CS|TAMS 0x00000000ed400000, 0x00000000ed400000| Complete 
| 213|0x00000000ed500000, 0x00000000ed600000, 0x00000000ed600000|100%| E|CS|TAMS 0x00000000ed500000, 0x00000000ed500000| Complete 
| 214|0x00000000ed600000, 0x00000000ed700000, 0x00000000ed700000|100%| E|CS|TAMS 0x00000000ed600000, 0x00000000ed600000| Complete 
| 215|0x00000000ed700000, 0x00000000ed800000, 0x00000000ed800000|100%| E|CS|TAMS 0x00000000ed700000, 0x00000000ed700000| Complete 
| 216|0x00000000ed800000, 0x00000000ed900000, 0x00000000ed900000|100%| E|CS|TAMS 0x00000000ed800000, 0x00000000ed800000| Complete 
| 217|0x00000000ed900000, 0x00000000eda00000, 0x00000000eda00000|100%| E|CS|TAMS 0x00000000ed900000, 0x00000000ed900000| Complete 
| 218|0x00000000eda00000, 0x00000000edb00000, 0x00000000edb00000|100%| E|CS|TAMS 0x00000000eda00000, 0x00000000eda00000| Complete 
| 219|0x00000000edb00000, 0x00000000edc00000, 0x00000000edc00000|100%| E|CS|TAMS 0x00000000edb00000, 0x00000000edb00000| Complete 
| 220|0x00000000edc00000, 0x00000000edd00000, 0x00000000edd00000|100%| E|CS|TAMS 0x00000000edc00000, 0x00000000edc00000| Complete 
| 221|0x00000000edd00000, 0x00000000ede00000, 0x00000000ede00000|100%| E|  |TAMS 0x00000000edd00000, 0x00000000edd00000| Complete 
| 222|0x00000000ede00000, 0x00000000edf00000, 0x00000000edf00000|100%| E|CS|TAMS 0x00000000ede00000, 0x00000000ede00000| Complete 
| 223|0x00000000edf00000, 0x00000000ee000000, 0x00000000ee000000|100%| E|CS|TAMS 0x00000000edf00000, 0x00000000edf00000| Complete 
| 224|0x00000000ee000000, 0x00000000ee100000, 0x00000000ee100000|100%| E|CS|TAMS 0x00000000ee000000, 0x00000000ee000000| Complete 
| 225|0x00000000ee100000, 0x00000000ee200000, 0x00000000ee200000|100%| E|CS|TAMS 0x00000000ee100000, 0x00000000ee100000| Complete 
| 226|0x00000000ee200000, 0x00000000ee300000, 0x00000000ee300000|100%| E|CS|TAMS 0x00000000ee200000, 0x00000000ee200000| Complete 
| 227|0x00000000ee300000, 0x00000000ee400000, 0x00000000ee400000|100%| E|CS|TAMS 0x00000000ee300000, 0x00000000ee300000| Complete 
| 228|0x00000000ee400000, 0x00000000ee500000, 0x00000000ee500000|100%| E|CS|TAMS 0x00000000ee400000, 0x00000000ee400000| Complete 
| 229|0x00000000ee500000, 0x00000000ee600000, 0x00000000ee600000|100%| E|CS|TAMS 0x00000000ee500000, 0x00000000ee500000| Complete 
| 230|0x00000000ee600000, 0x00000000ee700000, 0x00000000ee700000|100%| E|CS|TAMS 0x00000000ee600000, 0x00000000ee600000| Complete 
| 231|0x00000000ee700000, 0x00000000ee800000, 0x00000000ee800000|100%| E|CS|TAMS 0x00000000ee700000, 0x00000000ee700000| Complete 
| 232|0x00000000ee800000, 0x00000000ee900000, 0x00000000ee900000|100%| E|CS|TAMS 0x00000000ee800000, 0x00000000ee800000| Complete 
| 233|0x00000000ee900000, 0x00000000eea00000, 0x00000000eea00000|100%| E|CS|TAMS 0x00000000ee900000, 0x00000000ee900000| Complete 
| 234|0x00000000eea00000, 0x00000000eeb00000, 0x00000000eeb00000|100%| E|CS|TAMS 0x00000000eea00000, 0x00000000eea00000| Complete 
| 235|0x00000000eeb00000, 0x00000000eec00000, 0x00000000eec00000|100%| E|CS|TAMS 0x00000000eeb00000, 0x00000000eeb00000| Complete 
| 236|0x00000000eec00000, 0x00000000eed00000, 0x00000000eed00000|100%| E|CS|TAMS 0x00000000eec00000, 0x00000000eec00000| Complete 
| 237|0x00000000eed00000, 0x00000000eee00000, 0x00000000eee00000|100%| E|CS|TAMS 0x00000000eed00000, 0x00000000eed00000| Complete 
| 238|0x00000000eee00000, 0x00000000eef00000, 0x00000000eef00000|100%| E|CS|TAMS 0x00000000eee00000, 0x00000000eee00000| Complete 
| 239|0x00000000eef00000, 0x00000000ef000000, 0x00000000ef000000|100%| E|CS|TAMS 0x00000000eef00000, 0x00000000eef00000| Complete 
| 240|0x00000000ef000000, 0x00000000ef100000, 0x00000000ef100000|100%| E|CS|TAMS 0x00000000ef000000, 0x00000000ef000000| Complete 
| 241|0x00000000ef100000, 0x00000000ef200000, 0x00000000ef200000|100%| E|CS|TAMS 0x00000000ef100000, 0x00000000ef100000| Complete 
| 242|0x00000000ef200000, 0x00000000ef300000, 0x00000000ef300000|100%| E|CS|TAMS 0x00000000ef200000, 0x00000000ef200000| Complete 
| 243|0x00000000ef300000, 0x00000000ef400000, 0x00000000ef400000|100%| E|CS|TAMS 0x00000000ef300000, 0x00000000ef300000| Complete 
| 244|0x00000000ef400000, 0x00000000ef500000, 0x00000000ef500000|100%| E|CS|TAMS 0x00000000ef400000, 0x00000000ef400000| Complete 
| 245|0x00000000ef500000, 0x00000000ef600000, 0x00000000ef600000|100%| E|CS|TAMS 0x00000000ef500000, 0x00000000ef500000| Complete 
| 246|0x00000000ef600000, 0x00000000ef700000, 0x00000000ef700000|100%| E|CS|TAMS 0x00000000ef600000, 0x00000000ef600000| Complete 
| 247|0x00000000ef700000, 0x00000000ef800000, 0x00000000ef800000|100%| E|CS|TAMS 0x00000000ef700000, 0x00000000ef700000| Complete 
| 248|0x00000000ef800000, 0x00000000ef900000, 0x00000000ef900000|100%| E|CS|TAMS 0x00000000ef800000, 0x00000000ef800000| Complete 
| 249|0x00000000ef900000, 0x00000000efa00000, 0x00000000efa00000|100%| E|CS|TAMS 0x00000000ef900000, 0x00000000ef900000| Complete 
| 250|0x00000000efa00000, 0x00000000efb00000, 0x00000000efb00000|100%| E|CS|TAMS 0x00000000efa00000, 0x00000000efa00000| Complete 
| 251|0x00000000efb00000, 0x00000000efc00000, 0x00000000efc00000|100%| E|CS|TAMS 0x00000000efb00000, 0x00000000efb00000| Complete 
| 252|0x00000000efc00000, 0x00000000efc5f2c8, 0x00000000efd00000| 37%| S|CS|TAMS 0x00000000efc00000, 0x00000000efc00000| Complete 
| 253|0x00000000efd00000, 0x00000000efe00000, 0x00000000efe00000|100%| S|CS|TAMS 0x00000000efd00000, 0x00000000efd00000| Complete 
| 254|0x00000000efe00000, 0x00000000eff00000, 0x00000000eff00000|100%| S|CS|TAMS 0x00000000efe00000, 0x00000000efe00000| Complete 
| 255|0x00000000eff00000, 0x00000000f0000000, 0x00000000f0000000|100%| E|CS|TAMS 0x00000000eff00000, 0x00000000eff00000| Complete 

Card table byte_map: [0x000001ee2feb0000,0x000001ee2ffb0000] _byte_map_base: 0x000001ee2f7b0000

Marking Bits (Prev, Next): (CMBitMap*) 0x000001ee192c2880, (CMBitMap*) 0x000001ee192c28c0
 Prev Bits: [0x000001ee300b0000, 0x000001ee308b0000)
 Next Bits: [0x000001ee308b0000, 0x000001ee310b0000)

Polling page: 0x000001ee171d0000

Metaspace:

Usage:
  Non-class:     44.30 MB used.
      Class:      7.32 MB used.
       Both:     51.61 MB used.

Virtual space:
  Non-class space:       48.00 MB reserved,      44.56 MB ( 93%) committed,  6 nodes.
      Class space:      308.00 MB reserved,       7.56 MB (  2%) committed,  1 nodes.
             Both:      356.00 MB reserved,      52.12 MB ( 15%) committed. 

Chunk freelists:
   Non-Class:  2.73 MB
       Class:  384.00 KB
        Both:  3.11 MB

MaxMetaspaceSize: 384.00 MB
CompressedClassSpaceSize: 308.00 MB
Initial GC threshold: 21.00 MB
Current GC threshold: 58.75 MB
CDS: on
MetaspaceReclaimPolicy: balanced
 - commit_granule_bytes: 65536.
 - commit_granule_words: 8192.
 - virtual_space_node_default_size: 1048576.
 - enlarge_chunks_in_place: 1.
 - new_chunks_are_fully_committed: 0.
 - uncommit_free_chunks: 1.
 - use_allocation_guard: 0.
 - handle_deallocations: 1.


Internal statistics:

num_allocs_failed_limit: 6.
num_arena_births: 606.
num_arena_deaths: 0.
num_vsnodes_births: 7.
num_vsnodes_deaths: 0.
num_space_committed: 834.
num_space_uncommitted: 0.
num_chunks_returned_to_freelist: 6.
num_chunks_taken_from_freelist: 2804.
num_chunk_merges: 6.
num_chunk_splits: 1800.
num_chunks_enlarged: 1158.
num_purges: 0.
num_inconsistent_stats: 0.

CodeHeap 'non-profiled nmethods': size=120000Kb used=2916Kb max_used=3111Kb free=117083Kb
 bounds [0x000001ee28550000, 0x000001ee28860000, 0x000001ee2fa80000]
CodeHeap 'profiled nmethods': size=120000Kb used=12719Kb max_used=12719Kb free=107281Kb
 bounds [0x000001ee21020000, 0x000001ee21c90000, 0x000001ee28550000]
CodeHeap 'non-nmethods': size=5760Kb used=2323Kb max_used=2395Kb free=3436Kb
 bounds [0x000001ee20a80000, 0x000001ee20cf0000, 0x000001ee21020000]
 total_blobs=7496 nmethods=6654 adapters=752
 compilation: enabled
              stopped_count=0, restarted_count=0
 full_count=0

Compilation events (20 events):
Event: 26.749 Thread 0x000001ee33ad8a70 7412       3       org.gradle.api.internal.artifacts.ivyservice.resolveengine.graph.builder.NodeState$$Lambda$756/0x00000008011f0b28::<init> (10 bytes)
Event: 26.750 Thread 0x000001ee33ad8a70 nmethod 7412 0x000001ee21c78a90 code [0x000001ee21c78c20, 0x000001ee21c78dd8]
Event: 26.750 Thread 0x000001ee33ad8a70 7413       3       org.gradle.api.internal.artifacts.DefaultModuleIdentifier::equals (74 bytes)
Event: 26.750 Thread 0x000001ee33ad8a70 nmethod 7413 0x000001ee21c78e90 code [0x000001ee21c790a0, 0x000001ee21c797d8]
Event: 26.756 Thread 0x000001ee33ad8a70 7414       3       org.gradle.api.internal.artifacts.repositories.metadata.DefaultMavenImmutableAttributesFactory::platformWithUsage (47 bytes)
Event: 26.758 Thread 0x000001ee33ad8a70 nmethod 7414 0x000001ee21c79990 code [0x000001ee21c79c40, 0x000001ee21c7b0d8]
Event: 26.758 Thread 0x000001ee33ad8a70 7415       3       org.gradle.api.internal.artifacts.repositories.metadata.DefaultMavenImmutableAttributesFactory$$Lambda$773/0x0000000801203de8::<init> (26 bytes)
Event: 26.758 Thread 0x000001ee33ad8a70 nmethod 7415 0x000001ee21c7b610 code [0x000001ee21c7b7c0, 0x000001ee21c7ba98]
Event: 26.758 Thread 0x000001ee33ad8a70 7416       3       org.gradle.internal.component.external.model.DefaultConfigurationMetadata$DependencyFilter::constraintsOnly (64 bytes)
Event: 26.758 Thread 0x000001ee33ad8a70 nmethod 7416 0x000001ee21c7bb90 code [0x000001ee21c7bd60, 0x000001ee21c7c088]
Event: 26.762 Thread 0x000001ee33ad8a70 7418   !   3       java.nio.ByteBuffer::getArray (121 bytes)
Event: 26.763 Thread 0x000001ee33ad8a70 nmethod 7418 0x000001ee21c7c190 code [0x000001ee21c7c400, 0x000001ee21c7cf58]
Event: 26.763 Thread 0x000001ee33ad8a70 7417       3       java.nio.ByteBuffer::get (54 bytes)
Event: 26.764 Thread 0x000001ee33ad8a70 nmethod 7417 0x000001ee21c7d590 code [0x000001ee21c7d780, 0x000001ee21c7dc58]
Event: 26.773 Thread 0x000001ee33ad8a70 7419       3       java.net.InetAddress::<init> (21 bytes)
Event: 26.773 Thread 0x000001ee33ad8a70 nmethod 7419 0x000001ee21c7de90 code [0x000001ee21c7e040, 0x000001ee21c7e358]
Event: 26.773 Thread 0x000001ee33ad8a70 7420       3       java.net.InetAddress$InetAddressHolder::<init> (5 bytes)
Event: 26.773 Thread 0x000001ee33ad8a70 nmethod 7420 0x000001ee21c7e490 code [0x000001ee21c7e620, 0x000001ee21c7e778]
Event: 26.773 Thread 0x000001ee33ad8a70 7421       3       java.util.concurrent.ConcurrentHashMap::isEmpty (15 bytes)
Event: 26.774 Thread 0x000001ee33ad8a70 nmethod 7421 0x000001ee21c7e810 code [0x000001ee21c7e9c0, 0x000001ee21c7eb68]

GC Heap History (14 events):
Event: 4.660 GC heap before
{Heap before GC invocations=0 (full 0):
 garbage-first heap   total 262144K, used 26624K [0x00000000e0000000, 0x0000000100000000)
  region size 1024K, 23 young (23552K), 0 survivors (0K)
 Metaspace       used 2924K, committed 3072K, reserved 323584K
  class space    used 365K, committed 448K, reserved 315392K
}
Event: 4.676 GC heap after
{Heap after GC invocations=1 (full 0):
 garbage-first heap   total 262144K, used 10853K [0x00000000e0000000, 0x0000000100000000)
  region size 1024K, 3 young (3072K), 3 survivors (3072K)
 Metaspace       used 2924K, committed 3072K, reserved 323584K
  class space    used 365K, committed 448K, reserved 315392K
}
Event: 6.257 GC heap before
{Heap before GC invocations=1 (full 0):
 garbage-first heap   total 262144K, used 38501K [0x00000000e0000000, 0x0000000100000000)
  region size 1024K, 30 young (30720K), 3 survivors (3072K)
 Metaspace       used 4004K, committed 4160K, reserved 323584K
  class space    used 494K, committed 576K, reserved 315392K
}
Event: 6.261 GC heap after
{Heap after GC invocations=2 (full 0):
 garbage-first heap   total 262144K, used 11453K [0x00000000e0000000, 0x0000000100000000)
  region size 1024K, 1 young (1024K), 1 survivors (1024K)
 Metaspace       used 4004K, committed 4160K, reserved 323584K
  class space    used 494K, committed 576K, reserved 315392K
}
Event: 10.473 GC heap before
{Heap before GC invocations=2 (full 0):
 garbage-first heap   total 262144K, used 107709K [0x00000000e0000000, 0x0000000100000000)
  region size 1024K, 95 young (97280K), 1 survivors (1024K)
 Metaspace       used 17092K, committed 17344K, reserved 331776K
  class space    used 2454K, committed 2560K, reserved 315392K
}
Event: 10.485 GC heap after
{Heap after GC invocations=3 (full 0):
 garbage-first heap   total 262144K, used 20930K [0x00000000e0000000, 0x0000000100000000)
  region size 1024K, 11 young (11264K), 11 survivors (11264K)
 Metaspace       used 17092K, committed 17344K, reserved 331776K
  class space    used 2454K, committed 2560K, reserved 315392K
}
Event: 11.219 GC heap before
{Heap before GC invocations=3 (full 0):
 garbage-first heap   total 262144K, used 53698K [0x00000000e0000000, 0x0000000100000000)
  region size 1024K, 44 young (45056K), 11 survivors (11264K)
 Metaspace       used 21237K, committed 21504K, reserved 339968K
  class space    used 3104K, committed 3200K, reserved 315392K
}
Event: 11.225 GC heap after
{Heap after GC invocations=4 (full 0):
 garbage-first heap   total 262144K, used 23200K [0x00000000e0000000, 0x0000000100000000)
  region size 1024K, 13 young (13312K), 13 survivors (13312K)
 Metaspace       used 21237K, committed 21504K, reserved 339968K
  class space    used 3104K, committed 3200K, reserved 315392K
}
Event: 19.269 GC heap before
{Heap before GC invocations=5 (full 0):
 garbage-first heap   total 262144K, used 144032K [0x00000000e0000000, 0x0000000100000000)
  region size 1024K, 128 young (131072K), 13 survivors (13312K)
 Metaspace       used 35607K, committed 35968K, reserved 348160K
  class space    used 4959K, committed 5120K, reserved 315392K
}
Event: 19.287 GC heap after
{Heap after GC invocations=6 (full 0):
 garbage-first heap   total 262144K, used 32586K [0x00000000e0000000, 0x0000000100000000)
  region size 1024K, 12 young (12288K), 12 survivors (12288K)
 Metaspace       used 35607K, committed 35968K, reserved 348160K
  class space    used 4959K, committed 5120K, reserved 315392K
}
Event: 22.166 GC heap before
{Heap before GC invocations=7 (full 0):
 garbage-first heap   total 262144K, used 179018K [0x00000000e0000000, 0x0000000100000000)
  region size 1024K, 153 young (156672K), 12 survivors (12288K)
 Metaspace       used 48491K, committed 49024K, reserved 364544K
  class space    used 6968K, committed 7232K, reserved 315392K
}
Event: 22.188 GC heap after
{Heap after GC invocations=8 (full 0):
 garbage-first heap   total 262144K, used 41035K [0x00000000e0000000, 0x0000000100000000)
  region size 1024K, 18 young (18432K), 18 survivors (18432K)
 Metaspace       used 48491K, committed 49024K, reserved 364544K
  class space    used 6968K, committed 7232K, reserved 315392K
}
Event: 22.205 GC heap before
{Heap before GC invocations=8 (full 0):
 garbage-first heap   total 262144K, used 42059K [0x00000000e0000000, 0x0000000100000000)
  region size 1024K, 19 young (19456K), 18 survivors (18432K)
 Metaspace       used 48559K, committed 49088K, reserved 364544K
  class space    used 6983K, committed 7232K, reserved 315392K
}
Event: 22.226 GC heap after
{Heap after GC invocations=9 (full 0):
 garbage-first heap   total 262144K, used 42593K [0x00000000e0000000, 0x0000000100000000)
  region size 1024K, 3 young (3072K), 3 survivors (3072K)
 Metaspace       used 48559K, committed 49088K, reserved 364544K
  class space    used 6983K, committed 7232K, reserved 315392K
}

Deoptimization events (20 events):
Event: 25.311 Thread 0x000001ee37f34330 Uncommon trap: trap_request=0xffffff66 fr.pc=0x000001ee285c9fe8 relative=0x0000000000000448
Event: 25.311 Thread 0x000001ee37f34330 Uncommon trap: reason=speculate_class_check action=maybe_recompile pc=0x000001ee285c9fe8 method=jdk.internal.reflect.UnsafeObjectFieldAccessorImpl.get(Ljava/lang/Object;)Ljava/lang/Object; @ 13 c2
Event: 25.311 Thread 0x000001ee37f34330 DEOPT PACKING pc=0x000001ee285c9fe8 sp=0x00000062f3ef93b0
Event: 25.311 Thread 0x000001ee37f34330 DEOPT UNPACKING pc=0x000001ee20ad23a3 sp=0x00000062f3ef9288 mode 2
Event: 25.311 Thread 0x000001ee37f34330 Uncommon trap: trap_request=0xffffff66 fr.pc=0x000001ee285c9fe8 relative=0x0000000000000448
Event: 25.311 Thread 0x000001ee37f34330 Uncommon trap: reason=speculate_class_check action=maybe_recompile pc=0x000001ee285c9fe8 method=jdk.internal.reflect.UnsafeObjectFieldAccessorImpl.get(Ljava/lang/Object;)Ljava/lang/Object; @ 13 c2
Event: 25.311 Thread 0x000001ee37f34330 DEOPT PACKING pc=0x000001ee285c9fe8 sp=0x00000062f3ef93b0
Event: 25.311 Thread 0x000001ee37f34330 DEOPT UNPACKING pc=0x000001ee20ad23a3 sp=0x00000062f3ef9288 mode 2
Event: 25.323 Thread 0x000001ee37f34330 DEOPT PACKING pc=0x000001ee213eea5c sp=0x00000062f3ef7460
Event: 25.323 Thread 0x000001ee37f34330 DEOPT UNPACKING pc=0x000001ee20ad2b43 sp=0x00000062f3ef69e0 mode 0
Event: 25.354 Thread 0x000001ee37f34330 Uncommon trap: trap_request=0xffffff45 fr.pc=0x000001ee28588db0 relative=0x0000000000000190
Event: 25.354 Thread 0x000001ee37f34330 Uncommon trap: reason=unstable_if action=reinterpret pc=0x000001ee28588db0 method=java.lang.String.isLatin1()Z @ 10 c2
Event: 25.354 Thread 0x000001ee37f34330 DEOPT PACKING pc=0x000001ee28588db0 sp=0x00000062f3ef92d0
Event: 25.354 Thread 0x000001ee37f34330 DEOPT UNPACKING pc=0x000001ee20ad23a3 sp=0x00000062f3ef9210 mode 2
Event: 25.812 Thread 0x000001ee37f34330 Uncommon trap: trap_request=0xffffff45 fr.pc=0x000001ee285e801c relative=0x000000000000009c
Event: 25.812 Thread 0x000001ee37f34330 Uncommon trap: reason=unstable_if action=reinterpret pc=0x000001ee285e801c method=io.spring.gradle.dependencymanagement.org.apache.maven.model.validation.DefaultModelValidator.isValidIdCharacter(C)Z @ 51 c2
Event: 25.812 Thread 0x000001ee37f34330 DEOPT PACKING pc=0x000001ee285e801c sp=0x00000062f3ef9280
Event: 25.812 Thread 0x000001ee37f34330 DEOPT UNPACKING pc=0x000001ee20ad23a3 sp=0x00000062f3ef9218 mode 2
Event: 26.254 Thread 0x000001ee37f34330 DEOPT PACKING pc=0x000001ee21ab1d6a sp=0x00000062f3ef8270
Event: 26.254 Thread 0x000001ee37f34330 DEOPT UNPACKING pc=0x000001ee20ad2b43 sp=0x00000062f3ef7780 mode 0

Classes unloaded (0 events):
No events

Classes redefined (0 events):
No events

Internal exceptions (20 events):
Event: 22.412 Thread 0x000001ee37f35670 Exception <a 'java/lang/NoSuchMethodError'{0x00000000ef2abc98}: 'void java.lang.invoke.DirectMethodHandle$Holder.invokeSpecial(java.lang.Object, java.lang.Object, java.lang.Object, java.lang.Object, int, java.lang.Object, java.lang.Object)'> (0x00000000ef2abc98) 
thrown [t:\workspace\open\src\hotspot\share\interpreter\linkResolver.cpp, line 766]
Event: 22.428 Thread 0x000001ee37f34330 Exception <a 'java/lang/NoSuchMethodError'{0x00000000ef3d5ae0}: 'void java.lang.invoke.DirectMethodHandle$Holder.invokeInterface(java.lang.Object, java.lang.Object, java.lang.Object, java.lang.Object)'> (0x00000000ef3d5ae0) 
thrown [t:\workspace\open\src\hotspot\share\interpreter\linkResolver.cpp, line 766]
Event: 22.540 Thread 0x000001ee34b06f00 Exception <a 'java/lang/NoSuchMethodError'{0x00000000eef8fbd0}: static Lorg/gradle/internal/build/event/types/DefaultTaskStartedProgressEvent;.<clinit>()V> (0x00000000eef8fbd0) 
thrown [t:\workspace\open\src\hotspot\share\prims\jni.cpp, line 1107]
Event: 22.542 Thread 0x000001ee34b06f00 Exception <a 'java/lang/NoSuchMethodError'{0x00000000eef91c38}: static Lorg/gradle/internal/build/event/types/AbstractProgressEvent;.<clinit>()V> (0x00000000eef91c38) 
thrown [t:\workspace\open\src\hotspot\share\prims\jni.cpp, line 1107]
Event: 22.545 Thread 0x000001ee34b06f00 Exception <a 'java/lang/NoSuchMethodError'{0x00000000eef9c268}: static Lorg/gradle/internal/build/event/types/DefaultTaskDescriptor;.<clinit>()V> (0x00000000eef9c268) 
thrown [t:\workspace\open\src\hotspot\share\prims\jni.cpp, line 1107]
Event: 22.577 Thread 0x000001ee34b06f00 Exception <a 'java/lang/NoSuchMethodError'{0x00000000eefbe340}: static Lorg/gradle/internal/operations/OperationIdentifier;.<clinit>()V> (0x00000000eefbe340) 
thrown [t:\workspace\open\src\hotspot\share\prims\jni.cpp, line 1107]
Event: 22.579 Thread 0x000001ee34b06f00 Exception <a 'java/lang/NoSuchMethodError'{0x00000000eefc6388}: static Lorg/gradle/internal/build/event/types/DefaultBinaryPluginIdentifier;.<clinit>()V> (0x00000000eefc6388) 
thrown [t:\workspace\open\src\hotspot\share\prims\jni.cpp, line 1107]
Event: 22.994 Thread 0x000001ee37f34330 Exception <a 'java/lang/IncompatibleClassChangeError'{0x00000000eea35318}: Found class java.lang.Object, but interface was expected> (0x00000000eea35318) 
thrown [t:\workspace\open\src\hotspot\share\interpreter\linkResolver.cpp, line 833]
Event: 23.001 Thread 0x000001ee37f34330 Exception <a 'java/lang/NoSuchMethodError'{0x00000000eea47830}: static Ljava/lang/Object;.<clinit>()V> (0x00000000eea47830) 
thrown [t:\workspace\open\src\hotspot\share\prims\jni.cpp, line 1107]
Event: 23.082 Thread 0x000001ee3679be50 Exception <a 'java/lang/NoSuchMethodError'{0x00000000ee949dc8}: 'void java.lang.invoke.DirectMethodHandle$Holder.invokeSpecial(java.lang.Object, java.lang.Object, java.lang.Object, int)'> (0x00000000ee949dc8) 
thrown [t:\workspace\open\src\hotspot\share\interpreter\linkResolver.cpp, line 766]
Event: 23.100 Thread 0x000001ee3679be50 Exception <a 'java/lang/NoSuchMethodError'{0x00000000ee975628}: static Lorg/gradle/launcher/daemon/protocol/Command;.<clinit>()V> (0x00000000ee975628) 
thrown [t:\workspace\open\src\hotspot\share\prims\jni.cpp, line 1107]
Event: 23.103 Thread 0x000001ee3679be50 Exception <a 'java/lang/NoSuchMethodError'{0x00000000ee97d8b0}: static Lorg/gradle/launcher/daemon/protocol/InvalidateVirtualFileSystemAfterChange;.<clinit>()V> (0x00000000ee97d8b0) 
thrown [t:\workspace\open\src\hotspot\share\prims\jni.cpp, line 1107]
Event: 23.598 Thread 0x000001ee37f34330 Exception <a 'java/lang/ClassNotFoundException'{0x00000000edaa4fd0}: org/gradle/api/internal/plugins/NaggingBasePluginConventionBeanInfo> (0x00000000edaa4fd0) 
thrown [t:\workspace\open\src\hotspot\share\classfile\systemDictionary.cpp, line 256]
Event: 23.600 Thread 0x000001ee37f34330 Exception <a 'java/lang/ClassNotFoundException'{0x00000000edab3190}: org/gradle/api/plugins/BasePluginConventionBeanInfo> (0x00000000edab3190) 
thrown [t:\workspace\open\src\hotspot\share\classfile\systemDictionary.cpp, line 256]
Event: 23.605 Thread 0x000001ee37f34330 Exception <a 'java/lang/ClassNotFoundException'{0x00000000edac1318}: org/gradle/api/plugins/BasePluginConventionCustomizer> (0x00000000edac1318) 
thrown [t:\workspace\open\src\hotspot\share\classfile\systemDictionary.cpp, line 256]
Event: 23.610 Thread 0x000001ee37f34330 Exception <a 'java/lang/ClassNotFoundException'{0x00000000edad9d68}: org/gradle/api/internal/plugins/NaggingBasePluginConventionCustomizer> (0x00000000edad9d68) 
thrown [t:\workspace\open\src\hotspot\share\classfile\systemDictionary.cpp, line 256]
Event: 23.622 Thread 0x000001ee37f34330 Exception <a 'java/lang/ClassNotFoundException'{0x00000000ed91ed58}: org/gradle/api/plugins/internal/NaggingJavaPluginConventionBeanInfo> (0x00000000ed91ed58) 
thrown [t:\workspace\open\src\hotspot\share\classfile\systemDictionary.cpp, line 256]
Event: 23.625 Thread 0x000001ee37f34330 Exception <a 'java/lang/ClassNotFoundException'{0x00000000ed92cf18}: org/gradle/api/plugins/JavaPluginConventionBeanInfo> (0x00000000ed92cf18) 
thrown [t:\workspace\open\src\hotspot\share\classfile\systemDictionary.cpp, line 256]
Event: 23.627 Thread 0x000001ee37f34330 Exception <a 'java/lang/ClassNotFoundException'{0x00000000ed93b0a0}: org/gradle/api/plugins/JavaPluginConventionCustomizer> (0x00000000ed93b0a0) 
thrown [t:\workspace\open\src\hotspot\share\classfile\systemDictionary.cpp, line 256]
Event: 23.629 Thread 0x000001ee37f34330 Exception <a 'java/lang/ClassNotFoundException'{0x00000000ed95d798}: org/gradle/api/plugins/internal/NaggingJavaPluginConventionCustomizer> (0x00000000ed95d798) 
thrown [t:\workspace\open\src\hotspot\share\classfile\systemDictionary.cpp, line 256]

VM Operations (20 events):
Event: 22.602 Executing VM operation: HandshakeAllThreads
Event: 22.602 Executing VM operation: HandshakeAllThreads done
Event: 22.628 Executing VM operation: HandshakeAllThreads
Event: 22.628 Executing VM operation: HandshakeAllThreads done
Event: 22.735 Executing VM operation: ICBufferFull
Event: 22.736 Executing VM operation: ICBufferFull done
Event: 22.892 Executing VM operation: ICBufferFull
Event: 22.892 Executing VM operation: ICBufferFull done
Event: 22.938 Executing VM operation: ICBufferFull
Event: 22.938 Executing VM operation: ICBufferFull done
Event: 23.939 Executing VM operation: Cleanup
Event: 23.939 Executing VM operation: Cleanup done
Event: 24.779 Executing VM operation: HandshakeAllThreads
Event: 24.779 Executing VM operation: HandshakeAllThreads done
Event: 25.176 Executing VM operation: ICBufferFull
Event: 25.176 Executing VM operation: ICBufferFull done
Event: 25.905 Executing VM operation: ICBufferFull
Event: 25.925 Executing VM operation: ICBufferFull done
Event: 26.679 Executing VM operation: HandshakeAllThreads
Event: 26.680 Executing VM operation: HandshakeAllThreads done

Events (20 events):
Event: 25.365 Thread 0x000001ee395afcc0 Thread added: 0x000001ee395afcc0
Event: 25.378 Thread 0x000001ee395b31b0 Thread added: 0x000001ee395b31b0
Event: 25.399 Thread 0x000001ee395b2810 Thread added: 0x000001ee395b2810
Event: 25.411 Thread 0x000001ee395ad640 Thread added: 0x000001ee395ad640
Event: 25.427 Thread 0x000001ee395b2340 Thread added: 0x000001ee395b2340
Event: 25.450 Thread 0x000001ee395b44f0 Thread added: 0x000001ee395b44f0
Event: 25.462 Thread 0x000001ee395b0b30 Thread added: 0x000001ee395b0b30
Event: 25.478 Thread 0x000001ee395b4020 Thread added: 0x000001ee395b4020
Event: 25.490 Thread 0x000001ee395b3680 Thread added: 0x000001ee395b3680
Event: 25.506 Thread 0x000001ee395b0190 Thread added: 0x000001ee395b0190
Event: 25.523 Thread 0x000001ee395b3b50 Thread added: 0x000001ee395b3b50
Event: 25.555 Thread 0x000001ee395b49c0 Thread added: 0x000001ee395b49c0
Event: 25.569 Thread 0x000001ee395b19a0 Thread added: 0x000001ee395b19a0
Event: 25.585 Thread 0x000001ee395adb10 Thread added: 0x000001ee395adb10
Event: 25.600 Thread 0x000001ee395adfe0 Thread added: 0x000001ee395adfe0
Event: 25.622 Thread 0x000001ee395ae980 Thread added: 0x000001ee395ae980
Event: 25.644 Thread 0x000001ee395af7f0 Thread added: 0x000001ee395af7f0
Event: 25.694 Thread 0x000001ee395aee50 Thread added: 0x000001ee395aee50
Event: 25.727 Thread 0x000001ee395af320 Thread added: 0x000001ee395af320
Event: 25.802 Thread 0x000001ee395b0660 Thread added: 0x000001ee395b0660


Dynamic libraries:
0x00007ff6c18f0000 - 0x00007ff6c18fe000 	C:\Program Files (x86)\openjdk-17+35_windows-x64_bin\jdk-17\bin\java.exe
0x00007ffa8f090000 - 0x00007ffa8f2a7000 	C:\WINDOWS\SYSTEM32\ntdll.dll
0x00007ffa8d2a0000 - 0x00007ffa8d364000 	C:\WINDOWS\System32\KERNEL32.DLL
0x00007ffa8c6b0000 - 0x00007ffa8ca57000 	C:\WINDOWS\System32\KERNELBASE.dll
0x00007ffa8cc70000 - 0x00007ffa8cd81000 	C:\WINDOWS\System32\ucrtbase.dll
0x00007ffa851f0000 - 0x00007ffa8520a000 	C:\Program Files (x86)\openjdk-17+35_windows-x64_bin\jdk-17\bin\VCRUNTIME140.dll
0x00007ffa6dfa0000 - 0x00007ffa6dfb8000 	C:\Program Files (x86)\openjdk-17+35_windows-x64_bin\jdk-17\bin\jli.dll
0x00007ffa68ce0000 - 0x00007ffa68f73000 	C:\WINDOWS\WinSxS\amd64_microsoft.windows.common-controls_6595b64144ccf1df_6.0.22621.3527_none_270e469b73872a76\COMCTL32.dll
0x00007ffa8cfb0000 - 0x00007ffa8d057000 	C:\WINDOWS\System32\msvcrt.dll
0x00007ffa8d060000 - 0x00007ffa8d089000 	C:\WINDOWS\System32\GDI32.dll
0x00007ffa8c520000 - 0x00007ffa8c546000 	C:\WINDOWS\System32\win32u.dll
0x00007ffa8ca60000 - 0x00007ffa8cb79000 	C:\WINDOWS\System32\gdi32full.dll
0x00007ffa8c610000 - 0x00007ffa8c6aa000 	C:\WINDOWS\System32\msvcp_win.dll
0x00007ffa8d5b0000 - 0x00007ffa8d75e000 	C:\WINDOWS\System32\USER32.dll
0x00007ffa8d490000 - 0x00007ffa8d4c1000 	C:\WINDOWS\System32\IMM32.DLL
0x00007ffa85920000 - 0x00007ffa8592c000 	C:\Program Files (x86)\openjdk-17+35_windows-x64_bin\jdk-17\bin\vcruntime140_1.dll
0x00007ffa2ca20000 - 0x00007ffa2caad000 	C:\Program Files (x86)\openjdk-17+35_windows-x64_bin\jdk-17\bin\msvcp140.dll
0x00007ffa0c770000 - 0x00007ffa0d32e000 	C:\Program Files (x86)\openjdk-17+35_windows-x64_bin\jdk-17\bin\server\jvm.dll
0x00007ffa8d370000 - 0x00007ffa8d422000 	C:\WINDOWS\System32\ADVAPI32.dll
0x00007ffa8d090000 - 0x00007ffa8d138000 	C:\WINDOWS\System32\sechost.dll
0x00007ffa8cd90000 - 0x00007ffa8cdb8000 	C:\WINDOWS\System32\bcrypt.dll
0x00007ffa8dc60000 - 0x00007ffa8dd75000 	C:\WINDOWS\System32\RPCRT4.dll
0x00007ffa8f030000 - 0x00007ffa8f038000 	C:\WINDOWS\System32\PSAPI.DLL
0x00007ffa82df0000 - 0x00007ffa82df9000 	C:\WINDOWS\SYSTEM32\WSOCK32.dll
0x00007ffa8d760000 - 0x00007ffa8d7d1000 	C:\WINDOWS\System32\WS2_32.dll
0x00007ffa81ba0000 - 0x00007ffa81bd4000 	C:\WINDOWS\SYSTEM32\WINMM.dll
0x00007ffa81170000 - 0x00007ffa8117a000 	C:\WINDOWS\SYSTEM32\VERSION.dll
0x00007ffa8b480000 - 0x00007ffa8b498000 	C:\WINDOWS\SYSTEM32\kernel.appcore.dll
0x00007ffa82930000 - 0x00007ffa8293a000 	C:\Program Files (x86)\openjdk-17+35_windows-x64_bin\jdk-17\bin\jimage.dll
0x00007ffa86720000 - 0x00007ffa86952000 	C:\WINDOWS\SYSTEM32\DBGHELP.DLL
0x00007ffa8eac0000 - 0x00007ffa8ee48000 	C:\WINDOWS\System32\combase.dll
0x00007ffa8e9e0000 - 0x00007ffa8eab7000 	C:\WINDOWS\System32\OLEAUT32.dll
0x00007ffa64c50000 - 0x00007ffa64c82000 	C:\WINDOWS\SYSTEM32\dbgcore.DLL
0x00007ffa8cbf0000 - 0x00007ffa8cc69000 	C:\WINDOWS\System32\bcryptPrimitives.dll
0x00007ffa82a80000 - 0x00007ffa82a8e000 	C:\Program Files (x86)\openjdk-17+35_windows-x64_bin\jdk-17\bin\instrument.dll
0x00007ffa67a80000 - 0x00007ffa67aa5000 	C:\Program Files (x86)\openjdk-17+35_windows-x64_bin\jdk-17\bin\java.dll
0x00007ffa0d370000 - 0x00007ffa0d446000 	C:\Program Files (x86)\openjdk-17+35_windows-x64_bin\jdk-17\bin\svml.dll
0x00007ffa8dd80000 - 0x00007ffa8e5dc000 	C:\WINDOWS\System32\SHELL32.dll
0x00007ffa8a2b0000 - 0x00007ffa8aba6000 	C:\WINDOWS\SYSTEM32\windows.storage.dll
0x00007ffa8a170000 - 0x00007ffa8a2ae000 	C:\WINDOWS\SYSTEM32\wintypes.dll
0x00007ffa8ef00000 - 0x00007ffa8eff5000 	C:\WINDOWS\System32\SHCORE.dll
0x00007ffa8e7b0000 - 0x00007ffa8e80e000 	C:\WINDOWS\System32\shlwapi.dll
0x00007ffa8c2e0000 - 0x00007ffa8c301000 	C:\WINDOWS\SYSTEM32\profapi.dll
0x00007ffa67a60000 - 0x00007ffa67a78000 	C:\Program Files (x86)\openjdk-17+35_windows-x64_bin\jdk-17\bin\zip.dll
0x00007ffa65100000 - 0x00007ffa65119000 	C:\Program Files (x86)\openjdk-17+35_windows-x64_bin\jdk-17\bin\net.dll
0x00007ffa823d0000 - 0x00007ffa82506000 	C:\WINDOWS\SYSTEM32\WINHTTP.dll
0x00007ffa8b8e0000 - 0x00007ffa8b949000 	C:\WINDOWS\system32\mswsock.dll
0x00007ffa650e0000 - 0x00007ffa650f5000 	C:\Program Files (x86)\openjdk-17+35_windows-x64_bin\jdk-17\bin\nio.dll
0x00007ffa6f210000 - 0x00007ffa6f220000 	C:\Program Files (x86)\openjdk-17+35_windows-x64_bin\jdk-17\bin\verify.dll
0x00007ffa81dd0000 - 0x00007ffa81df7000 	C:\Users\qorhk\.gradle\native\c067742578af261105cb4f569cf0c3c89f3d7b1fecec35dd04571415982c5e48\windows-amd64\native-platform.dll
0x00007ffa49cb0000 - 0x00007ffa49df4000 	C:\Users\qorhk\.gradle\native\38dada09dfb8b06ba9b0570ebf7e218e3eb74d4ef43ca46872605cf95ebc2f47\windows-amd64\native-platform-file-events.dll
0x00007ffa82920000 - 0x00007ffa82929000 	C:\Program Files (x86)\openjdk-17+35_windows-x64_bin\jdk-17\bin\management.dll
0x00007ffa82210000 - 0x00007ffa8221b000 	C:\Program Files (x86)\openjdk-17+35_windows-x64_bin\jdk-17\bin\management_ext.dll
0x00007ffa8bb80000 - 0x00007ffa8bb9b000 	C:\WINDOWS\SYSTEM32\CRYPTSP.dll
0x00007ffa8b3e0000 - 0x00007ffa8b415000 	C:\WINDOWS\system32\rsaenh.dll
0x00007ffa8b980000 - 0x00007ffa8b9a8000 	C:\WINDOWS\SYSTEM32\USERENV.dll
0x00007ffa8bae0000 - 0x00007ffa8baec000 	C:\WINDOWS\SYSTEM32\CRYPTBASE.dll
0x00007ffa8ae80000 - 0x00007ffa8aead000 	C:\WINDOWS\SYSTEM32\IPHLPAPI.DLL
0x00007ffa8e810000 - 0x00007ffa8e819000 	C:\WINDOWS\System32\NSI.dll
0x00007ffa82690000 - 0x00007ffa826a9000 	C:\WINDOWS\SYSTEM32\dhcpcsvc6.DLL
0x00007ffa82160000 - 0x00007ffa8217f000 	C:\WINDOWS\SYSTEM32\dhcpcsvc.DLL
0x00007ffa8aef0000 - 0x00007ffa8afe8000 	C:\WINDOWS\SYSTEM32\DNSAPI.dll
0x00007ffa81610000 - 0x00007ffa8161e000 	C:\Program Files (x86)\openjdk-17+35_windows-x64_bin\jdk-17\bin\sunmscapi.dll
0x00007ffa8c3b0000 - 0x00007ffa8c518000 	C:\WINDOWS\System32\CRYPT32.dll
0x00007ffa8bd50000 - 0x00007ffa8bd7e000 	C:\WINDOWS\SYSTEM32\ncrypt.dll
0x00007ffa8bd10000 - 0x00007ffa8bd47000 	C:\WINDOWS\SYSTEM32\NTASN1.dll
0x00007ffa692d0000 - 0x00007ffa692d8000 	C:\WINDOWS\system32\wshunix.dll

dbghelp: loaded successfully - version: 4.0.5 - missing functions: none
symbol engine: initialized successfully - sym options: 0x614 - pdb path: .;C:\Program Files (x86)\openjdk-17+35_windows-x64_bin\jdk-17\bin;C:\WINDOWS\SYSTEM32;C:\WINDOWS\WinSxS\amd64_microsoft.windows.common-controls_6595b64144ccf1df_6.0.22621.3527_none_270e469b73872a76;C:\Program Files (x86)\openjdk-17+35_windows-x64_bin\jdk-17\bin\server;C:\Users\qorhk\.gradle\native\c067742578af261105cb4f569cf0c3c89f3d7b1fecec35dd04571415982c5e48\windows-amd64;C:\Users\qorhk\.gradle\native\38dada09dfb8b06ba9b0570ebf7e218e3eb74d4ef43ca46872605cf95ebc2f47\windows-amd64

VM Arguments:
jvm_args: --add-opens=java.base/java.util=ALL-UNNAMED --add-opens=java.base/java.lang=ALL-UNNAMED --add-opens=java.base/java.lang.invoke=ALL-UNNAMED --add-opens=java.prefs/java.util.prefs=ALL-UNNAMED --add-opens=java.base/java.nio.charset=ALL-UNNAMED --add-opens=java.base/java.net=ALL-UNNAMED --add-opens=java.base/java.util.concurrent.atomic=ALL-UNNAMED -XX:MaxMetaspaceSize=384m -XX:+HeapDumpOnOutOfMemoryError -Xms256m -Xmx512m -Dfile.encoding=x-windows-949 -Duser.country=KR -Duser.language=ko -Duser.variant -javaagent:C:\Users\qorhk\.gradle\wrapper\dists\gradle-8.7-bin\bhs2wmbdwecv87pi65oeuq5iu\gradle-8.7\lib\agents\gradle-instrumentation-agent-8.7.jar 
java_command: org.gradle.launcher.daemon.bootstrap.GradleDaemon 8.7
java_class_path (initial): C:\Users\qorhk\.gradle\wrapper\dists\gradle-8.7-bin\bhs2wmbdwecv87pi65oeuq5iu\gradle-8.7\lib\gradle-launcher-8.7.jar
Launcher Type: SUN_STANDARD

[Global flags]
     intx CICompilerCount                          = 4                                         {product} {ergonomic}
   size_t CompressedClassSpaceSize                 = 322961408                                 {product} {ergonomic}
     uint ConcGCThreads                            = 2                                         {product} {ergonomic}
     uint G1ConcRefinementThreads                  = 8                                         {product} {ergonomic}
   size_t G1HeapRegionSize                         = 1048576                                   {product} {ergonomic}
    uintx GCDrainStackTargetSize                   = 64                                        {product} {ergonomic}
     bool HeapDumpOnOutOfMemoryError               = true                                   {manageable} {command line}
   size_t InitialHeapSize                          = 268435456                                 {product} {command line}
   size_t MarkStackSize                            = 4194304                                   {product} {ergonomic}
   size_t MaxHeapSize                              = 536870912                                 {product} {command line}
   size_t MaxMetaspaceSize                         = 402653184                                 {product} {command line}
   size_t MaxNewSize                               = 321912832                                 {product} {ergonomic}
   size_t MinHeapDeltaBytes                        = 1048576                                   {product} {ergonomic}
   size_t MinHeapSize                              = 268435456                                 {product} {command line}
    uintx NonNMethodCodeHeapSize                   = 5839372                                {pd product} {ergonomic}
    uintx NonProfiledCodeHeapSize                  = 122909434                              {pd product} {ergonomic}
    uintx ProfiledCodeHeapSize                     = 122909434                              {pd product} {ergonomic}
    uintx ReservedCodeCacheSize                    = 251658240                              {pd product} {ergonomic}
     bool SegmentedCodeCache                       = true                                      {product} {ergonomic}
   size_t SoftMaxHeapSize                          = 536870912                              {manageable} {ergonomic}
     bool UseCompressedClassPointers               = true                           {product lp64_product} {ergonomic}
     bool UseCompressedOops                        = true                           {product lp64_product} {ergonomic}
     bool UseG1GC                                  = true                                      {product} {ergonomic}
     bool UseLargePagesIndividualAllocation        = false                                  {pd product} {ergonomic}

Logging:
Log output configuration:
 #0: stdout all=warning uptime,level,tags
 #1: stderr all=off uptime,level,tags

Environment Variables:
JAVA_HOME=C:\Program Files (x86)\openjdk-17+35_windows-x64_bin\jdk-17
PATH=C:\WINDOWS\system32;C:\WINDOWS;C:\WINDOWS\System32\Wbem;C:\WINDOWS\System32\WindowsPowerShell\v1.0\;C:\WINDOWS\System32\OpenSSH\;C:\Program Files\Bandizip\;C:\Program Files\Git\cmd;C:\Program Files (x86)\openjdk-17+35_windows-x64_bin\jdk-17\bin;C:\Program Files\MySQL\MySQL Server 8.0\bin;C:\Program Files\Docker\Docker\resources\bin;C:\ProgramData\chocolatey\bin;C:\Program Files\nodejs\;C:\Users\qorhk\anaconda3;C:\Users\qorhk\anaconda3\Scripts;C:\Users\qorhk\anaconda3\Library\bin;C:\Users\qorhk\anaconda3\Library\mingw-w64\bin;C:\Users\qorhk\AppData\Local\Microsoft\WindowsApps;;C:\Program Files\JetBrains\IntelliJ IDEA 2023.3.4\bin;;C:\Users\qorhk\AppData\Roaming\npm;C:\Users\qorhk\AppData\Local\Programs\Microsoft VS Code\bin
USERNAME=qorhk
OS=Windows_NT
PROCESSOR_IDENTIFIER=Intel64 Family 6 Model 142 Stepping 12, GenuineIntel



---------------  S Y S T E M  ---------------

OS:
 Windows 10 , 64 bit Build 22621 (10.0.22621.3527)
OS uptime: 1 days 0:29 hours
Hyper-V role detected

CPU: total 8 (initial active 8) (4 cores per cpu, 2 threads per core) family 6 model 142 stepping 12 microcode 0xde, cx8, cmov, fxsr, ht, mmx, 3dnowpref, sse, sse2, sse3, ssse3, sse4.1, sse4.2, popcnt, lzcnt, tsc, tscinvbit, avx, avx2, aes, erms, clmul, bmi1, bmi2, adx, fma, vzeroupper, clflush, clflushopt, hv

Memory: 4k page, system-wide physical 12101M (289M free)
TotalPageFile size 27199M (AvailPageFile size 5M)
current process WorkingSet (physical memory assigned to process): 394M, peak: 394M
current process commit charge ("private bytes"): 483M, peak: 484M

vm_info: OpenJDK 64-Bit Server VM (17+35-2724) for windows-amd64 JRE (17+35-2724), built on Aug  5 2021 23:26:02 by "mach5one" with MS VC++ 16.8 (VS2019)

END.
